{"C:\\Users\\janka\\Desktop\\kodai\\scango\\frontend\\App.js": {"path":"C:\\Users\\janka\\Desktop\\kodai\\scango\\frontend\\App.js","statementMap":{"0":{"start":{"line":17,"column":14},"end":{"line":17,"column":36}},"1":{"start":{"line":20,"column":34},"end":{"line":20,"column":48}},"2":{"start":{"line":23,"column":21},"end":{"line":25,"column":3}},"3":{"start":{"line":24,"column":4},"end":{"line":24,"column":26}},"4":{"start":{"line":26,"column":2},"end":{"line":52,"column":3}},"5":{"start":{"line":39,"column":34},"end":{"line":39,"column":84}},"6":{"start":{"line":43,"column":19},"end":{"line":43,"column":49}}},"fnMap":{"0":{"name":"App","decl":{"start":{"line":19,"column":24},"end":{"line":19,"column":27}},"loc":{"start":{"line":19,"column":30},"end":{"line":53,"column":1}},"line":19},"1":{"name":"(anonymous_1)","decl":{"start":{"line":23,"column":21},"end":{"line":23,"column":22}},"loc":{"start":{"line":23,"column":35},"end":{"line":25,"column":3}},"line":23},"2":{"name":"(anonymous_2)","decl":{"start":{"line":39,"column":23},"end":{"line":39,"column":24}},"loc":{"start":{"line":39,"column":34},"end":{"line":39,"column":84}},"line":39},"3":{"name":"(anonymous_3)","decl":{"start":{"line":43,"column":13},"end":{"line":43,"column":14}},"loc":{"start":{"line":43,"column":19},"end":{"line":43,"column":49}},"line":43}},"branchMap":{},"s":{"0":1,"1":1,"2":1,"3":0,"4":1,"5":0,"6":0},"f":{"0":1,"1":0,"2":0,"3":0},"b":{},"_coverageSchema":"1a1c01bbd47fc00a2c39e90264f33305004495a9","hash":"7b75b36c7574ed556c0f549fad15898f9a5b134b"}
,"C:\\Users\\janka\\Desktop\\kodai\\scango\\frontend\\src\\assets\\Logo cropped.png": {"path":"C:\\Users\\janka\\Desktop\\kodai\\scango\\frontend\\src\\assets\\Logo cropped.png","statementMap":{"0":{"start":{"line":1,"column":0},"end":{"line":1,"column":19}}},"fnMap":{},"branchMap":{},"s":{"0":1},"f":{},"b":{},"_coverageSchema":"1a1c01bbd47fc00a2c39e90264f33305004495a9","hash":"ce90451183d6788d398965ba96fc6d542aef63ac"}
,"C:\\Users\\janka\\Desktop\\kodai\\scango\\frontend\\src\\assets\\arrow_back.png": {"path":"C:\\Users\\janka\\Desktop\\kodai\\scango\\frontend\\src\\assets\\arrow_back.png","statementMap":{"0":{"start":{"line":1,"column":0},"end":{"line":1,"column":19}}},"fnMap":{},"branchMap":{},"s":{"0":1},"f":{},"b":{},"_coverageSchema":"1a1c01bbd47fc00a2c39e90264f33305004495a9","hash":"4f39587dc2e9c1e50a9be8dfb74ed184c1f9dde9"}
,"C:\\Users\\janka\\Desktop\\kodai\\scango\\frontend\\src\\assets\\background_dot.png": {"path":"C:\\Users\\janka\\Desktop\\kodai\\scango\\frontend\\src\\assets\\background_dot.png","statementMap":{"0":{"start":{"line":1,"column":0},"end":{"line":1,"column":19}}},"fnMap":{},"branchMap":{},"s":{"0":1},"f":{},"b":{},"_coverageSchema":"1a1c01bbd47fc00a2c39e90264f33305004495a9","hash":"7145dce7483d128693ee980777ba2d179971561f"}
,"C:\\Users\\janka\\Desktop\\kodai\\scango\\frontend\\src\\components\\BackButton.js": {"path":"C:\\Users\\janka\\Desktop\\kodai\\scango\\frontend\\src\\components\\BackButton.js","statementMap":{"0":{"start":{"line":6,"column":2},"end":{"line":13,"column":3}},"1":{"start":{"line":16,"column":15},"end":{"line":26,"column":2}}},"fnMap":{"0":{"name":"BackButton","decl":{"start":{"line":5,"column":24},"end":{"line":5,"column":34}},"loc":{"start":{"line":5,"column":47},"end":{"line":14,"column":1}},"line":5}},"branchMap":{},"s":{"0":1,"1":2},"f":{"0":1},"b":{},"_coverageSchema":"1a1c01bbd47fc00a2c39e90264f33305004495a9","hash":"75a2aa98e549ddf84e799132e58e195a09f4ceca"}
,"C:\\Users\\janka\\Desktop\\kodai\\scango\\frontend\\src\\components\\Background.js": {"path":"C:\\Users\\janka\\Desktop\\kodai\\scango\\frontend\\src\\components\\Background.js","statementMap":{"0":{"start":{"line":6,"column":2},"end":{"line":16,"column":3}},"1":{"start":{"line":19,"column":15},"end":{"line":30,"column":2}}},"fnMap":{"0":{"name":"Background","decl":{"start":{"line":5,"column":24},"end":{"line":5,"column":34}},"loc":{"start":{"line":5,"column":49},"end":{"line":17,"column":1}},"line":5}},"branchMap":{},"s":{"0":1,"1":2},"f":{"0":1},"b":{},"_coverageSchema":"1a1c01bbd47fc00a2c39e90264f33305004495a9","hash":"10720a92dbf828738c5af4f289553c3eabe7a0b2"}
,"C:\\Users\\janka\\Desktop\\kodai\\scango\\frontend\\src\\components\\Button.js": {"path":"C:\\Users\\janka\\Desktop\\kodai\\scango\\frontend\\src\\components\\Button.js","statementMap":{"0":{"start":{"line":7,"column":2},"end":{"line":18,"column":3}},"1":{"start":{"line":21,"column":15},"end":{"line":32,"column":2}}},"fnMap":{"0":{"name":"Button","decl":{"start":{"line":6,"column":24},"end":{"line":6,"column":30}},"loc":{"start":{"line":6,"column":58},"end":{"line":19,"column":1}},"line":6}},"branchMap":{"0":{"loc":{"start":{"line":11,"column":8},"end":{"line":11,"column":72}},"type":"binary-expr","locations":[{"start":{"line":11,"column":8},"end":{"line":11,"column":27}},{"start":{"line":11,"column":31},"end":{"line":11,"column":72}}],"line":11}},"s":{"0":3,"1":3},"f":{"0":3},"b":{"0":[3,1]},"_coverageSchema":"1a1c01bbd47fc00a2c39e90264f33305004495a9","hash":"0bcf87208b04019401f594ba00dc9dec9bc0b5d4"}
,"C:\\Users\\janka\\Desktop\\kodai\\scango\\frontend\\src\\components\\Header.js": {"path":"C:\\Users\\janka\\Desktop\\kodai\\scango\\frontend\\src\\components\\Header.js","statementMap":{"0":{"start":{"line":7,"column":2},"end":{"line":7,"column":50}},"1":{"start":{"line":10,"column":15},"end":{"line":17,"column":2}}},"fnMap":{"0":{"name":"Header","decl":{"start":{"line":6,"column":24},"end":{"line":6,"column":30}},"loc":{"start":{"line":6,"column":38},"end":{"line":8,"column":1}},"line":6}},"branchMap":{},"s":{"0":0,"1":1},"f":{"0":0},"b":{},"_coverageSchema":"1a1c01bbd47fc00a2c39e90264f33305004495a9","hash":"7875a9abe4c2aeba2148a22b397919c08dfb6d5a"}
,"C:\\Users\\janka\\Desktop\\kodai\\scango\\frontend\\src\\components\\Logo.js": {"path":"C:\\Users\\janka\\Desktop\\kodai\\scango\\frontend\\src\\components\\Logo.js","statementMap":{"0":{"start":{"line":5,"column":2},"end":{"line":5,"column":86}},"1":{"start":{"line":8,"column":15},"end":{"line":14,"column":2}}},"fnMap":{"0":{"name":"Logo","decl":{"start":{"line":4,"column":24},"end":{"line":4,"column":28}},"loc":{"start":{"line":4,"column":31},"end":{"line":6,"column":1}},"line":4}},"branchMap":{},"s":{"0":1,"1":1},"f":{"0":1},"b":{},"_coverageSchema":"1a1c01bbd47fc00a2c39e90264f33305004495a9","hash":"131fda4cce13413a594db3bcc4539ec9b5a97335"}
,"C:\\Users\\janka\\Desktop\\kodai\\scango\\frontend\\src\\components\\NavBar.js": {"path":"C:\\Users\\janka\\Desktop\\kodai\\scango\\frontend\\src\\components\\NavBar.js","statementMap":{"0":{"start":{"line":12,"column":12},"end":{"line":12,"column":38}},"1":{"start":{"line":14,"column":21},"end":{"line":14,"column":31}},"2":{"start":{"line":15,"column":26},"end":{"line":15,"column":41}},"3":{"start":{"line":16,"column":16},"end":{"line":16,"column":21}},"4":{"start":{"line":18,"column":16},"end":{"line":18,"column":21}},"5":{"start":{"line":19,"column":23},"end":{"line":19,"column":36}},"6":{"start":{"line":20,"column":17},"end":{"line":20,"column":23}},"7":{"start":{"line":21,"column":24},"end":{"line":21,"column":38}},"8":{"start":{"line":22,"column":21},"end":{"line":22,"column":26}},"9":{"start":{"line":23,"column":28},"end":{"line":23,"column":41}},"10":{"start":{"line":26,"column":4},"end":{"line":26,"column":44}},"11":{"start":{"line":27,"column":4},"end":{"line":61,"column":5}},"12":{"start":{"line":30,"column":43},"end":{"line":47,"column":13}},"13":{"start":{"line":33,"column":36},"end":{"line":33,"column":46}},"14":{"start":{"line":36,"column":20},"end":{"line":42,"column":21}},"15":{"start":{"line":37,"column":24},"end":{"line":37,"column":79}},"16":{"start":{"line":38,"column":27},"end":{"line":42,"column":21}},"17":{"start":{"line":39,"column":24},"end":{"line":39,"column":71}},"18":{"start":{"line":40,"column":27},"end":{"line":42,"column":21}},"19":{"start":{"line":41,"column":24},"end":{"line":41,"column":69}},"20":{"start":{"line":44,"column":20},"end":{"line":44,"column":90}},"21":{"start":{"line":51,"column":23},"end":{"line":51,"column":61}},"22":{"start":{"line":54,"column":23},"end":{"line":54,"column":66}},"23":{"start":{"line":57,"column":23},"end":{"line":57,"column":72}}},"fnMap":{"0":{"name":"MyTabs","decl":{"start":{"line":25,"column":24},"end":{"line":25,"column":30}},"loc":{"start":{"line":25,"column":45},"end":{"line":62,"column":1}},"line":25},"1":{"name":"(anonymous_1)","decl":{"start":{"line":30,"column":27},"end":{"line":30,"column":28}},"loc":{"start":{"line":30,"column":43},"end":{"line":47,"column":13}},"line":30},"2":{"name":"(anonymous_2)","decl":{"start":{"line":31,"column":28},"end":{"line":31,"column":29}},"loc":{"start":{"line":31,"column":58},"end":{"line":45,"column":17}},"line":31},"3":{"name":"(anonymous_3)","decl":{"start":{"line":51,"column":17},"end":{"line":51,"column":18}},"loc":{"start":{"line":51,"column":23},"end":{"line":51,"column":61}},"line":51},"4":{"name":"(anonymous_4)","decl":{"start":{"line":54,"column":17},"end":{"line":54,"column":18}},"loc":{"start":{"line":54,"column":23},"end":{"line":54,"column":66}},"line":54},"5":{"name":"(anonymous_5)","decl":{"start":{"line":57,"column":17},"end":{"line":57,"column":18}},"loc":{"start":{"line":57,"column":23},"end":{"line":57,"column":72}},"line":57}},"branchMap":{"0":{"loc":{"start":{"line":36,"column":20},"end":{"line":42,"column":21}},"type":"if","locations":[{"start":{"line":36,"column":20},"end":{"line":42,"column":21}},{"start":{"line":38,"column":27},"end":{"line":42,"column":21}}],"line":36},"1":{"loc":{"start":{"line":37,"column":35},"end":{"line":37,"column":79}},"type":"cond-expr","locations":[{"start":{"line":37,"column":45},"end":{"line":37,"column":57}},{"start":{"line":37,"column":60},"end":{"line":37,"column":79}}],"line":37},"2":{"loc":{"start":{"line":38,"column":27},"end":{"line":42,"column":21}},"type":"if","locations":[{"start":{"line":38,"column":27},"end":{"line":42,"column":21}},{"start":{"line":40,"column":27},"end":{"line":42,"column":21}}],"line":38},"3":{"loc":{"start":{"line":39,"column":35},"end":{"line":39,"column":71}},"type":"cond-expr","locations":[{"start":{"line":39,"column":45},"end":{"line":39,"column":53}},{"start":{"line":39,"column":56},"end":{"line":39,"column":71}}],"line":39},"4":{"loc":{"start":{"line":40,"column":27},"end":{"line":42,"column":21}},"type":"if","locations":[{"start":{"line":40,"column":27},"end":{"line":42,"column":21}},{"start":{},"end":{}}],"line":40},"5":{"loc":{"start":{"line":41,"column":35},"end":{"line":41,"column":69}},"type":"cond-expr","locations":[{"start":{"line":41,"column":45},"end":{"line":41,"column":52}},{"start":{"line":41,"column":55},"end":{"line":41,"column":69}}],"line":41}},"s":{"0":1,"1":1,"2":1,"3":1,"4":1,"5":1,"6":1,"7":1,"8":1,"9":1,"10":0,"11":0,"12":0,"13":0,"14":0,"15":0,"16":0,"17":0,"18":0,"19":0,"20":0,"21":0,"22":0,"23":0},"f":{"0":0,"1":0,"2":0,"3":0,"4":0,"5":0},"b":{"0":[0,0],"1":[0,0],"2":[0,0],"3":[0,0],"4":[0,0],"5":[0,0]},"_coverageSchema":"1a1c01bbd47fc00a2c39e90264f33305004495a9","hash":"99a5a5df560aec2105358a44cb46fb235e271b1d"}
,"C:\\Users\\janka\\Desktop\\kodai\\scango\\frontend\\src\\components\\Paragraph.js": {"path":"C:\\Users\\janka\\Desktop\\kodai\\scango\\frontend\\src\\components\\Paragraph.js","statementMap":{"0":{"start":{"line":6,"column":2},"end":{"line":6,"column":48}},"1":{"start":{"line":9,"column":15},"end":{"line":16,"column":2}}},"fnMap":{"0":{"name":"Paragraph","decl":{"start":{"line":5,"column":24},"end":{"line":5,"column":33}},"loc":{"start":{"line":5,"column":41},"end":{"line":7,"column":1}},"line":5}},"branchMap":{},"s":{"0":0,"1":1},"f":{"0":0},"b":{},"_coverageSchema":"1a1c01bbd47fc00a2c39e90264f33305004495a9","hash":"e41098fba49111db433d3d950b4157f9ec94fd15"}
,"C:\\Users\\janka\\Desktop\\kodai\\scango\\frontend\\src\\components\\ShelfButton.js": {"path":"C:\\Users\\janka\\Desktop\\kodai\\scango\\frontend\\src\\components\\ShelfButton.js","statementMap":{"0":{"start":{"line":5,"column":20},"end":{"line":32,"column":3}},"1":{"start":{"line":6,"column":46},"end":{"line":6,"column":52}},"2":{"start":{"line":8,"column":19},"end":{"line":16,"column":6}},"3":{"start":{"line":18,"column":4},"end":{"line":31,"column":6}},"4":{"start":{"line":27,"column":28},"end":{"line":27,"column":53}}},"fnMap":{"0":{"name":"(anonymous_0)","decl":{"start":{"line":5,"column":20},"end":{"line":5,"column":21}},"loc":{"start":{"line":5,"column":45},"end":{"line":32,"column":3}},"line":5},"1":{"name":"(anonymous_1)","decl":{"start":{"line":27,"column":17},"end":{"line":27,"column":18}},"loc":{"start":{"line":27,"column":28},"end":{"line":27,"column":53}},"line":27}},"branchMap":{},"s":{"0":1,"1":0,"2":0,"3":0,"4":0},"f":{"0":0,"1":0},"b":{},"_coverageSchema":"1a1c01bbd47fc00a2c39e90264f33305004495a9","hash":"8af269ae2e8af73ee782598066326276941e7d05"}
,"C:\\Users\\janka\\Desktop\\kodai\\scango\\frontend\\src\\components\\TextInput.js": {"path":"C:\\Users\\janka\\Desktop\\kodai\\scango\\frontend\\src\\components\\TextInput.js","statementMap":{"0":{"start":{"line":7,"column":2},"end":{"line":21,"column":3}},"1":{"start":{"line":24,"column":15},"end":{"line":42,"column":2}}},"fnMap":{"0":{"name":"TextInput","decl":{"start":{"line":6,"column":24},"end":{"line":6,"column":33}},"loc":{"start":{"line":6,"column":72},"end":{"line":22,"column":1}},"line":6}},"branchMap":{"0":{"loc":{"start":{"line":16,"column":7},"end":{"line":18,"column":14}},"type":"cond-expr","locations":[{"start":{"line":17,"column":8},"end":{"line":17,"column":61}},{"start":{"line":18,"column":10},"end":{"line":18,"column":14}}],"line":16},"1":{"loc":{"start":{"line":16,"column":7},"end":{"line":16,"column":32}},"type":"binary-expr","locations":[{"start":{"line":16,"column":7},"end":{"line":16,"column":18}},{"start":{"line":16,"column":22},"end":{"line":16,"column":32}}],"line":16},"2":{"loc":{"start":{"line":19,"column":7},"end":{"line":19,"column":71}},"type":"cond-expr","locations":[{"start":{"line":19,"column":19},"end":{"line":19,"column":64}},{"start":{"line":19,"column":67},"end":{"line":19,"column":71}}],"line":19}},"s":{"0":0,"1":1},"f":{"0":0},"b":{"0":[0,0],"1":[0,0],"2":[0,0]},"_coverageSchema":"1a1c01bbd47fc00a2c39e90264f33305004495a9","hash":"c6e3a81d79f572386d7d868b88d5bf4b17a91d84"}
,"C:\\Users\\janka\\Desktop\\kodai\\scango\\frontend\\src\\const\\base_url.js": {"path":"C:\\Users\\janka\\Desktop\\kodai\\scango\\frontend\\src\\const\\base_url.js","statementMap":{"0":{"start":{"line":2,"column":4},"end":{"line":2,"column":35}}},"fnMap":{"0":{"name":"BaseUrl","decl":{"start":{"line":1,"column":24},"end":{"line":1,"column":31}},"loc":{"start":{"line":1,"column":34},"end":{"line":3,"column":1}},"line":1}},"branchMap":{},"s":{"0":0},"f":{"0":0},"b":{},"_coverageSchema":"1a1c01bbd47fc00a2c39e90264f33305004495a9","hash":"3b6ce02a4367fca509108010c7bffca8d4f3c802"}
,"C:\\Users\\janka\\Desktop\\kodai\\scango\\frontend\\src\\core\\theme.js": {"path":"C:\\Users\\janka\\Desktop\\kodai\\scango\\frontend\\src\\core\\theme.js","statementMap":{"0":{"start":{"line":3,"column":21},"end":{"line":14,"column":1}}},"fnMap":{},"branchMap":{},"s":{"0":3},"f":{},"b":{},"_coverageSchema":"1a1c01bbd47fc00a2c39e90264f33305004495a9","hash":"ffea263d7f4e90c458513433a66768f5ca676798"}
,"C:\\Users\\janka\\Desktop\\kodai\\scango\\frontend\\src\\helpers\\addToList.js": {"path":"C:\\Users\\janka\\Desktop\\kodai\\scango\\frontend\\src\\helpers\\addToList.js","statementMap":{"0":{"start":{"line":4,"column":22},"end":{"line":22,"column":5}},"1":{"start":{"line":5,"column":19},"end":{"line":5,"column":23}},"2":{"start":{"line":6,"column":8},"end":{"line":20,"column":9}},"3":{"start":{"line":7,"column":29},"end":{"line":13,"column":14}},"4":{"start":{"line":15,"column":12},"end":{"line":15,"column":41}},"5":{"start":{"line":16,"column":12},"end":{"line":16,"column":29}},"6":{"start":{"line":19,"column":12},"end":{"line":19,"column":57}},"7":{"start":{"line":21,"column":8},"end":{"line":21,"column":19}},"8":{"start":{"line":24,"column":4},"end":{"line":24,"column":23}}},"fnMap":{"0":{"name":"addItemToList","decl":{"start":{"line":3,"column":16},"end":{"line":3,"column":29}},"loc":{"start":{"line":3,"column":54},"end":{"line":25,"column":1}},"line":3},"1":{"name":"(anonymous_1)","decl":{"start":{"line":4,"column":22},"end":{"line":4,"column":23}},"loc":{"start":{"line":4,"column":34},"end":{"line":22,"column":5}},"line":4}},"branchMap":{},"s":{"0":0,"1":0,"2":0,"3":0,"4":0,"5":0,"6":0,"7":0,"8":0},"f":{"0":0,"1":0},"b":{},"_coverageSchema":"1a1c01bbd47fc00a2c39e90264f33305004495a9","hash":"49e3d9114d501fceca56781c09727a67fd4117fb"}
,"C:\\Users\\janka\\Desktop\\kodai\\scango\\frontend\\src\\helpers\\emailValidator.js": {"path":"C:\\Users\\janka\\Desktop\\kodai\\scango\\frontend\\src\\helpers\\emailValidator.js","statementMap":{"0":{"start":{"line":2,"column":13},"end":{"line":2,"column":27}},"1":{"start":{"line":3,"column":2},"end":{"line":3,"column":44}},"2":{"start":{"line":3,"column":14},"end":{"line":3,"column":44}},"3":{"start":{"line":4,"column":2},"end":{"line":4,"column":69}},"4":{"start":{"line":4,"column":23},"end":{"line":4,"column":69}},"5":{"start":{"line":5,"column":2},"end":{"line":5,"column":11}}},"fnMap":{"0":{"name":"emailValidator","decl":{"start":{"line":1,"column":16},"end":{"line":1,"column":30}},"loc":{"start":{"line":1,"column":38},"end":{"line":6,"column":1}},"line":1}},"branchMap":{"0":{"loc":{"start":{"line":3,"column":2},"end":{"line":3,"column":44}},"type":"if","locations":[{"start":{"line":3,"column":2},"end":{"line":3,"column":44}},{"start":{},"end":{}}],"line":3},"1":{"loc":{"start":{"line":4,"column":2},"end":{"line":4,"column":69}},"type":"if","locations":[{"start":{"line":4,"column":2},"end":{"line":4,"column":69}},{"start":{},"end":{}}],"line":4}},"s":{"0":2,"1":2,"2":0,"3":2,"4":1,"5":1},"f":{"0":2},"b":{"0":[0,2],"1":[1,1]},"_coverageSchema":"1a1c01bbd47fc00a2c39e90264f33305004495a9","hash":"32221d760d2153dd9b72a54fd23b021f01aaba96"}
,"C:\\Users\\janka\\Desktop\\kodai\\scango\\frontend\\src\\helpers\\getShelves.js": {"path":"C:\\Users\\janka\\Desktop\\kodai\\scango\\frontend\\src\\helpers\\getShelves.js","statementMap":{"0":{"start":{"line":4,"column":22},"end":{"line":21,"column":1}},"1":{"start":{"line":5,"column":4},"end":{"line":5,"column":29}},"2":{"start":{"line":6,"column":4},"end":{"line":6,"column":24}},"3":{"start":{"line":7,"column":28},"end":{"line":7,"column":42}},"4":{"start":{"line":8,"column":4},"end":{"line":19,"column":18}},"5":{"start":{"line":9,"column":26},"end":{"line":15,"column":9}},"6":{"start":{"line":10,"column":29},"end":{"line":12,"column":14}},"7":{"start":{"line":13,"column":25},"end":{"line":13,"column":46}},"8":{"start":{"line":14,"column":12},"end":{"line":14,"column":26}},"9":{"start":{"line":16,"column":8},"end":{"line":18,"column":9}},"10":{"start":{"line":17,"column":12},"end":{"line":17,"column":24}},"11":{"start":{"line":20,"column":4},"end":{"line":20,"column":16}}},"fnMap":{"0":{"name":"(anonymous_0)","decl":{"start":{"line":4,"column":22},"end":{"line":4,"column":23}},"loc":{"start":{"line":4,"column":44},"end":{"line":21,"column":1}},"line":4},"1":{"name":"(anonymous_1)","decl":{"start":{"line":8,"column":14},"end":{"line":8,"column":15}},"loc":{"start":{"line":8,"column":20},"end":{"line":19,"column":5}},"line":8},"2":{"name":"(anonymous_2)","decl":{"start":{"line":9,"column":26},"end":{"line":9,"column":27}},"loc":{"start":{"line":9,"column":38},"end":{"line":15,"column":9}},"line":9}},"branchMap":{"0":{"loc":{"start":{"line":16,"column":8},"end":{"line":18,"column":9}},"type":"if","locations":[{"start":{"line":16,"column":8},"end":{"line":18,"column":9}},{"start":{},"end":{}}],"line":16}},"s":{"0":1,"1":0,"2":0,"3":0,"4":0,"5":0,"6":0,"7":0,"8":0,"9":0,"10":0,"11":0},"f":{"0":0,"1":0,"2":0},"b":{"0":[0,0]},"_coverageSchema":"1a1c01bbd47fc00a2c39e90264f33305004495a9","hash":"848ae47dbfcc052c2f9db2b90616425ee6e4d046"}
,"C:\\Users\\janka\\Desktop\\kodai\\scango\\frontend\\src\\helpers\\getStores.js": {"path":"C:\\Users\\janka\\Desktop\\kodai\\scango\\frontend\\src\\helpers\\getStores.js","statementMap":{"0":{"start":{"line":4,"column":21},"end":{"line":22,"column":1}},"1":{"start":{"line":5,"column":38},"end":{"line":5,"column":50}},"2":{"start":{"line":6,"column":4},"end":{"line":19,"column":11}},"3":{"start":{"line":7,"column":26},"end":{"line":17,"column":9}},"4":{"start":{"line":8,"column":29},"end":{"line":13,"column":14}},"5":{"start":{"line":14,"column":25},"end":{"line":14,"column":46}},"6":{"start":{"line":16,"column":12},"end":{"line":16,"column":31}},"7":{"start":{"line":18,"column":8},"end":{"line":18,"column":20}},"8":{"start":{"line":21,"column":4},"end":{"line":21,"column":21}}},"fnMap":{"0":{"name":"(anonymous_0)","decl":{"start":{"line":4,"column":21},"end":{"line":4,"column":22}},"loc":{"start":{"line":4,"column":27},"end":{"line":22,"column":1}},"line":4},"1":{"name":"(anonymous_1)","decl":{"start":{"line":6,"column":14},"end":{"line":6,"column":15}},"loc":{"start":{"line":6,"column":20},"end":{"line":19,"column":5}},"line":6},"2":{"name":"(anonymous_2)","decl":{"start":{"line":7,"column":26},"end":{"line":7,"column":27}},"loc":{"start":{"line":7,"column":38},"end":{"line":17,"column":9}},"line":7}},"branchMap":{},"s":{"0":1,"1":0,"2":0,"3":0,"4":0,"5":0,"6":0,"7":0,"8":0},"f":{"0":0,"1":0,"2":0},"b":{},"_coverageSchema":"1a1c01bbd47fc00a2c39e90264f33305004495a9","hash":"55e5d3da173a4a3a3e9b5cafccfe822575101c1c"}
,"C:\\Users\\janka\\Desktop\\kodai\\scango\\frontend\\src\\helpers\\loginValidator.js": {"path":"C:\\Users\\janka\\Desktop\\kodai\\scango\\frontend\\src\\helpers\\loginValidator.js","statementMap":{"0":{"start":{"line":4,"column":26},"end":{"line":23,"column":1}},"1":{"start":{"line":5,"column":36},"end":{"line":5,"column":48}},"2":{"start":{"line":6,"column":4},"end":{"line":20,"column":38}},"3":{"start":{"line":7,"column":26},"end":{"line":18,"column":9}},"4":{"start":{"line":8,"column":29},"end":{"line":14,"column":14}},"5":{"start":{"line":15,"column":25},"end":{"line":15,"column":46}},"6":{"start":{"line":17,"column":12},"end":{"line":17,"column":30}},"7":{"start":{"line":19,"column":8},"end":{"line":19,"column":20}},"8":{"start":{"line":22,"column":4},"end":{"line":22,"column":20}}},"fnMap":{"0":{"name":"(anonymous_0)","decl":{"start":{"line":4,"column":26},"end":{"line":4,"column":27}},"loc":{"start":{"line":4,"column":37},"end":{"line":23,"column":1}},"line":4},"1":{"name":"(anonymous_1)","decl":{"start":{"line":6,"column":14},"end":{"line":6,"column":15}},"loc":{"start":{"line":6,"column":20},"end":{"line":20,"column":5}},"line":6},"2":{"name":"(anonymous_2)","decl":{"start":{"line":7,"column":26},"end":{"line":7,"column":27}},"loc":{"start":{"line":7,"column":38},"end":{"line":18,"column":9}},"line":7}},"branchMap":{},"s":{"0":1,"1":0,"2":0,"3":0,"4":0,"5":0,"6":0,"7":0,"8":0},"f":{"0":0,"1":0,"2":0},"b":{},"_coverageSchema":"1a1c01bbd47fc00a2c39e90264f33305004495a9","hash":"35e652a18047a562b64ad25b2ab8ddcf01d5f7b8"}
,"C:\\Users\\janka\\Desktop\\kodai\\scango\\frontend\\src\\helpers\\nameValidator.js": {"path":"C:\\Users\\janka\\Desktop\\kodai\\scango\\frontend\\src\\helpers\\nameValidator.js","statementMap":{"0":{"start":{"line":2,"column":2},"end":{"line":2,"column":42}},"1":{"start":{"line":2,"column":13},"end":{"line":2,"column":42}},"2":{"start":{"line":3,"column":2},"end":{"line":3,"column":11}}},"fnMap":{"0":{"name":"nameValidator","decl":{"start":{"line":1,"column":16},"end":{"line":1,"column":29}},"loc":{"start":{"line":1,"column":36},"end":{"line":4,"column":1}},"line":1}},"branchMap":{"0":{"loc":{"start":{"line":2,"column":2},"end":{"line":2,"column":42}},"type":"if","locations":[{"start":{"line":2,"column":2},"end":{"line":2,"column":42}},{"start":{},"end":{}}],"line":2}},"s":{"0":0,"1":0,"2":0},"f":{"0":0},"b":{"0":[0,0]},"_coverageSchema":"1a1c01bbd47fc00a2c39e90264f33305004495a9","hash":"feafd81a746d898a42060e3e8adfcbb64ae2d99f"}
,"C:\\Users\\janka\\Desktop\\kodai\\scango\\frontend\\src\\helpers\\passwordValidator.js": {"path":"C:\\Users\\janka\\Desktop\\kodai\\scango\\frontend\\src\\helpers\\passwordValidator.js","statementMap":{"0":{"start":{"line":2,"column":2},"end":{"line":2,"column":50}},"1":{"start":{"line":2,"column":17},"end":{"line":2,"column":50}},"2":{"start":{"line":3,"column":2},"end":{"line":3,"column":80}},"3":{"start":{"line":3,"column":27},"end":{"line":3,"column":80}},"4":{"start":{"line":4,"column":2},"end":{"line":4,"column":11}}},"fnMap":{"0":{"name":"passwordValidator","decl":{"start":{"line":1,"column":16},"end":{"line":1,"column":33}},"loc":{"start":{"line":1,"column":44},"end":{"line":5,"column":1}},"line":1}},"branchMap":{"0":{"loc":{"start":{"line":2,"column":2},"end":{"line":2,"column":50}},"type":"if","locations":[{"start":{"line":2,"column":2},"end":{"line":2,"column":50}},{"start":{},"end":{}}],"line":2},"1":{"loc":{"start":{"line":3,"column":2},"end":{"line":3,"column":80}},"type":"if","locations":[{"start":{"line":3,"column":2},"end":{"line":3,"column":80}},{"start":{},"end":{}}],"line":3}},"s":{"0":0,"1":0,"2":0,"3":0,"4":0},"f":{"0":0},"b":{"0":[0,0],"1":[0,0]},"_coverageSchema":"1a1c01bbd47fc00a2c39e90264f33305004495a9","hash":"eadb494fc20de9f6ca68131712a587e8a0cc9bfb"}
,"C:\\Users\\janka\\Desktop\\kodai\\scango\\frontend\\src\\screens\\Dashboard.js": {"path":"C:\\Users\\janka\\Desktop\\kodai\\scango\\frontend\\src\\screens\\Dashboard.js","statementMap":{"0":{"start":{"line":10,"column":2},"end":{"line":12,"column":3}}},"fnMap":{"0":{"name":"Dashboard","decl":{"start":{"line":9,"column":24},"end":{"line":9,"column":33}},"loc":{"start":{"line":9,"column":36},"end":{"line":13,"column":1}},"line":9}},"branchMap":{},"s":{"0":0},"f":{"0":0},"b":{},"_coverageSchema":"1a1c01bbd47fc00a2c39e90264f33305004495a9","hash":"240a122d889473a2f02176d92a8bc518328701bc"}
,"C:\\Users\\janka\\Desktop\\kodai\\scango\\frontend\\src\\screens\\LoginScreen.js": {"path":"C:\\Users\\janka\\Desktop\\kodai\\scango\\frontend\\src\\screens\\LoginScreen.js","statementMap":{"0":{"start":{"line":17,"column":28},"end":{"line":17,"column":79}},"1":{"start":{"line":18,"column":34},"end":{"line":18,"column":74}},"2":{"start":{"line":20,"column":19},"end":{"line":20,"column":86}},"3":{"start":{"line":24,"column":25},"end":{"line":44,"column":3}},"4":{"start":{"line":25,"column":23},"end":{"line":25,"column":50}},"5":{"start":{"line":26,"column":26},"end":{"line":26,"column":59}},"6":{"start":{"line":27,"column":4},"end":{"line":31,"column":5}},"7":{"start":{"line":28,"column":6},"end":{"line":28,"column":47}},"8":{"start":{"line":29,"column":6},"end":{"line":29,"column":56}},"9":{"start":{"line":30,"column":6},"end":{"line":30,"column":12}},"10":{"start":{"line":32,"column":4},"end":{"line":32,"column":33}},"11":{"start":{"line":33,"column":4},"end":{"line":33,"column":26}},"12":{"start":{"line":34,"column":4},"end":{"line":43,"column":5}},"13":{"start":{"line":35,"column":6},"end":{"line":35,"column":27}},"14":{"start":{"line":36,"column":6},"end":{"line":39,"column":8}},"15":{"start":{"line":41,"column":6},"end":{"line":41,"column":66}},"16":{"start":{"line":42,"column":6},"end":{"line":42,"column":72}},"17":{"start":{"line":46,"column":2},"end":{"line":90,"column":3}},"18":{"start":{"line":56,"column":32},"end":{"line":56,"column":68}},"19":{"start":{"line":68,"column":32},"end":{"line":68,"column":71}},"20":{"start":{"line":75,"column":25},"end":{"line":75,"column":67}},"21":{"start":{"line":85,"column":41},"end":{"line":85,"column":77}},"22":{"start":{"line":93,"column":15},"end":{"line":111,"column":2}}},"fnMap":{"0":{"name":"LoginScreen","decl":{"start":{"line":15,"column":24},"end":{"line":15,"column":35}},"loc":{"start":{"line":15,"column":64},"end":{"line":91,"column":1}},"line":15},"1":{"name":"(anonymous_1)","decl":{"start":{"line":24,"column":25},"end":{"line":24,"column":26}},"loc":{"start":{"line":24,"column":31},"end":{"line":44,"column":3}},"line":24},"2":{"name":"(anonymous_2)","decl":{"start":{"line":56,"column":22},"end":{"line":56,"column":23}},"loc":{"start":{"line":56,"column":32},"end":{"line":56,"column":68}},"line":56},"3":{"name":"(anonymous_3)","decl":{"start":{"line":68,"column":22},"end":{"line":68,"column":23}},"loc":{"start":{"line":68,"column":32},"end":{"line":68,"column":71}},"line":68},"4":{"name":"(anonymous_4)","decl":{"start":{"line":75,"column":19},"end":{"line":75,"column":20}},"loc":{"start":{"line":75,"column":25},"end":{"line":75,"column":67}},"line":75},"5":{"name":"(anonymous_5)","decl":{"start":{"line":85,"column":35},"end":{"line":85,"column":36}},"loc":{"start":{"line":85,"column":41},"end":{"line":85,"column":77}},"line":85}},"branchMap":{"0":{"loc":{"start":{"line":27,"column":4},"end":{"line":31,"column":5}},"type":"if","locations":[{"start":{"line":27,"column":4},"end":{"line":31,"column":5}},{"start":{},"end":{}}],"line":27},"1":{"loc":{"start":{"line":27,"column":8},"end":{"line":27,"column":35}},"type":"binary-expr","locations":[{"start":{"line":27,"column":8},"end":{"line":27,"column":18}},{"start":{"line":27,"column":22},"end":{"line":27,"column":35}}],"line":27},"2":{"loc":{"start":{"line":34,"column":4},"end":{"line":43,"column":5}},"type":"if","locations":[{"start":{"line":34,"column":4},"end":{"line":43,"column":5}},{"start":{"line":40,"column":11},"end":{"line":43,"column":5}}],"line":34},"3":{"loc":{"start":{"line":34,"column":8},"end":{"line":34,"column":78}},"type":"binary-expr","locations":[{"start":{"line":34,"column":8},"end":{"line":34,"column":38}},{"start":{"line":34,"column":42},"end":{"line":34,"column":78}}],"line":34}},"s":{"0":0,"1":0,"2":0,"3":0,"4":0,"5":0,"6":0,"7":0,"8":0,"9":0,"10":0,"11":0,"12":0,"13":0,"14":0,"15":0,"16":0,"17":0,"18":0,"19":0,"20":0,"21":0,"22":1},"f":{"0":0,"1":0,"2":0,"3":0,"4":0,"5":0},"b":{"0":[0,0],"1":[0,0],"2":[0,0],"3":[0,0]},"_coverageSchema":"1a1c01bbd47fc00a2c39e90264f33305004495a9","hash":"36329f09df647749cd5ecf21538bfab55a2fe8bd"}
,"C:\\Users\\janka\\Desktop\\kodai\\scango\\frontend\\src\\screens\\MapScreen.js": {"path":"C:\\Users\\janka\\Desktop\\kodai\\scango\\frontend\\src\\screens\\MapScreen.js","statementMap":{"0":{"start":{"line":17,"column":18},"end":{"line":17,"column":28}},"1":{"start":{"line":19,"column":44},"end":{"line":19,"column":58}},"2":{"start":{"line":20,"column":38},"end":{"line":20,"column":71}},"3":{"start":{"line":22,"column":42},"end":{"line":22,"column":53}},"4":{"start":{"line":23,"column":62},"end":{"line":23,"column":102}},"5":{"start":{"line":24,"column":24},"end":{"line":24,"column":54}},"6":{"start":{"line":25,"column":25},"end":{"line":25,"column":56}},"7":{"start":{"line":26,"column":46},"end":{"line":26,"column":70}},"8":{"start":{"line":27,"column":46},"end":{"line":27,"column":58}},"9":{"start":{"line":29,"column":22},"end":{"line":29,"column":36}},"10":{"start":{"line":30,"column":34},"end":{"line":30,"column":48}},"11":{"start":{"line":31,"column":34},"end":{"line":31,"column":48}},"12":{"start":{"line":32,"column":48},"end":{"line":32,"column":62}},"13":{"start":{"line":33,"column":46},"end":{"line":33,"column":60}},"14":{"start":{"line":35,"column":44},"end":{"line":35,"column":58}},"15":{"start":{"line":36,"column":4},"end":{"line":45,"column":23}},"16":{"start":{"line":37,"column":8},"end":{"line":44,"column":9}},"17":{"start":{"line":38,"column":29},"end":{"line":38,"column":49}},"18":{"start":{"line":39,"column":12},"end":{"line":39,"column":49}},"19":{"start":{"line":40,"column":12},"end":{"line":40,"column":47}},"20":{"start":{"line":41,"column":12},"end":{"line":41,"column":50}},"21":{"start":{"line":43,"column":12},"end":{"line":43,"column":58}},"22":{"start":{"line":47,"column":4},"end":{"line":49,"column":23}},"23":{"start":{"line":48,"column":8},"end":{"line":48,"column":39}},"24":{"start":{"line":51,"column":4},"end":{"line":85,"column":23}},"25":{"start":{"line":52,"column":29},"end":{"line":69,"column":9}},"26":{"start":{"line":54,"column":12},"end":{"line":54,"column":59}},"27":{"start":{"line":55,"column":29},"end":{"line":57,"column":14}},"28":{"start":{"line":58,"column":25},"end":{"line":58,"column":46}},"29":{"start":{"line":59,"column":27},"end":{"line":59,"column":43}},"30":{"start":{"line":60,"column":12},"end":{"line":67,"column":14}},"31":{"start":{"line":61,"column":16},"end":{"line":61,"column":42}},"32":{"start":{"line":63,"column":16},"end":{"line":65,"column":19}},"33":{"start":{"line":64,"column":20},"end":{"line":64,"column":66}},"34":{"start":{"line":68,"column":12},"end":{"line":68,"column":39}},"35":{"start":{"line":70,"column":31},"end":{"line":78,"column":9}},"36":{"start":{"line":71,"column":12},"end":{"line":71,"column":58}},"37":{"start":{"line":72,"column":29},"end":{"line":74,"column":14}},"38":{"start":{"line":75,"column":25},"end":{"line":75,"column":46}},"39":{"start":{"line":76,"column":12},"end":{"line":76,"column":29}},"40":{"start":{"line":77,"column":12},"end":{"line":77,"column":65}},"41":{"start":{"line":79,"column":8},"end":{"line":83,"column":9}},"42":{"start":{"line":80,"column":12},"end":{"line":80,"column":27}},"43":{"start":{"line":81,"column":12},"end":{"line":81,"column":45}},"44":{"start":{"line":82,"column":12},"end":{"line":82,"column":29}},"45":{"start":{"line":87,"column":22},"end":{"line":93,"column":5}},"46":{"start":{"line":89,"column":25},"end":{"line":89,"column":75}},"47":{"start":{"line":90,"column":25},"end":{"line":90,"column":82}},"48":{"start":{"line":92,"column":8},"end":{"line":92,"column":55}},"49":{"start":{"line":95,"column":30},"end":{"line":100,"column":5}},"50":{"start":{"line":96,"column":21},"end":{"line":96,"column":73}},"51":{"start":{"line":97,"column":21},"end":{"line":97,"column":73}},"52":{"start":{"line":99,"column":8},"end":{"line":99,"column":30}},"53":{"start":{"line":102,"column":26},"end":{"line":119,"column":5}},"54":{"start":{"line":103,"column":8},"end":{"line":108,"column":9}},"55":{"start":{"line":104,"column":12},"end":{"line":104,"column":30}},"56":{"start":{"line":105,"column":12},"end":{"line":105,"column":68}},"57":{"start":{"line":106,"column":12},"end":{"line":106,"column":33}},"58":{"start":{"line":107,"column":12},"end":{"line":107,"column":19}},"59":{"start":{"line":109,"column":26},"end":{"line":117,"column":9}},"60":{"start":{"line":111,"column":29},"end":{"line":113,"column":14}},"61":{"start":{"line":114,"column":25},"end":{"line":114,"column":46}},"62":{"start":{"line":115,"column":12},"end":{"line":115,"column":35}},"63":{"start":{"line":116,"column":12},"end":{"line":116,"column":30}},"64":{"start":{"line":118,"column":8},"end":{"line":118,"column":22}},"65":{"start":{"line":122,"column":8},"end":{"line":122,"column":26}},"66":{"start":{"line":123,"column":8},"end":{"line":123,"column":42}},"67":{"start":{"line":124,"column":8},"end":{"line":145,"column":52}},"68":{"start":{"line":126,"column":30},"end":{"line":126,"column":45}},"69":{"start":{"line":128,"column":16},"end":{"line":131,"column":17}},"70":{"start":{"line":129,"column":20},"end":{"line":129,"column":57}},"71":{"start":{"line":130,"column":20},"end":{"line":130,"column":27}},"72":{"start":{"line":132,"column":16},"end":{"line":143,"column":19}},"73":{"start":{"line":134,"column":20},"end":{"line":134,"column":45}},"74":{"start":{"line":135,"column":20},"end":{"line":135,"column":49}},"75":{"start":{"line":136,"column":20},"end":{"line":142,"column":21}},"76":{"start":{"line":137,"column":24},"end":{"line":137,"column":98}},"77":{"start":{"line":139,"column":24},"end":{"line":139,"column":116}},"78":{"start":{"line":140,"column":24},"end":{"line":140,"column":56}},"79":{"start":{"line":145,"column":30},"end":{"line":145,"column":50}},"80":{"start":{"line":147,"column":23},"end":{"line":164,"column":5}},"81":{"start":{"line":148,"column":8},"end":{"line":148,"column":25}},"82":{"start":{"line":149,"column":8},"end":{"line":163,"column":10}},"83":{"start":{"line":157,"column":24},"end":{"line":157,"column":46}},"84":{"start":{"line":166,"column":4},"end":{"line":246,"column":5}},"85":{"start":{"line":172,"column":24},"end":{"line":174,"column":25}},"86":{"start":{"line":173,"column":28},"end":{"line":173,"column":55}},"87":{"start":{"line":180,"column":24},"end":{"line":180,"column":73}},"88":{"start":{"line":204,"column":36},"end":{"line":207,"column":41}},"89":{"start":{"line":205,"column":40},"end":{"line":205,"column":72}},"90":{"start":{"line":206,"column":40},"end":{"line":206,"column":128}},"91":{"start":{"line":217,"column":48},"end":{"line":219,"column":55}},"92":{"start":{"line":241,"column":38},"end":{"line":241,"column":45}},"93":{"start":{"line":250,"column":19},"end":{"line":320,"column":2}},"94":{"start":{"line":321,"column":21},"end":{"line":336,"column":2}},"95":{"start":{"line":338,"column":15},"end":{"line":358,"column":2}}},"fnMap":{"0":{"name":"MapScreen","decl":{"start":{"line":16,"column":24},"end":{"line":16,"column":33}},"loc":{"start":{"line":16,"column":48},"end":{"line":249,"column":1}},"line":16},"1":{"name":"(anonymous_1)","decl":{"start":{"line":36,"column":14},"end":{"line":36,"column":15}},"loc":{"start":{"line":36,"column":20},"end":{"line":45,"column":5}},"line":36},"2":{"name":"(anonymous_2)","decl":{"start":{"line":47,"column":14},"end":{"line":47,"column":15}},"loc":{"start":{"line":47,"column":20},"end":{"line":49,"column":5}},"line":47},"3":{"name":"(anonymous_3)","decl":{"start":{"line":51,"column":14},"end":{"line":51,"column":15}},"loc":{"start":{"line":51,"column":20},"end":{"line":85,"column":5}},"line":51},"4":{"name":"(anonymous_4)","decl":{"start":{"line":52,"column":29},"end":{"line":52,"column":30}},"loc":{"start":{"line":52,"column":41},"end":{"line":69,"column":9}},"line":52},"5":{"name":"(anonymous_5)","decl":{"start":{"line":60,"column":28},"end":{"line":60,"column":29}},"loc":{"start":{"line":60,"column":34},"end":{"line":67,"column":13}},"line":60},"6":{"name":"(anonymous_6)","decl":{"start":{"line":63,"column":45},"end":{"line":63,"column":46}},"loc":{"start":{"line":63,"column":64},"end":{"line":65,"column":17}},"line":63},"7":{"name":"(anonymous_7)","decl":{"start":{"line":70,"column":31},"end":{"line":70,"column":32}},"loc":{"start":{"line":70,"column":43},"end":{"line":78,"column":9}},"line":70},"8":{"name":"(anonymous_8)","decl":{"start":{"line":87,"column":22},"end":{"line":87,"column":23}},"loc":{"start":{"line":87,"column":32},"end":{"line":93,"column":5}},"line":87},"9":{"name":"(anonymous_9)","decl":{"start":{"line":95,"column":30},"end":{"line":95,"column":31}},"loc":{"start":{"line":95,"column":41},"end":{"line":100,"column":5}},"line":95},"10":{"name":"(anonymous_10)","decl":{"start":{"line":102,"column":26},"end":{"line":102,"column":27}},"loc":{"start":{"line":102,"column":41},"end":{"line":119,"column":5}},"line":102},"11":{"name":"(anonymous_11)","decl":{"start":{"line":109,"column":26},"end":{"line":109,"column":27}},"loc":{"start":{"line":109,"column":40},"end":{"line":117,"column":9}},"line":109},"12":{"name":"onListItemClick","decl":{"start":{"line":121,"column":13},"end":{"line":121,"column":28}},"loc":{"start":{"line":121,"column":35},"end":{"line":146,"column":5}},"line":121},"13":{"name":"(anonymous_13)","decl":{"start":{"line":126,"column":16},"end":{"line":126,"column":17}},"loc":{"start":{"line":126,"column":30},"end":{"line":126,"column":45}},"line":126},"14":{"name":"(anonymous_14)","decl":{"start":{"line":127,"column":18},"end":{"line":127,"column":19}},"loc":{"start":{"line":127,"column":28},"end":{"line":144,"column":13}},"line":127},"15":{"name":"(anonymous_15)","decl":{"start":{"line":132,"column":32},"end":{"line":132,"column":33}},"loc":{"start":{"line":132,"column":43},"end":{"line":143,"column":17}},"line":132},"16":{"name":"(anonymous_16)","decl":{"start":{"line":145,"column":19},"end":{"line":145,"column":20}},"loc":{"start":{"line":145,"column":30},"end":{"line":145,"column":50}},"line":145},"17":{"name":"(anonymous_17)","decl":{"start":{"line":147,"column":23},"end":{"line":147,"column":24}},"loc":{"start":{"line":147,"column":37},"end":{"line":164,"column":5}},"line":147},"18":{"name":"(anonymous_18)","decl":{"start":{"line":156,"column":47},"end":{"line":156,"column":48}},"loc":{"start":{"line":156,"column":53},"end":{"line":158,"column":21}},"line":156},"19":{"name":"(anonymous_19)","decl":{"start":{"line":171,"column":35},"end":{"line":171,"column":36}},"loc":{"start":{"line":171,"column":61},"end":{"line":175,"column":21}},"line":171},"20":{"name":"(anonymous_20)","decl":{"start":{"line":179,"column":35},"end":{"line":179,"column":36}},"loc":{"start":{"line":180,"column":24},"end":{"line":180,"column":73}},"line":180},"21":{"name":"(anonymous_21)","decl":{"start":{"line":203,"column":56},"end":{"line":203,"column":57}},"loc":{"start":{"line":204,"column":36},"end":{"line":207,"column":41}},"line":204},"22":{"name":"(anonymous_22)","decl":{"start":{"line":204,"column":90},"end":{"line":204,"column":91}},"loc":{"start":{"line":204,"column":101},"end":{"line":207,"column":37}},"line":204},"23":{"name":"(anonymous_23)","decl":{"start":{"line":216,"column":64},"end":{"line":216,"column":65}},"loc":{"start":{"line":217,"column":48},"end":{"line":219,"column":55}},"line":217},"24":{"name":"(anonymous_24)","decl":{"start":{"line":241,"column":30},"end":{"line":241,"column":31}},"loc":{"start":{"line":241,"column":38},"end":{"line":241,"column":45}},"line":241}},"branchMap":{"0":{"loc":{"start":{"line":37,"column":8},"end":{"line":44,"column":9}},"type":"if","locations":[{"start":{"line":37,"column":8},"end":{"line":44,"column":9}},{"start":{"line":42,"column":15},"end":{"line":44,"column":9}}],"line":37},"1":{"loc":{"start":{"line":79,"column":8},"end":{"line":83,"column":9}},"type":"if","locations":[{"start":{"line":79,"column":8},"end":{"line":83,"column":9}},{"start":{},"end":{}}],"line":79},"2":{"loc":{"start":{"line":103,"column":8},"end":{"line":108,"column":9}},"type":"if","locations":[{"start":{"line":103,"column":8},"end":{"line":108,"column":9}},{"start":{},"end":{}}],"line":103},"3":{"loc":{"start":{"line":128,"column":16},"end":{"line":131,"column":17}},"type":"if","locations":[{"start":{"line":128,"column":16},"end":{"line":131,"column":17}},{"start":{},"end":{}}],"line":128},"4":{"loc":{"start":{"line":136,"column":20},"end":{"line":142,"column":21}},"type":"if","locations":[{"start":{"line":136,"column":20},"end":{"line":142,"column":21}},{"start":{},"end":{}}],"line":136},"5":{"loc":{"start":{"line":172,"column":24},"end":{"line":174,"column":25}},"type":"if","locations":[{"start":{"line":172,"column":24},"end":{"line":174,"column":25}},{"start":{},"end":{}}],"line":172},"6":{"loc":{"start":{"line":195,"column":29},"end":{"line":232,"column":46}},"type":"binary-expr","locations":[{"start":{"line":195,"column":29},"end":{"line":195,"column":36}},{"start":{"line":195,"column":40},"end":{"line":232,"column":46}}],"line":195},"7":{"loc":{"start":{"line":203,"column":33},"end":{"line":208,"column":34}},"type":"binary-expr","locations":[{"start":{"line":203,"column":33},"end":{"line":203,"column":40}},{"start":{"line":203,"column":44},"end":{"line":208,"column":34}}],"line":203},"8":{"loc":{"start":{"line":215,"column":40},"end":{"line":221,"column":91}},"type":"cond-expr","locations":[{"start":{"line":216,"column":46},"end":{"line":220,"column":46}},{"start":{"line":221,"column":46},"end":{"line":221,"column":91}}],"line":215},"9":{"loc":{"start":{"line":238,"column":13},"end":{"line":243,"column":14}},"type":"binary-expr","locations":[{"start":{"line":238,"column":13},"end":{"line":238,"column":27}},{"start":{"line":238,"column":31},"end":{"line":243,"column":14}}],"line":238}},"s":{"0":0,"1":0,"2":0,"3":0,"4":0,"5":0,"6":0,"7":0,"8":0,"9":0,"10":0,"11":0,"12":0,"13":0,"14":0,"15":0,"16":0,"17":0,"18":0,"19":0,"20":0,"21":0,"22":0,"23":0,"24":0,"25":0,"26":0,"27":0,"28":0,"29":0,"30":0,"31":0,"32":0,"33":0,"34":0,"35":0,"36":0,"37":0,"38":0,"39":0,"40":0,"41":0,"42":0,"43":0,"44":0,"45":0,"46":0,"47":0,"48":0,"49":0,"50":0,"51":0,"52":0,"53":0,"54":0,"55":0,"56":0,"57":0,"58":0,"59":0,"60":0,"61":0,"62":0,"63":0,"64":0,"65":0,"66":0,"67":0,"68":0,"69":0,"70":0,"71":0,"72":0,"73":0,"74":0,"75":0,"76":0,"77":0,"78":0,"79":0,"80":0,"81":0,"82":0,"83":0,"84":0,"85":0,"86":0,"87":0,"88":0,"89":0,"90":0,"91":0,"92":0,"93":1,"94":1,"95":1},"f":{"0":0,"1":0,"2":0,"3":0,"4":0,"5":0,"6":0,"7":0,"8":0,"9":0,"10":0,"11":0,"12":0,"13":0,"14":0,"15":0,"16":0,"17":0,"18":0,"19":0,"20":0,"21":0,"22":0,"23":0,"24":0},"b":{"0":[0,0],"1":[0,0],"2":[0,0],"3":[0,0],"4":[0,0],"5":[0,0],"6":[0,0],"7":[0,0],"8":[0,0],"9":[0,0]},"_coverageSchema":"1a1c01bbd47fc00a2c39e90264f33305004495a9","hash":"9a88831ac433b4ea046d5fe5a444e6e1061f7f05"}
,"C:\\Users\\janka\\Desktop\\kodai\\scango\\frontend\\src\\screens\\ProductsScreen.js": {"path":"C:\\Users\\janka\\Desktop\\kodai\\scango\\frontend\\src\\screens\\ProductsScreen.js","statementMap":{"0":{"start":{"line":11,"column":29},"end":{"line":27,"column":1}},"1":{"start":{"line":12,"column":4},"end":{"line":12,"column":21}},"2":{"start":{"line":14,"column":4},"end":{"line":26,"column":5}},"3":{"start":{"line":15,"column":25},"end":{"line":15,"column":66}},"4":{"start":{"line":16,"column":8},"end":{"line":18,"column":9}},"5":{"start":{"line":17,"column":12},"end":{"line":17,"column":80}},"6":{"start":{"line":19,"column":21},"end":{"line":19,"column":42}},"7":{"start":{"line":20,"column":8},"end":{"line":20,"column":22}},"8":{"start":{"line":22,"column":8},"end":{"line":22,"column":29}},"9":{"start":{"line":25,"column":8},"end":{"line":25,"column":26}},"10":{"start":{"line":29,"column":23},"end":{"line":198,"column":1}},"11":{"start":{"line":30,"column":4},"end":{"line":30,"column":33}},"12":{"start":{"line":31,"column":36},"end":{"line":31,"column":50}},"13":{"start":{"line":32,"column":28},"end":{"line":32,"column":40}},"14":{"start":{"line":33,"column":38},"end":{"line":33,"column":50}},"15":{"start":{"line":34,"column":44},"end":{"line":34,"column":58}},"16":{"start":{"line":35,"column":54},"end":{"line":35,"column":68}},"17":{"start":{"line":36,"column":44},"end":{"line":36,"column":59}},"18":{"start":{"line":37,"column":32},"end":{"line":37,"column":44}},"19":{"start":{"line":39,"column":4},"end":{"line":41,"column":11}},"20":{"start":{"line":40,"column":8},"end":{"line":40,"column":43}},"21":{"start":{"line":42,"column":4},"end":{"line":55,"column":23}},"22":{"start":{"line":43,"column":8},"end":{"line":46,"column":9}},"23":{"start":{"line":44,"column":12},"end":{"line":44,"column":26}},"24":{"start":{"line":45,"column":12},"end":{"line":45,"column":19}},"25":{"start":{"line":47,"column":8},"end":{"line":47,"column":34}},"26":{"start":{"line":48,"column":8},"end":{"line":54,"column":44}},"27":{"start":{"line":50,"column":16},"end":{"line":50,"column":38}},"28":{"start":{"line":51,"column":16},"end":{"line":51,"column":38}},"29":{"start":{"line":54,"column":28},"end":{"line":54,"column":43}},"30":{"start":{"line":57,"column":4},"end":{"line":80,"column":15}},"31":{"start":{"line":58,"column":26},"end":{"line":78,"column":9}},"32":{"start":{"line":59,"column":29},"end":{"line":76,"column":14}},"33":{"start":{"line":60,"column":33},"end":{"line":66,"column":18}},"34":{"start":{"line":67,"column":29},"end":{"line":67,"column":50}},"35":{"start":{"line":68,"column":31},"end":{"line":68,"column":47}},"36":{"start":{"line":69,"column":16},"end":{"line":74,"column":18}},"37":{"start":{"line":70,"column":20},"end":{"line":73,"column":24}},"38":{"start":{"line":70,"column":47},"end":{"line":73,"column":21}},"39":{"start":{"line":75,"column":16},"end":{"line":75,"column":43}},"40":{"start":{"line":77,"column":12},"end":{"line":77,"column":40}},"41":{"start":{"line":79,"column":8},"end":{"line":79,"column":20}},"42":{"start":{"line":82,"column":23},"end":{"line":107,"column":5}},"43":{"start":{"line":83,"column":25},"end":{"line":83,"column":43}},"44":{"start":{"line":85,"column":8},"end":{"line":106,"column":9}},"45":{"start":{"line":88,"column":20},"end":{"line":88,"column":42}},"46":{"start":{"line":89,"column":20},"end":{"line":89,"column":51}},"47":{"start":{"line":90,"column":20},"end":{"line":90,"column":42}},"48":{"start":{"line":108,"column":21},"end":{"line":111,"column":5}},"49":{"start":{"line":109,"column":27},"end":{"line":109,"column":70}},"50":{"start":{"line":109,"column":52},"end":{"line":109,"column":69}},"51":{"start":{"line":110,"column":8},"end":{"line":110,"column":28}},"52":{"start":{"line":113,"column":23},"end":{"line":116,"column":5}},"53":{"start":{"line":114,"column":8},"end":{"line":114,"column":30}},"54":{"start":{"line":115,"column":8},"end":{"line":115,"column":31}},"55":{"start":{"line":118,"column":20},"end":{"line":127,"column":5}},"56":{"start":{"line":119,"column":23},"end":{"line":119,"column":72}},"57":{"start":{"line":120,"column":8},"end":{"line":126,"column":9}},"58":{"start":{"line":121,"column":12},"end":{"line":121,"column":45}},"59":{"start":{"line":122,"column":12},"end":{"line":122,"column":25}},"60":{"start":{"line":124,"column":12},"end":{"line":124,"column":43}},"61":{"start":{"line":125,"column":12},"end":{"line":125,"column":25}},"62":{"start":{"line":129,"column":4},"end":{"line":197,"column":6}},"63":{"start":{"line":153,"column":32},"end":{"line":179,"column":34}},"64":{"start":{"line":161,"column":48},"end":{"line":167,"column":50}},"65":{"start":{"line":168,"column":48},"end":{"line":168,"column":61}},"66":{"start":{"line":193,"column":38},"end":{"line":193,"column":47}},"67":{"start":{"line":199,"column":23},"end":{"line":233,"column":2}},"68":{"start":{"line":234,"column":15},"end":{"line":303,"column":2}}},"fnMap":{"0":{"name":"(anonymous_0)","decl":{"start":{"line":11,"column":29},"end":{"line":11,"column":30}},"loc":{"start":{"line":11,"column":60},"end":{"line":27,"column":1}},"line":11},"1":{"name":"(anonymous_1)","decl":{"start":{"line":29,"column":23},"end":{"line":29,"column":24}},"loc":{"start":{"line":29,"column":41},"end":{"line":198,"column":1}},"line":29},"2":{"name":"(anonymous_2)","decl":{"start":{"line":39,"column":14},"end":{"line":39,"column":15}},"loc":{"start":{"line":39,"column":20},"end":{"line":41,"column":5}},"line":39},"3":{"name":"(anonymous_3)","decl":{"start":{"line":42,"column":14},"end":{"line":42,"column":15}},"loc":{"start":{"line":42,"column":20},"end":{"line":55,"column":5}},"line":42},"4":{"name":"(anonymous_4)","decl":{"start":{"line":49,"column":18},"end":{"line":49,"column":19}},"loc":{"start":{"line":49,"column":32},"end":{"line":52,"column":13}},"line":49},"5":{"name":"(anonymous_5)","decl":{"start":{"line":54,"column":18},"end":{"line":54,"column":19}},"loc":{"start":{"line":54,"column":28},"end":{"line":54,"column":43}},"line":54},"6":{"name":"(anonymous_6)","decl":{"start":{"line":57,"column":14},"end":{"line":57,"column":15}},"loc":{"start":{"line":57,"column":20},"end":{"line":80,"column":5}},"line":57},"7":{"name":"(anonymous_7)","decl":{"start":{"line":58,"column":26},"end":{"line":58,"column":27}},"loc":{"start":{"line":58,"column":38},"end":{"line":78,"column":9}},"line":58},"8":{"name":"(anonymous_8)","decl":{"start":{"line":59,"column":38},"end":{"line":59,"column":39}},"loc":{"start":{"line":59,"column":54},"end":{"line":76,"column":13}},"line":59},"9":{"name":"(anonymous_9)","decl":{"start":{"line":69,"column":32},"end":{"line":69,"column":33}},"loc":{"start":{"line":69,"column":38},"end":{"line":74,"column":17}},"line":69},"10":{"name":"(anonymous_10)","decl":{"start":{"line":70,"column":33},"end":{"line":70,"column":34}},"loc":{"start":{"line":70,"column":47},"end":{"line":73,"column":21}},"line":70},"11":{"name":"(anonymous_11)","decl":{"start":{"line":82,"column":23},"end":{"line":82,"column":24}},"loc":{"start":{"line":82,"column":37},"end":{"line":107,"column":5}},"line":82},"12":{"name":"(anonymous_12)","decl":{"start":{"line":87,"column":25},"end":{"line":87,"column":26}},"loc":{"start":{"line":87,"column":31},"end":{"line":91,"column":17}},"line":87},"13":{"name":"(anonymous_13)","decl":{"start":{"line":108,"column":21},"end":{"line":108,"column":22}},"loc":{"start":{"line":108,"column":27},"end":{"line":111,"column":5}},"line":108},"14":{"name":"(anonymous_14)","decl":{"start":{"line":109,"column":42},"end":{"line":109,"column":43}},"loc":{"start":{"line":109,"column":52},"end":{"line":109,"column":69}},"line":109},"15":{"name":"(anonymous_15)","decl":{"start":{"line":113,"column":23},"end":{"line":113,"column":24}},"loc":{"start":{"line":113,"column":29},"end":{"line":116,"column":5}},"line":113},"16":{"name":"(anonymous_16)","decl":{"start":{"line":118,"column":20},"end":{"line":118,"column":21}},"loc":{"start":{"line":118,"column":32},"end":{"line":127,"column":5}},"line":118},"17":{"name":"(anonymous_17)","decl":{"start":{"line":152,"column":39},"end":{"line":152,"column":40}},"loc":{"start":{"line":152,"column":50},"end":{"line":180,"column":29}},"line":152},"18":{"name":"(anonymous_18)","decl":{"start":{"line":160,"column":107},"end":{"line":160,"column":108}},"loc":{"start":{"line":160,"column":113},"end":{"line":169,"column":45}},"line":160},"19":{"name":"(anonymous_19)","decl":{"start":{"line":193,"column":30},"end":{"line":193,"column":31}},"loc":{"start":{"line":193,"column":38},"end":{"line":193,"column":47}},"line":193}},"branchMap":{"0":{"loc":{"start":{"line":16,"column":8},"end":{"line":18,"column":9}},"type":"if","locations":[{"start":{"line":16,"column":8},"end":{"line":18,"column":9}},{"start":{},"end":{}}],"line":16},"1":{"loc":{"start":{"line":43,"column":8},"end":{"line":46,"column":9}},"type":"if","locations":[{"start":{"line":43,"column":8},"end":{"line":46,"column":9}},{"start":{},"end":{}}],"line":43},"2":{"loc":{"start":{"line":99,"column":21},"end":{"line":99,"column":90}},"type":"binary-expr","locations":[{"start":{"line":99,"column":21},"end":{"line":99,"column":29}},{"start":{"line":99,"column":33},"end":{"line":99,"column":90}}],"line":99},"3":{"loc":{"start":{"line":120,"column":8},"end":{"line":126,"column":9}},"type":"if","locations":[{"start":{"line":120,"column":8},"end":{"line":126,"column":9}},{"start":{"line":123,"column":15},"end":{"line":126,"column":9}}],"line":120},"4":{"loc":{"start":{"line":143,"column":29},"end":{"line":143,"column":121}},"type":"binary-expr","locations":[{"start":{"line":143,"column":29},"end":{"line":143,"column":46}},{"start":{"line":143,"column":50},"end":{"line":143,"column":121}}],"line":143},"5":{"loc":{"start":{"line":151,"column":25},"end":{"line":180,"column":66}},"type":"cond-expr","locations":[{"start":{"line":152,"column":28},"end":{"line":180,"column":30}},{"start":{"line":180,"column":33},"end":{"line":180,"column":66}}],"line":151}},"s":{"0":2,"1":2,"2":2,"3":2,"4":2,"5":0,"6":2,"7":2,"8":0,"9":2,"10":2,"11":0,"12":0,"13":0,"14":0,"15":0,"16":0,"17":0,"18":0,"19":0,"20":0,"21":0,"22":0,"23":0,"24":0,"25":0,"26":0,"27":0,"28":0,"29":0,"30":0,"31":0,"32":0,"33":0,"34":0,"35":0,"36":0,"37":0,"38":0,"39":0,"40":0,"41":0,"42":0,"43":0,"44":0,"45":0,"46":0,"47":0,"48":0,"49":0,"50":0,"51":0,"52":0,"53":0,"54":0,"55":0,"56":0,"57":0,"58":0,"59":0,"60":0,"61":0,"62":0,"63":0,"64":0,"65":0,"66":0,"67":2,"68":2},"f":{"0":2,"1":0,"2":0,"3":0,"4":0,"5":0,"6":0,"7":0,"8":0,"9":0,"10":0,"11":0,"12":0,"13":0,"14":0,"15":0,"16":0,"17":0,"18":0,"19":0},"b":{"0":[0,2],"1":[0,0],"2":[0,0],"3":[0,0],"4":[0,0],"5":[0,0]},"_coverageSchema":"1a1c01bbd47fc00a2c39e90264f33305004495a9","hash":"32759589740a66a257d6ce56ddb40ed5e7b41e18"}
,"C:\\Users\\janka\\Desktop\\kodai\\scango\\frontend\\src\\screens\\RegisterScreen.js": {"path":"C:\\Users\\janka\\Desktop\\kodai\\scango\\frontend\\src\\screens\\RegisterScreen.js","statementMap":{"0":{"start":{"line":16,"column":36},"end":{"line":16,"column":70}},"1":{"start":{"line":17,"column":34},"end":{"line":17,"column":68}},"2":{"start":{"line":18,"column":26},"end":{"line":18,"column":60}},"3":{"start":{"line":19,"column":28},"end":{"line":19,"column":62}},"4":{"start":{"line":20,"column":34},"end":{"line":20,"column":68}},"5":{"start":{"line":22,"column":26},"end":{"line":37,"column":3}},"6":{"start":{"line":23,"column":22},"end":{"line":23,"column":47}},"7":{"start":{"line":24,"column":27},"end":{"line":24,"column":57}},"8":{"start":{"line":25,"column":26},"end":{"line":25,"column":55}},"9":{"start":{"line":26,"column":23},"end":{"line":26,"column":50}},"10":{"start":{"line":28,"column":26},"end":{"line":28,"column":59}},"11":{"start":{"line":29,"column":4},"end":{"line":35,"column":5}},"12":{"start":{"line":30,"column":6},"end":{"line":30,"column":57}},"13":{"start":{"line":31,"column":6},"end":{"line":31,"column":54}},"14":{"start":{"line":32,"column":6},"end":{"line":32,"column":47}},"15":{"start":{"line":33,"column":6},"end":{"line":33,"column":56}},"16":{"start":{"line":34,"column":6},"end":{"line":34,"column":12}},"17":{"start":{"line":36,"column":4},"end":{"line":36,"column":38}},"18":{"start":{"line":39,"column":2},"end":{"line":95,"column":3}},"19":{"start":{"line":48,"column":32},"end":{"line":48,"column":72}},"20":{"start":{"line":56,"column":32},"end":{"line":56,"column":71}},"21":{"start":{"line":64,"column":32},"end":{"line":64,"column":68}},"22":{"start":{"line":76,"column":32},"end":{"line":76,"column":71}},"23":{"start":{"line":90,"column":41},"end":{"line":90,"column":74}},"24":{"start":{"line":98,"column":15},"end":{"line":107,"column":2}}},"fnMap":{"0":{"name":"RegisterScreen","decl":{"start":{"line":15,"column":24},"end":{"line":15,"column":38}},"loc":{"start":{"line":15,"column":55},"end":{"line":96,"column":1}},"line":15},"1":{"name":"(anonymous_1)","decl":{"start":{"line":22,"column":26},"end":{"line":22,"column":27}},"loc":{"start":{"line":22,"column":32},"end":{"line":37,"column":3}},"line":22},"2":{"name":"(anonymous_2)","decl":{"start":{"line":48,"column":22},"end":{"line":48,"column":23}},"loc":{"start":{"line":48,"column":32},"end":{"line":48,"column":72}},"line":48},"3":{"name":"(anonymous_3)","decl":{"start":{"line":56,"column":22},"end":{"line":56,"column":23}},"loc":{"start":{"line":56,"column":32},"end":{"line":56,"column":71}},"line":56},"4":{"name":"(anonymous_4)","decl":{"start":{"line":64,"column":22},"end":{"line":64,"column":23}},"loc":{"start":{"line":64,"column":32},"end":{"line":64,"column":68}},"line":64},"5":{"name":"(anonymous_5)","decl":{"start":{"line":76,"column":22},"end":{"line":76,"column":23}},"loc":{"start":{"line":76,"column":32},"end":{"line":76,"column":71}},"line":76},"6":{"name":"(anonymous_6)","decl":{"start":{"line":90,"column":35},"end":{"line":90,"column":36}},"loc":{"start":{"line":90,"column":41},"end":{"line":90,"column":74}},"line":90}},"branchMap":{"0":{"loc":{"start":{"line":29,"column":4},"end":{"line":35,"column":5}},"type":"if","locations":[{"start":{"line":29,"column":4},"end":{"line":35,"column":5}},{"start":{},"end":{}}],"line":29},"1":{"loc":{"start":{"line":29,"column":8},"end":{"line":29,"column":70}},"type":"binary-expr","locations":[{"start":{"line":29,"column":8},"end":{"line":29,"column":18}},{"start":{"line":29,"column":22},"end":{"line":29,"column":35}},{"start":{"line":29,"column":39},"end":{"line":29,"column":53}},{"start":{"line":29,"column":57},"end":{"line":29,"column":70}}],"line":29}},"s":{"0":0,"1":0,"2":0,"3":0,"4":0,"5":0,"6":0,"7":0,"8":0,"9":0,"10":0,"11":0,"12":0,"13":0,"14":0,"15":0,"16":0,"17":0,"18":0,"19":0,"20":0,"21":0,"22":0,"23":0,"24":1},"f":{"0":0,"1":0,"2":0,"3":0,"4":0,"5":0,"6":0},"b":{"0":[0,0],"1":[0,0,0,0]},"_coverageSchema":"1a1c01bbd47fc00a2c39e90264f33305004495a9","hash":"d1699175087faf14e9cc88de85edd283dd1c24b1"}
,"C:\\Users\\janka\\Desktop\\kodai\\scango\\frontend\\src\\screens\\ResetPasswordScreen.js": {"path":"C:\\Users\\janka\\Desktop\\kodai\\scango\\frontend\\src\\screens\\ResetPasswordScreen.js","statementMap":{"0":{"start":{"line":11,"column":28},"end":{"line":11,"column":62}},"1":{"start":{"line":13,"column":33},"end":{"line":20,"column":3}},"2":{"start":{"line":14,"column":23},"end":{"line":14,"column":50}},"3":{"start":{"line":15,"column":4},"end":{"line":18,"column":5}},"4":{"start":{"line":16,"column":6},"end":{"line":16,"column":47}},"5":{"start":{"line":17,"column":6},"end":{"line":17,"column":12}},"6":{"start":{"line":19,"column":4},"end":{"line":19,"column":38}},"7":{"start":{"line":22,"column":2},"end":{"line":48,"column":3}},"8":{"start":{"line":31,"column":32},"end":{"line":31,"column":68}}},"fnMap":{"0":{"name":"ResetPasswordScreen","decl":{"start":{"line":10,"column":24},"end":{"line":10,"column":43}},"loc":{"start":{"line":10,"column":60},"end":{"line":49,"column":1}},"line":10},"1":{"name":"(anonymous_1)","decl":{"start":{"line":13,"column":33},"end":{"line":13,"column":34}},"loc":{"start":{"line":13,"column":39},"end":{"line":20,"column":3}},"line":13},"2":{"name":"(anonymous_2)","decl":{"start":{"line":31,"column":22},"end":{"line":31,"column":23}},"loc":{"start":{"line":31,"column":32},"end":{"line":31,"column":68}},"line":31}},"branchMap":{"0":{"loc":{"start":{"line":15,"column":4},"end":{"line":18,"column":5}},"type":"if","locations":[{"start":{"line":15,"column":4},"end":{"line":18,"column":5}},{"start":{},"end":{}}],"line":15}},"s":{"0":0,"1":0,"2":0,"3":0,"4":0,"5":0,"6":0,"7":0,"8":0},"f":{"0":0,"1":0,"2":0},"b":{"0":[0,0]},"_coverageSchema":"1a1c01bbd47fc00a2c39e90264f33305004495a9","hash":"474e46c5888483a13d4b76ac791113805d754a9c"}
,"C:\\Users\\janka\\Desktop\\kodai\\scango\\frontend\\src\\screens\\ShoppingListsScreen.js": {"path":"C:\\Users\\janka\\Desktop\\kodai\\scango\\frontend\\src\\screens\\ShoppingListsScreen.js","statementMap":{"0":{"start":{"line":15,"column":23},"end":{"line":15,"column":38}},"1":{"start":{"line":16,"column":36},"end":{"line":16,"column":48}},"2":{"start":{"line":17,"column":44},"end":{"line":17,"column":59}},"3":{"start":{"line":18,"column":62},"end":{"line":18,"column":77}},"4":{"start":{"line":19,"column":36},"end":{"line":19,"column":50}},"5":{"start":{"line":20,"column":44},"end":{"line":20,"column":58}},"6":{"start":{"line":21,"column":19},"end":{"line":21,"column":33}},"7":{"start":{"line":22,"column":50},"end":{"line":22,"column":64}},"8":{"start":{"line":24,"column":4},"end":{"line":42,"column":17}},"9":{"start":{"line":25,"column":8},"end":{"line":25,"column":36}},"10":{"start":{"line":26,"column":26},"end":{"line":40,"column":9}},"11":{"start":{"line":27,"column":29},"end":{"line":31,"column":14}},"12":{"start":{"line":28,"column":33},"end":{"line":28,"column":123}},"13":{"start":{"line":29,"column":29},"end":{"line":29,"column":50}},"14":{"start":{"line":30,"column":16},"end":{"line":30,"column":65}},"15":{"start":{"line":32,"column":28},"end":{"line":32,"column":55}},"16":{"start":{"line":33,"column":12},"end":{"line":33,"column":44}},"17":{"start":{"line":34,"column":12},"end":{"line":39,"column":15}},"18":{"start":{"line":35,"column":16},"end":{"line":38,"column":20}},"19":{"start":{"line":35,"column":49},"end":{"line":38,"column":17}},"20":{"start":{"line":41,"column":8},"end":{"line":41,"column":20}},"21":{"start":{"line":43,"column":31},"end":{"line":47,"column":5}},"22":{"start":{"line":44,"column":8},"end":{"line":46,"column":53}},"23":{"start":{"line":45,"column":32},"end":{"line":45,"column":47}},"24":{"start":{"line":46,"column":30},"end":{"line":46,"column":50}},"25":{"start":{"line":48,"column":26},"end":{"line":54,"column":5}},"26":{"start":{"line":49,"column":8},"end":{"line":53,"column":46}},"27":{"start":{"line":50,"column":32},"end":{"line":50,"column":47}},"28":{"start":{"line":51,"column":28},"end":{"line":51,"column":45}},"29":{"start":{"line":52,"column":30},"end":{"line":52,"column":50}},"30":{"start":{"line":53,"column":27},"end":{"line":53,"column":44}},"31":{"start":{"line":56,"column":4},"end":{"line":58,"column":11}},"32":{"start":{"line":57,"column":8},"end":{"line":57,"column":24}},"33":{"start":{"line":60,"column":4},"end":{"line":66,"column":21}},"34":{"start":{"line":61,"column":28},"end":{"line":63,"column":10}},"35":{"start":{"line":62,"column":12},"end":{"line":62,"column":28}},"36":{"start":{"line":65,"column":8},"end":{"line":65,"column":27}},"37":{"start":{"line":68,"column":20},"end":{"line":72,"column":5}},"38":{"start":{"line":69,"column":8},"end":{"line":69,"column":31}},"39":{"start":{"line":70,"column":8},"end":{"line":70,"column":30}},"40":{"start":{"line":71,"column":8},"end":{"line":71,"column":24}},"41":{"start":{"line":74,"column":34},"end":{"line":76,"column":5}},"42":{"start":{"line":75,"column":8},"end":{"line":75,"column":40}},"43":{"start":{"line":77,"column":27},"end":{"line":92,"column":5}},"44":{"start":{"line":78,"column":8},"end":{"line":91,"column":9}},"45":{"start":{"line":79,"column":29},"end":{"line":88,"column":14}},"46":{"start":{"line":89,"column":25},"end":{"line":89,"column":46}},"47":{"start":{"line":93,"column":22},"end":{"line":102,"column":5}},"48":{"start":{"line":94,"column":8},"end":{"line":94,"column":31}},"49":{"start":{"line":96,"column":8},"end":{"line":96,"column":24}},"50":{"start":{"line":99,"column":8},"end":{"line":99,"column":31}},"51":{"start":{"line":100,"column":8},"end":{"line":100,"column":30}},"52":{"start":{"line":105,"column":28},"end":{"line":141,"column":5}},"53":{"start":{"line":106,"column":25},"end":{"line":106,"column":49}},"54":{"start":{"line":107,"column":8},"end":{"line":140,"column":25}},"55":{"start":{"line":123,"column":16},"end":{"line":123,"column":48}},"56":{"start":{"line":124,"column":16},"end":{"line":130,"column":18}},"57":{"start":{"line":142,"column":23},"end":{"line":168,"column":5}},"58":{"start":{"line":143,"column":8},"end":{"line":167,"column":10}},"59":{"start":{"line":154,"column":20},"end":{"line":154,"column":42}},"60":{"start":{"line":155,"column":20},"end":{"line":155,"column":42}},"61":{"start":{"line":169,"column":4},"end":{"line":231,"column":5}},"62":{"start":{"line":204,"column":28},"end":{"line":204,"column":59}},"63":{"start":{"line":212,"column":50},"end":{"line":212,"column":57}},"64":{"start":{"line":222,"column":38},"end":{"line":222,"column":45}},"65":{"start":{"line":226,"column":78},"end":{"line":226,"column":108}},"66":{"start":{"line":233,"column":15},"end":{"line":313,"column":2}}},"fnMap":{"0":{"name":"ShoppingListsScreen","decl":{"start":{"line":14,"column":24},"end":{"line":14,"column":43}},"loc":{"start":{"line":14,"column":58},"end":{"line":232,"column":1}},"line":14},"1":{"name":"(anonymous_1)","decl":{"start":{"line":24,"column":14},"end":{"line":24,"column":15}},"loc":{"start":{"line":24,"column":20},"end":{"line":42,"column":5}},"line":24},"2":{"name":"(anonymous_2)","decl":{"start":{"line":26,"column":26},"end":{"line":26,"column":27}},"loc":{"start":{"line":26,"column":38},"end":{"line":40,"column":9}},"line":26},"3":{"name":"(anonymous_3)","decl":{"start":{"line":27,"column":40},"end":{"line":27,"column":41}},"loc":{"start":{"line":27,"column":57},"end":{"line":31,"column":13}},"line":27},"4":{"name":"(anonymous_4)","decl":{"start":{"line":34,"column":28},"end":{"line":34,"column":29}},"loc":{"start":{"line":34,"column":38},"end":{"line":39,"column":13}},"line":34},"5":{"name":"(anonymous_5)","decl":{"start":{"line":35,"column":35},"end":{"line":35,"column":36}},"loc":{"start":{"line":35,"column":49},"end":{"line":38,"column":17}},"line":35},"6":{"name":"(anonymous_6)","decl":{"start":{"line":43,"column":31},"end":{"line":43,"column":32}},"loc":{"start":{"line":43,"column":44},"end":{"line":47,"column":5}},"line":43},"7":{"name":"(anonymous_7)","decl":{"start":{"line":45,"column":18},"end":{"line":45,"column":19}},"loc":{"start":{"line":45,"column":32},"end":{"line":45,"column":47}},"line":45},"8":{"name":"(anonymous_8)","decl":{"start":{"line":46,"column":18},"end":{"line":46,"column":19}},"loc":{"start":{"line":46,"column":28},"end":{"line":46,"column":52}},"line":46},"9":{"name":"(anonymous_9)","decl":{"start":{"line":48,"column":26},"end":{"line":48,"column":27}},"loc":{"start":{"line":48,"column":32},"end":{"line":54,"column":5}},"line":48},"10":{"name":"(anonymous_10)","decl":{"start":{"line":50,"column":18},"end":{"line":50,"column":19}},"loc":{"start":{"line":50,"column":32},"end":{"line":50,"column":47}},"line":50},"11":{"name":"(anonymous_11)","decl":{"start":{"line":51,"column":18},"end":{"line":51,"column":19}},"loc":{"start":{"line":51,"column":28},"end":{"line":51,"column":45}},"line":51},"12":{"name":"(anonymous_12)","decl":{"start":{"line":52,"column":19},"end":{"line":52,"column":20}},"loc":{"start":{"line":52,"column":30},"end":{"line":52,"column":50}},"line":52},"13":{"name":"(anonymous_13)","decl":{"start":{"line":53,"column":21},"end":{"line":53,"column":22}},"loc":{"start":{"line":53,"column":27},"end":{"line":53,"column":44}},"line":53},"14":{"name":"(anonymous_14)","decl":{"start":{"line":56,"column":14},"end":{"line":56,"column":15}},"loc":{"start":{"line":56,"column":20},"end":{"line":58,"column":5}},"line":56},"15":{"name":"(anonymous_15)","decl":{"start":{"line":60,"column":14},"end":{"line":60,"column":15}},"loc":{"start":{"line":60,"column":20},"end":{"line":66,"column":5}},"line":60},"16":{"name":"(anonymous_16)","decl":{"start":{"line":61,"column":60},"end":{"line":61,"column":61}},"loc":{"start":{"line":61,"column":66},"end":{"line":63,"column":9}},"line":61},"17":{"name":"(anonymous_17)","decl":{"start":{"line":68,"column":20},"end":{"line":68,"column":21}},"loc":{"start":{"line":68,"column":26},"end":{"line":72,"column":5}},"line":68},"18":{"name":"(anonymous_18)","decl":{"start":{"line":74,"column":34},"end":{"line":74,"column":35}},"loc":{"start":{"line":74,"column":40},"end":{"line":76,"column":5}},"line":74},"19":{"name":"(anonymous_19)","decl":{"start":{"line":77,"column":27},"end":{"line":77,"column":28}},"loc":{"start":{"line":77,"column":39},"end":{"line":92,"column":5}},"line":77},"20":{"name":"(anonymous_20)","decl":{"start":{"line":93,"column":22},"end":{"line":93,"column":23}},"loc":{"start":{"line":93,"column":34},"end":{"line":102,"column":5}},"line":93},"21":{"name":"(anonymous_21)","decl":{"start":{"line":105,"column":28},"end":{"line":105,"column":29}},"loc":{"start":{"line":105,"column":42},"end":{"line":141,"column":5}},"line":105},"22":{"name":"(anonymous_22)","decl":{"start":{"line":122,"column":67},"end":{"line":122,"column":68}},"loc":{"start":{"line":122,"column":73},"end":{"line":131,"column":13}},"line":122},"23":{"name":"(anonymous_23)","decl":{"start":{"line":142,"column":23},"end":{"line":142,"column":24}},"loc":{"start":{"line":142,"column":37},"end":{"line":168,"column":5}},"line":142},"24":{"name":"(anonymous_24)","decl":{"start":{"line":153,"column":71},"end":{"line":153,"column":72}},"loc":{"start":{"line":153,"column":77},"end":{"line":157,"column":17}},"line":153},"25":{"name":"(anonymous_25)","decl":{"start":{"line":203,"column":78},"end":{"line":203,"column":79}},"loc":{"start":{"line":204,"column":28},"end":{"line":204,"column":59}},"line":204},"26":{"name":"(anonymous_26)","decl":{"start":{"line":212,"column":42},"end":{"line":212,"column":43}},"loc":{"start":{"line":212,"column":50},"end":{"line":212,"column":57}},"line":212},"27":{"name":"(anonymous_27)","decl":{"start":{"line":222,"column":30},"end":{"line":222,"column":31}},"loc":{"start":{"line":222,"column":38},"end":{"line":222,"column":45}},"line":222},"28":{"name":"(anonymous_28)","decl":{"start":{"line":226,"column":72},"end":{"line":226,"column":73}},"loc":{"start":{"line":226,"column":78},"end":{"line":226,"column":108}},"line":226}},"branchMap":{"0":{"loc":{"start":{"line":115,"column":27},"end":{"line":117,"column":35}},"type":"cond-expr","locations":[{"start":{"line":115,"column":44},"end":{"line":115,"column":49}},{"start":{"line":116,"column":24},"end":{"line":117,"column":35}}],"line":115},"1":{"loc":{"start":{"line":116,"column":24},"end":{"line":117,"column":35}},"type":"cond-expr","locations":[{"start":{"line":116,"column":53},"end":{"line":116,"column":61}},{"start":{"line":117,"column":28},"end":{"line":117,"column":35}}],"line":116}},"s":{"0":0,"1":0,"2":0,"3":0,"4":0,"5":0,"6":0,"7":0,"8":0,"9":0,"10":0,"11":0,"12":0,"13":0,"14":0,"15":0,"16":0,"17":0,"18":0,"19":0,"20":0,"21":0,"22":0,"23":0,"24":0,"25":0,"26":0,"27":0,"28":0,"29":0,"30":0,"31":0,"32":0,"33":0,"34":0,"35":0,"36":0,"37":0,"38":0,"39":0,"40":0,"41":0,"42":0,"43":0,"44":0,"45":0,"46":0,"47":0,"48":0,"49":0,"50":0,"51":0,"52":0,"53":0,"54":0,"55":0,"56":0,"57":0,"58":0,"59":0,"60":0,"61":0,"62":0,"63":0,"64":0,"65":0,"66":1},"f":{"0":0,"1":0,"2":0,"3":0,"4":0,"5":0,"6":0,"7":0,"8":0,"9":0,"10":0,"11":0,"12":0,"13":0,"14":0,"15":0,"16":0,"17":0,"18":0,"19":0,"20":0,"21":0,"22":0,"23":0,"24":0,"25":0,"26":0,"27":0,"28":0},"b":{"0":[0,0],"1":[0,0]},"_coverageSchema":"1a1c01bbd47fc00a2c39e90264f33305004495a9","hash":"1b1e9ea9cbb32f169b19263baa3e12cc1a6e9add"}
,"C:\\Users\\janka\\Desktop\\kodai\\scango\\frontend\\src\\screens\\StartScreen.js": {"path":"C:\\Users\\janka\\Desktop\\kodai\\scango\\frontend\\src\\screens\\StartScreen.js","statementMap":{"0":{"start":{"line":9,"column":2},"end":{"line":25,"column":3}},"1":{"start":{"line":14,"column":23},"end":{"line":14,"column":57}},"2":{"start":{"line":20,"column":23},"end":{"line":20,"column":60}}},"fnMap":{"0":{"name":"StartScreen","decl":{"start":{"line":8,"column":24},"end":{"line":8,"column":35}},"loc":{"start":{"line":8,"column":52},"end":{"line":26,"column":1}},"line":8},"1":{"name":"(anonymous_1)","decl":{"start":{"line":14,"column":17},"end":{"line":14,"column":18}},"loc":{"start":{"line":14,"column":23},"end":{"line":14,"column":57}},"line":14},"2":{"name":"(anonymous_2)","decl":{"start":{"line":20,"column":17},"end":{"line":20,"column":18}},"loc":{"start":{"line":20,"column":23},"end":{"line":20,"column":60}},"line":20}},"branchMap":{},"s":{"0":1,"1":0,"2":0},"f":{"0":1,"1":0,"2":0},"b":{},"_coverageSchema":"1a1c01bbd47fc00a2c39e90264f33305004495a9","hash":"e52cdf6186a26e9808863b538f62ccdac5c60dfa"}
,"C:\\Users\\janka\\Desktop\\kodai\\scango\\frontend\\src\\screens\\index.js": {"path":"C:\\Users\\janka\\Desktop\\kodai\\scango\\frontend\\src\\screens\\index.js","statementMap":{},"fnMap":{},"branchMap":{},"s":{},"f":{},"b":{},"_coverageSchema":"1a1c01bbd47fc00a2c39e90264f33305004495a9","hash":"de81651823b5173f61fe8b869163f74194ea7c06"}
}
