{"C:\\Users\\Jankauskas\\Desktop\\unikas\\scango\\ScanAndGo\\App.js": {"path":"C:\\Users\\Jankauskas\\Desktop\\unikas\\scango\\ScanAndGo\\App.js","statementMap":{"0":{"start":{"line":17,"column":14},"end":{"line":17,"column":36}},"1":{"start":{"line":20,"column":34},"end":{"line":20,"column":48}},"2":{"start":{"line":23,"column":21},"end":{"line":25,"column":3}},"3":{"start":{"line":24,"column":4},"end":{"line":24,"column":26}},"4":{"start":{"line":26,"column":2},"end":{"line":52,"column":3}},"5":{"start":{"line":39,"column":34},"end":{"line":39,"column":84}},"6":{"start":{"line":43,"column":19},"end":{"line":43,"column":49}}},"fnMap":{"0":{"name":"App","decl":{"start":{"line":19,"column":24},"end":{"line":19,"column":27}},"loc":{"start":{"line":19,"column":30},"end":{"line":53,"column":1}},"line":19},"1":{"name":"(anonymous_1)","decl":{"start":{"line":23,"column":21},"end":{"line":23,"column":22}},"loc":{"start":{"line":23,"column":35},"end":{"line":25,"column":3}},"line":23},"2":{"name":"(anonymous_2)","decl":{"start":{"line":39,"column":23},"end":{"line":39,"column":24}},"loc":{"start":{"line":39,"column":34},"end":{"line":39,"column":84}},"line":39},"3":{"name":"(anonymous_3)","decl":{"start":{"line":43,"column":13},"end":{"line":43,"column":14}},"loc":{"start":{"line":43,"column":19},"end":{"line":43,"column":49}},"line":43}},"branchMap":{},"s":{"0":1,"1":1,"2":1,"3":0,"4":1,"5":0,"6":0},"f":{"0":1,"1":0,"2":0,"3":0},"b":{},"_coverageSchema":"1a1c01bbd47fc00a2c39e90264f33305004495a9","hash":"9ae5fe783d9e725580b65c54c07780b7246f0044"}
,"C:\\Users\\Jankauskas\\Desktop\\unikas\\scango\\ScanAndGo\\src\\assets\\Logo cropped.png": {"path":"C:\\Users\\Jankauskas\\Desktop\\unikas\\scango\\ScanAndGo\\src\\assets\\Logo cropped.png","statementMap":{"0":{"start":{"line":1,"column":0},"end":{"line":1,"column":19}}},"fnMap":{},"branchMap":{},"s":{"0":1},"f":{},"b":{},"_coverageSchema":"1a1c01bbd47fc00a2c39e90264f33305004495a9","hash":"33f66f855163879de67c8fb6760f66614066612f"}
,"C:\\Users\\Jankauskas\\Desktop\\unikas\\scango\\ScanAndGo\\src\\assets\\arrow_back.png": {"path":"C:\\Users\\Jankauskas\\Desktop\\unikas\\scango\\ScanAndGo\\src\\assets\\arrow_back.png","statementMap":{"0":{"start":{"line":1,"column":0},"end":{"line":1,"column":19}}},"fnMap":{},"branchMap":{},"s":{"0":1},"f":{},"b":{},"_coverageSchema":"1a1c01bbd47fc00a2c39e90264f33305004495a9","hash":"748ee423d9aed3e8565597e2839a674258c22eb4"}
,"C:\\Users\\Jankauskas\\Desktop\\unikas\\scango\\ScanAndGo\\src\\assets\\background_dot.png": {"path":"C:\\Users\\Jankauskas\\Desktop\\unikas\\scango\\ScanAndGo\\src\\assets\\background_dot.png","statementMap":{"0":{"start":{"line":1,"column":0},"end":{"line":1,"column":19}}},"fnMap":{},"branchMap":{},"s":{"0":1},"f":{},"b":{},"_coverageSchema":"1a1c01bbd47fc00a2c39e90264f33305004495a9","hash":"341dfc1b2043d26c060c68e3a4a372a100956caa"}
,"C:\\Users\\Jankauskas\\Desktop\\unikas\\scango\\ScanAndGo\\src\\components\\BackButton.js": {"path":"C:\\Users\\Jankauskas\\Desktop\\unikas\\scango\\ScanAndGo\\src\\components\\BackButton.js","statementMap":{"0":{"start":{"line":6,"column":2},"end":{"line":13,"column":3}},"1":{"start":{"line":16,"column":15},"end":{"line":26,"column":2}}},"fnMap":{"0":{"name":"BackButton","decl":{"start":{"line":5,"column":24},"end":{"line":5,"column":34}},"loc":{"start":{"line":5,"column":47},"end":{"line":14,"column":1}},"line":5}},"branchMap":{},"s":{"0":1,"1":2},"f":{"0":1},"b":{},"_coverageSchema":"1a1c01bbd47fc00a2c39e90264f33305004495a9","hash":"a1c7cde1588c4c115a77830589d24da98fd6b1fe"}
,"C:\\Users\\Jankauskas\\Desktop\\unikas\\scango\\ScanAndGo\\src\\components\\Background.js": {"path":"C:\\Users\\Jankauskas\\Desktop\\unikas\\scango\\ScanAndGo\\src\\components\\Background.js","statementMap":{"0":{"start":{"line":6,"column":2},"end":{"line":16,"column":3}},"1":{"start":{"line":19,"column":15},"end":{"line":30,"column":2}}},"fnMap":{"0":{"name":"Background","decl":{"start":{"line":5,"column":24},"end":{"line":5,"column":34}},"loc":{"start":{"line":5,"column":49},"end":{"line":17,"column":1}},"line":5}},"branchMap":{},"s":{"0":1,"1":2},"f":{"0":1},"b":{},"_coverageSchema":"1a1c01bbd47fc00a2c39e90264f33305004495a9","hash":"e538d74f51ddc54cadf1f22bd95dad3203119673"}
,"C:\\Users\\Jankauskas\\Desktop\\unikas\\scango\\ScanAndGo\\src\\components\\Button.js": {"path":"C:\\Users\\Jankauskas\\Desktop\\unikas\\scango\\ScanAndGo\\src\\components\\Button.js","statementMap":{"0":{"start":{"line":7,"column":2},"end":{"line":18,"column":3}},"1":{"start":{"line":21,"column":15},"end":{"line":32,"column":2}}},"fnMap":{"0":{"name":"Button","decl":{"start":{"line":6,"column":24},"end":{"line":6,"column":30}},"loc":{"start":{"line":6,"column":58},"end":{"line":19,"column":1}},"line":6}},"branchMap":{"0":{"loc":{"start":{"line":11,"column":8},"end":{"line":11,"column":72}},"type":"binary-expr","locations":[{"start":{"line":11,"column":8},"end":{"line":11,"column":27}},{"start":{"line":11,"column":31},"end":{"line":11,"column":72}}],"line":11}},"s":{"0":3,"1":3},"f":{"0":3},"b":{"0":[3,1]},"_coverageSchema":"1a1c01bbd47fc00a2c39e90264f33305004495a9","hash":"aa070a186facf6a434203bc6db483b8b99dcb672"}
,"C:\\Users\\Jankauskas\\Desktop\\unikas\\scango\\ScanAndGo\\src\\components\\Header.js": {"path":"C:\\Users\\Jankauskas\\Desktop\\unikas\\scango\\ScanAndGo\\src\\components\\Header.js","statementMap":{"0":{"start":{"line":7,"column":2},"end":{"line":7,"column":50}},"1":{"start":{"line":10,"column":15},"end":{"line":17,"column":2}}},"fnMap":{"0":{"name":"Header","decl":{"start":{"line":6,"column":24},"end":{"line":6,"column":30}},"loc":{"start":{"line":6,"column":38},"end":{"line":8,"column":1}},"line":6}},"branchMap":{},"s":{"0":0,"1":1},"f":{"0":0},"b":{},"_coverageSchema":"1a1c01bbd47fc00a2c39e90264f33305004495a9","hash":"e8f5b6eb76dbeea9a544b6ba46807b0a14283a8a"}
,"C:\\Users\\Jankauskas\\Desktop\\unikas\\scango\\ScanAndGo\\src\\components\\Logo.js": {"path":"C:\\Users\\Jankauskas\\Desktop\\unikas\\scango\\ScanAndGo\\src\\components\\Logo.js","statementMap":{"0":{"start":{"line":5,"column":2},"end":{"line":5,"column":86}},"1":{"start":{"line":8,"column":15},"end":{"line":14,"column":2}}},"fnMap":{"0":{"name":"Logo","decl":{"start":{"line":4,"column":24},"end":{"line":4,"column":28}},"loc":{"start":{"line":4,"column":31},"end":{"line":6,"column":1}},"line":4}},"branchMap":{},"s":{"0":1,"1":1},"f":{"0":1},"b":{},"_coverageSchema":"1a1c01bbd47fc00a2c39e90264f33305004495a9","hash":"cf071de3eca906725b51d22bdc7a86b3a8e99665"}
,"C:\\Users\\Jankauskas\\Desktop\\unikas\\scango\\ScanAndGo\\src\\components\\NavBar.js": {"path":"C:\\Users\\Jankauskas\\Desktop\\unikas\\scango\\ScanAndGo\\src\\components\\NavBar.js","statementMap":{"0":{"start":{"line":12,"column":12},"end":{"line":12,"column":38}},"1":{"start":{"line":14,"column":21},"end":{"line":14,"column":31}},"2":{"start":{"line":15,"column":26},"end":{"line":15,"column":41}},"3":{"start":{"line":16,"column":16},"end":{"line":16,"column":21}},"4":{"start":{"line":18,"column":16},"end":{"line":18,"column":21}},"5":{"start":{"line":19,"column":23},"end":{"line":19,"column":36}},"6":{"start":{"line":20,"column":17},"end":{"line":20,"column":23}},"7":{"start":{"line":21,"column":24},"end":{"line":21,"column":38}},"8":{"start":{"line":22,"column":21},"end":{"line":22,"column":26}},"9":{"start":{"line":23,"column":28},"end":{"line":23,"column":41}},"10":{"start":{"line":26,"column":4},"end":{"line":26,"column":44}},"11":{"start":{"line":27,"column":4},"end":{"line":61,"column":5}},"12":{"start":{"line":30,"column":43},"end":{"line":47,"column":13}},"13":{"start":{"line":33,"column":36},"end":{"line":33,"column":46}},"14":{"start":{"line":36,"column":20},"end":{"line":42,"column":21}},"15":{"start":{"line":37,"column":24},"end":{"line":37,"column":79}},"16":{"start":{"line":38,"column":27},"end":{"line":42,"column":21}},"17":{"start":{"line":39,"column":24},"end":{"line":39,"column":71}},"18":{"start":{"line":40,"column":27},"end":{"line":42,"column":21}},"19":{"start":{"line":41,"column":24},"end":{"line":41,"column":69}},"20":{"start":{"line":44,"column":20},"end":{"line":44,"column":90}},"21":{"start":{"line":51,"column":23},"end":{"line":51,"column":61}},"22":{"start":{"line":54,"column":23},"end":{"line":54,"column":66}},"23":{"start":{"line":57,"column":23},"end":{"line":57,"column":72}}},"fnMap":{"0":{"name":"MyTabs","decl":{"start":{"line":25,"column":24},"end":{"line":25,"column":30}},"loc":{"start":{"line":25,"column":45},"end":{"line":62,"column":1}},"line":25},"1":{"name":"(anonymous_1)","decl":{"start":{"line":30,"column":27},"end":{"line":30,"column":28}},"loc":{"start":{"line":30,"column":43},"end":{"line":47,"column":13}},"line":30},"2":{"name":"(anonymous_2)","decl":{"start":{"line":31,"column":28},"end":{"line":31,"column":29}},"loc":{"start":{"line":31,"column":58},"end":{"line":45,"column":17}},"line":31},"3":{"name":"(anonymous_3)","decl":{"start":{"line":51,"column":17},"end":{"line":51,"column":18}},"loc":{"start":{"line":51,"column":23},"end":{"line":51,"column":61}},"line":51},"4":{"name":"(anonymous_4)","decl":{"start":{"line":54,"column":17},"end":{"line":54,"column":18}},"loc":{"start":{"line":54,"column":23},"end":{"line":54,"column":66}},"line":54},"5":{"name":"(anonymous_5)","decl":{"start":{"line":57,"column":17},"end":{"line":57,"column":18}},"loc":{"start":{"line":57,"column":23},"end":{"line":57,"column":72}},"line":57}},"branchMap":{"0":{"loc":{"start":{"line":36,"column":20},"end":{"line":42,"column":21}},"type":"if","locations":[{"start":{"line":36,"column":20},"end":{"line":42,"column":21}},{"start":{"line":38,"column":27},"end":{"line":42,"column":21}}],"line":36},"1":{"loc":{"start":{"line":37,"column":35},"end":{"line":37,"column":79}},"type":"cond-expr","locations":[{"start":{"line":37,"column":45},"end":{"line":37,"column":57}},{"start":{"line":37,"column":60},"end":{"line":37,"column":79}}],"line":37},"2":{"loc":{"start":{"line":38,"column":27},"end":{"line":42,"column":21}},"type":"if","locations":[{"start":{"line":38,"column":27},"end":{"line":42,"column":21}},{"start":{"line":40,"column":27},"end":{"line":42,"column":21}}],"line":38},"3":{"loc":{"start":{"line":39,"column":35},"end":{"line":39,"column":71}},"type":"cond-expr","locations":[{"start":{"line":39,"column":45},"end":{"line":39,"column":53}},{"start":{"line":39,"column":56},"end":{"line":39,"column":71}}],"line":39},"4":{"loc":{"start":{"line":40,"column":27},"end":{"line":42,"column":21}},"type":"if","locations":[{"start":{"line":40,"column":27},"end":{"line":42,"column":21}},{"start":{},"end":{}}],"line":40},"5":{"loc":{"start":{"line":41,"column":35},"end":{"line":41,"column":69}},"type":"cond-expr","locations":[{"start":{"line":41,"column":45},"end":{"line":41,"column":52}},{"start":{"line":41,"column":55},"end":{"line":41,"column":69}}],"line":41}},"s":{"0":1,"1":1,"2":1,"3":1,"4":1,"5":1,"6":1,"7":1,"8":1,"9":1,"10":0,"11":0,"12":0,"13":0,"14":0,"15":0,"16":0,"17":0,"18":0,"19":0,"20":0,"21":0,"22":0,"23":0},"f":{"0":0,"1":0,"2":0,"3":0,"4":0,"5":0},"b":{"0":[0,0],"1":[0,0],"2":[0,0],"3":[0,0],"4":[0,0],"5":[0,0]},"_coverageSchema":"1a1c01bbd47fc00a2c39e90264f33305004495a9","hash":"111e47bd6025ad8a10b693b29c381adbe4f152b3"}
,"C:\\Users\\Jankauskas\\Desktop\\unikas\\scango\\ScanAndGo\\src\\components\\Paragraph.js": {"path":"C:\\Users\\Jankauskas\\Desktop\\unikas\\scango\\ScanAndGo\\src\\components\\Paragraph.js","statementMap":{"0":{"start":{"line":6,"column":2},"end":{"line":6,"column":48}},"1":{"start":{"line":9,"column":15},"end":{"line":16,"column":2}}},"fnMap":{"0":{"name":"Paragraph","decl":{"start":{"line":5,"column":24},"end":{"line":5,"column":33}},"loc":{"start":{"line":5,"column":41},"end":{"line":7,"column":1}},"line":5}},"branchMap":{},"s":{"0":0,"1":1},"f":{"0":0},"b":{},"_coverageSchema":"1a1c01bbd47fc00a2c39e90264f33305004495a9","hash":"68db8bf42770aad039bf7cc5f77741e2c0ad0b64"}
,"C:\\Users\\Jankauskas\\Desktop\\unikas\\scango\\ScanAndGo\\src\\components\\ShelfButton.js": {"path":"C:\\Users\\Jankauskas\\Desktop\\unikas\\scango\\ScanAndGo\\src\\components\\ShelfButton.js","statementMap":{"0":{"start":{"line":5,"column":20},"end":{"line":32,"column":3}},"1":{"start":{"line":6,"column":46},"end":{"line":6,"column":52}},"2":{"start":{"line":8,"column":19},"end":{"line":16,"column":6}},"3":{"start":{"line":18,"column":4},"end":{"line":31,"column":6}},"4":{"start":{"line":27,"column":28},"end":{"line":27,"column":53}}},"fnMap":{"0":{"name":"(anonymous_0)","decl":{"start":{"line":5,"column":20},"end":{"line":5,"column":21}},"loc":{"start":{"line":5,"column":45},"end":{"line":32,"column":3}},"line":5},"1":{"name":"(anonymous_1)","decl":{"start":{"line":27,"column":17},"end":{"line":27,"column":18}},"loc":{"start":{"line":27,"column":28},"end":{"line":27,"column":53}},"line":27}},"branchMap":{},"s":{"0":1,"1":0,"2":0,"3":0,"4":0},"f":{"0":0,"1":0},"b":{},"_coverageSchema":"1a1c01bbd47fc00a2c39e90264f33305004495a9","hash":"c639fc264799d7468ad035611eb7b7547e1d2f5f"}
,"C:\\Users\\Jankauskas\\Desktop\\unikas\\scango\\ScanAndGo\\src\\components\\TextInput.js": {"path":"C:\\Users\\Jankauskas\\Desktop\\unikas\\scango\\ScanAndGo\\src\\components\\TextInput.js","statementMap":{"0":{"start":{"line":7,"column":2},"end":{"line":21,"column":3}},"1":{"start":{"line":24,"column":15},"end":{"line":42,"column":2}}},"fnMap":{"0":{"name":"TextInput","decl":{"start":{"line":6,"column":24},"end":{"line":6,"column":33}},"loc":{"start":{"line":6,"column":72},"end":{"line":22,"column":1}},"line":6}},"branchMap":{"0":{"loc":{"start":{"line":16,"column":7},"end":{"line":18,"column":14}},"type":"cond-expr","locations":[{"start":{"line":17,"column":8},"end":{"line":17,"column":61}},{"start":{"line":18,"column":10},"end":{"line":18,"column":14}}],"line":16},"1":{"loc":{"start":{"line":16,"column":7},"end":{"line":16,"column":32}},"type":"binary-expr","locations":[{"start":{"line":16,"column":7},"end":{"line":16,"column":18}},{"start":{"line":16,"column":22},"end":{"line":16,"column":32}}],"line":16},"2":{"loc":{"start":{"line":19,"column":7},"end":{"line":19,"column":71}},"type":"cond-expr","locations":[{"start":{"line":19,"column":19},"end":{"line":19,"column":64}},{"start":{"line":19,"column":67},"end":{"line":19,"column":71}}],"line":19}},"s":{"0":0,"1":1},"f":{"0":0},"b":{"0":[0,0],"1":[0,0],"2":[0,0]},"_coverageSchema":"1a1c01bbd47fc00a2c39e90264f33305004495a9","hash":"2f37b7c9b0bbd2954f2b42cb2058edd9370fc74a"}
,"C:\\Users\\Jankauskas\\Desktop\\unikas\\scango\\ScanAndGo\\src\\const\\base_url.js": {"path":"C:\\Users\\Jankauskas\\Desktop\\unikas\\scango\\ScanAndGo\\src\\const\\base_url.js","statementMap":{"0":{"start":{"line":2,"column":4},"end":{"line":2,"column":35}}},"fnMap":{"0":{"name":"BaseUrl","decl":{"start":{"line":1,"column":24},"end":{"line":1,"column":31}},"loc":{"start":{"line":1,"column":34},"end":{"line":3,"column":1}},"line":1}},"branchMap":{},"s":{"0":10},"f":{"0":10},"b":{},"_coverageSchema":"1a1c01bbd47fc00a2c39e90264f33305004495a9","hash":"7156f09aef37aa835e41de08cb28e83ef6f1fc39"}
,"C:\\Users\\Jankauskas\\Desktop\\unikas\\scango\\ScanAndGo\\src\\core\\theme.js": {"path":"C:\\Users\\Jankauskas\\Desktop\\unikas\\scango\\ScanAndGo\\src\\core\\theme.js","statementMap":{"0":{"start":{"line":3,"column":21},"end":{"line":14,"column":1}}},"fnMap":{},"branchMap":{},"s":{"0":3},"f":{},"b":{},"_coverageSchema":"1a1c01bbd47fc00a2c39e90264f33305004495a9","hash":"dd78657907ca753b03c3cd16757f4b8c9f654010"}
,"C:\\Users\\Jankauskas\\Desktop\\unikas\\scango\\ScanAndGo\\src\\helpers\\addToList.js": {"path":"C:\\Users\\Jankauskas\\Desktop\\unikas\\scango\\ScanAndGo\\src\\helpers\\addToList.js","statementMap":{"0":{"start":{"line":4,"column":22},"end":{"line":22,"column":5}},"1":{"start":{"line":5,"column":19},"end":{"line":5,"column":23}},"2":{"start":{"line":6,"column":8},"end":{"line":20,"column":9}},"3":{"start":{"line":7,"column":29},"end":{"line":13,"column":14}},"4":{"start":{"line":15,"column":12},"end":{"line":15,"column":41}},"5":{"start":{"line":16,"column":12},"end":{"line":16,"column":29}},"6":{"start":{"line":19,"column":12},"end":{"line":19,"column":57}},"7":{"start":{"line":21,"column":8},"end":{"line":21,"column":19}},"8":{"start":{"line":24,"column":4},"end":{"line":24,"column":23}}},"fnMap":{"0":{"name":"addItemToList","decl":{"start":{"line":3,"column":16},"end":{"line":3,"column":29}},"loc":{"start":{"line":3,"column":54},"end":{"line":25,"column":1}},"line":3},"1":{"name":"(anonymous_1)","decl":{"start":{"line":4,"column":22},"end":{"line":4,"column":23}},"loc":{"start":{"line":4,"column":34},"end":{"line":22,"column":5}},"line":4}},"branchMap":{},"s":{"0":1,"1":1,"2":1,"3":1,"4":1,"5":1,"6":0,"7":1,"8":1},"f":{"0":1,"1":1},"b":{},"_coverageSchema":"1a1c01bbd47fc00a2c39e90264f33305004495a9","hash":"c5dbc3db3b131cb2ae7e5db3237e429e9307b956"}
,"C:\\Users\\Jankauskas\\Desktop\\unikas\\scango\\ScanAndGo\\src\\helpers\\emailValidator.js": {"path":"C:\\Users\\Jankauskas\\Desktop\\unikas\\scango\\ScanAndGo\\src\\helpers\\emailValidator.js","statementMap":{"0":{"start":{"line":2,"column":13},"end":{"line":2,"column":27}},"1":{"start":{"line":3,"column":2},"end":{"line":3,"column":44}},"2":{"start":{"line":3,"column":14},"end":{"line":3,"column":44}},"3":{"start":{"line":4,"column":2},"end":{"line":4,"column":69}},"4":{"start":{"line":4,"column":23},"end":{"line":4,"column":69}},"5":{"start":{"line":5,"column":2},"end":{"line":5,"column":11}}},"fnMap":{"0":{"name":"emailValidator","decl":{"start":{"line":1,"column":16},"end":{"line":1,"column":30}},"loc":{"start":{"line":1,"column":38},"end":{"line":6,"column":1}},"line":1}},"branchMap":{"0":{"loc":{"start":{"line":3,"column":2},"end":{"line":3,"column":44}},"type":"if","locations":[{"start":{"line":3,"column":2},"end":{"line":3,"column":44}},{"start":{},"end":{}}],"line":3},"1":{"loc":{"start":{"line":4,"column":2},"end":{"line":4,"column":69}},"type":"if","locations":[{"start":{"line":4,"column":2},"end":{"line":4,"column":69}},{"start":{},"end":{}}],"line":4}},"s":{"0":2,"1":2,"2":0,"3":2,"4":1,"5":1},"f":{"0":2},"b":{"0":[0,2],"1":[1,1]},"_coverageSchema":"1a1c01bbd47fc00a2c39e90264f33305004495a9","hash":"a6983073b698b94f8ac1bb3f3a625226c8901c47"}
,"C:\\Users\\Jankauskas\\Desktop\\unikas\\scango\\ScanAndGo\\src\\helpers\\getShelves.js": {"path":"C:\\Users\\Jankauskas\\Desktop\\unikas\\scango\\ScanAndGo\\src\\helpers\\getShelves.js","statementMap":{"0":{"start":{"line":4,"column":22},"end":{"line":19,"column":1}},"1":{"start":{"line":5,"column":28},"end":{"line":5,"column":42}},"2":{"start":{"line":6,"column":4},"end":{"line":17,"column":18}},"3":{"start":{"line":7,"column":26},"end":{"line":13,"column":9}},"4":{"start":{"line":8,"column":29},"end":{"line":10,"column":14}},"5":{"start":{"line":11,"column":25},"end":{"line":11,"column":46}},"6":{"start":{"line":12,"column":12},"end":{"line":12,"column":26}},"7":{"start":{"line":14,"column":8},"end":{"line":16,"column":9}},"8":{"start":{"line":15,"column":12},"end":{"line":15,"column":24}},"9":{"start":{"line":18,"column":4},"end":{"line":18,"column":16}}},"fnMap":{"0":{"name":"(anonymous_0)","decl":{"start":{"line":4,"column":22},"end":{"line":4,"column":23}},"loc":{"start":{"line":4,"column":44},"end":{"line":19,"column":1}},"line":4},"1":{"name":"(anonymous_1)","decl":{"start":{"line":6,"column":14},"end":{"line":6,"column":15}},"loc":{"start":{"line":6,"column":20},"end":{"line":17,"column":5}},"line":6},"2":{"name":"(anonymous_2)","decl":{"start":{"line":7,"column":26},"end":{"line":7,"column":27}},"loc":{"start":{"line":7,"column":38},"end":{"line":13,"column":9}},"line":7}},"branchMap":{"0":{"loc":{"start":{"line":14,"column":8},"end":{"line":16,"column":9}},"type":"if","locations":[{"start":{"line":14,"column":8},"end":{"line":16,"column":9}},{"start":{},"end":{}}],"line":14}},"s":{"0":2,"1":2,"2":2,"3":1,"4":1,"5":1,"6":1,"7":1,"8":1,"9":2},"f":{"0":2,"1":1,"2":1},"b":{"0":[1,0]},"_coverageSchema":"1a1c01bbd47fc00a2c39e90264f33305004495a9","hash":"efc021a0bdb79d3e1958f6a2abfb7582981c1d49"}
,"C:\\Users\\Jankauskas\\Desktop\\unikas\\scango\\ScanAndGo\\src\\helpers\\getStores.js": {"path":"C:\\Users\\Jankauskas\\Desktop\\unikas\\scango\\ScanAndGo\\src\\helpers\\getStores.js","statementMap":{"0":{"start":{"line":4,"column":21},"end":{"line":22,"column":1}},"1":{"start":{"line":5,"column":38},"end":{"line":5,"column":50}},"2":{"start":{"line":6,"column":4},"end":{"line":19,"column":11}},"3":{"start":{"line":7,"column":26},"end":{"line":17,"column":9}},"4":{"start":{"line":8,"column":29},"end":{"line":13,"column":14}},"5":{"start":{"line":14,"column":25},"end":{"line":14,"column":46}},"6":{"start":{"line":16,"column":12},"end":{"line":16,"column":31}},"7":{"start":{"line":18,"column":8},"end":{"line":18,"column":20}},"8":{"start":{"line":21,"column":4},"end":{"line":21,"column":21}}},"fnMap":{"0":{"name":"(anonymous_0)","decl":{"start":{"line":4,"column":21},"end":{"line":4,"column":22}},"loc":{"start":{"line":4,"column":27},"end":{"line":22,"column":1}},"line":4},"1":{"name":"(anonymous_1)","decl":{"start":{"line":6,"column":14},"end":{"line":6,"column":15}},"loc":{"start":{"line":6,"column":20},"end":{"line":19,"column":5}},"line":6},"2":{"name":"(anonymous_2)","decl":{"start":{"line":7,"column":26},"end":{"line":7,"column":27}},"loc":{"start":{"line":7,"column":38},"end":{"line":17,"column":9}},"line":7}},"branchMap":{},"s":{"0":2,"1":2,"2":2,"3":1,"4":1,"5":1,"6":1,"7":1,"8":2},"f":{"0":2,"1":1,"2":1},"b":{},"_coverageSchema":"1a1c01bbd47fc00a2c39e90264f33305004495a9","hash":"425607219fdbda3671ba6ab369f60e41b61fba0b"}
,"C:\\Users\\Jankauskas\\Desktop\\unikas\\scango\\ScanAndGo\\src\\helpers\\loginValidator.js": {"path":"C:\\Users\\Jankauskas\\Desktop\\unikas\\scango\\ScanAndGo\\src\\helpers\\loginValidator.js","statementMap":{"0":{"start":{"line":4,"column":26},"end":{"line":23,"column":1}},"1":{"start":{"line":5,"column":36},"end":{"line":5,"column":48}},"2":{"start":{"line":6,"column":4},"end":{"line":20,"column":38}},"3":{"start":{"line":7,"column":26},"end":{"line":18,"column":9}},"4":{"start":{"line":8,"column":29},"end":{"line":14,"column":14}},"5":{"start":{"line":15,"column":25},"end":{"line":15,"column":46}},"6":{"start":{"line":17,"column":12},"end":{"line":17,"column":30}},"7":{"start":{"line":19,"column":8},"end":{"line":19,"column":20}},"8":{"start":{"line":22,"column":4},"end":{"line":22,"column":20}}},"fnMap":{"0":{"name":"(anonymous_0)","decl":{"start":{"line":4,"column":26},"end":{"line":4,"column":27}},"loc":{"start":{"line":4,"column":37},"end":{"line":23,"column":1}},"line":4},"1":{"name":"(anonymous_1)","decl":{"start":{"line":6,"column":14},"end":{"line":6,"column":15}},"loc":{"start":{"line":6,"column":20},"end":{"line":20,"column":5}},"line":6},"2":{"name":"(anonymous_2)","decl":{"start":{"line":7,"column":26},"end":{"line":7,"column":27}},"loc":{"start":{"line":7,"column":38},"end":{"line":18,"column":9}},"line":7}},"branchMap":{},"s":{"0":2,"1":2,"2":2,"3":1,"4":1,"5":1,"6":1,"7":1,"8":2},"f":{"0":2,"1":1,"2":1},"b":{},"_coverageSchema":"1a1c01bbd47fc00a2c39e90264f33305004495a9","hash":"988eeb504be1cc31f7750bf87e6e6ad01726816c"}
,"C:\\Users\\Jankauskas\\Desktop\\unikas\\scango\\ScanAndGo\\src\\helpers\\nameValidator.js": {"path":"C:\\Users\\Jankauskas\\Desktop\\unikas\\scango\\ScanAndGo\\src\\helpers\\nameValidator.js","statementMap":{"0":{"start":{"line":2,"column":2},"end":{"line":2,"column":42}},"1":{"start":{"line":2,"column":13},"end":{"line":2,"column":42}},"2":{"start":{"line":3,"column":2},"end":{"line":3,"column":11}}},"fnMap":{"0":{"name":"nameValidator","decl":{"start":{"line":1,"column":16},"end":{"line":1,"column":29}},"loc":{"start":{"line":1,"column":36},"end":{"line":4,"column":1}},"line":1}},"branchMap":{"0":{"loc":{"start":{"line":2,"column":2},"end":{"line":2,"column":42}},"type":"if","locations":[{"start":{"line":2,"column":2},"end":{"line":2,"column":42}},{"start":{},"end":{}}],"line":2}},"s":{"0":2,"1":1,"2":1},"f":{"0":2},"b":{"0":[1,1]},"_coverageSchema":"1a1c01bbd47fc00a2c39e90264f33305004495a9","hash":"7574a8217521cfb6ed83cfb05595c3f1149eb0e4"}
,"C:\\Users\\Jankauskas\\Desktop\\unikas\\scango\\ScanAndGo\\src\\helpers\\passwordValidator.js": {"path":"C:\\Users\\Jankauskas\\Desktop\\unikas\\scango\\ScanAndGo\\src\\helpers\\passwordValidator.js","statementMap":{"0":{"start":{"line":2,"column":2},"end":{"line":2,"column":50}},"1":{"start":{"line":2,"column":17},"end":{"line":2,"column":50}},"2":{"start":{"line":3,"column":2},"end":{"line":3,"column":80}},"3":{"start":{"line":3,"column":27},"end":{"line":3,"column":80}},"4":{"start":{"line":4,"column":2},"end":{"line":4,"column":11}}},"fnMap":{"0":{"name":"passwordValidator","decl":{"start":{"line":1,"column":16},"end":{"line":1,"column":33}},"loc":{"start":{"line":1,"column":44},"end":{"line":5,"column":1}},"line":1}},"branchMap":{"0":{"loc":{"start":{"line":2,"column":2},"end":{"line":2,"column":50}},"type":"if","locations":[{"start":{"line":2,"column":2},"end":{"line":2,"column":50}},{"start":{},"end":{}}],"line":2},"1":{"loc":{"start":{"line":3,"column":2},"end":{"line":3,"column":80}},"type":"if","locations":[{"start":{"line":3,"column":2},"end":{"line":3,"column":80}},{"start":{},"end":{}}],"line":3}},"s":{"0":3,"1":1,"2":2,"3":1,"4":1},"f":{"0":3},"b":{"0":[1,2],"1":[1,1]},"_coverageSchema":"1a1c01bbd47fc00a2c39e90264f33305004495a9","hash":"46418e0296a2a83ff289f772957cae9872cbc1f4"}
,"C:\\Users\\Jankauskas\\Desktop\\unikas\\scango\\ScanAndGo\\src\\screens\\Dashboard.js": {"path":"C:\\Users\\Jankauskas\\Desktop\\unikas\\scango\\ScanAndGo\\src\\screens\\Dashboard.js","statementMap":{"0":{"start":{"line":10,"column":2},"end":{"line":12,"column":3}}},"fnMap":{"0":{"name":"Dashboard","decl":{"start":{"line":9,"column":24},"end":{"line":9,"column":33}},"loc":{"start":{"line":9,"column":36},"end":{"line":13,"column":1}},"line":9}},"branchMap":{},"s":{"0":0},"f":{"0":0},"b":{},"_coverageSchema":"1a1c01bbd47fc00a2c39e90264f33305004495a9","hash":"a168eaded98426198f613709cac285a62d013051"}
,"C:\\Users\\Jankauskas\\Desktop\\unikas\\scango\\ScanAndGo\\src\\screens\\LoginScreen.js": {"path":"C:\\Users\\Jankauskas\\Desktop\\unikas\\scango\\ScanAndGo\\src\\screens\\LoginScreen.js","statementMap":{"0":{"start":{"line":17,"column":28},"end":{"line":17,"column":79}},"1":{"start":{"line":18,"column":34},"end":{"line":18,"column":74}},"2":{"start":{"line":20,"column":19},"end":{"line":20,"column":86}},"3":{"start":{"line":24,"column":25},"end":{"line":44,"column":3}},"4":{"start":{"line":25,"column":23},"end":{"line":25,"column":50}},"5":{"start":{"line":26,"column":26},"end":{"line":26,"column":59}},"6":{"start":{"line":27,"column":4},"end":{"line":31,"column":5}},"7":{"start":{"line":28,"column":6},"end":{"line":28,"column":47}},"8":{"start":{"line":29,"column":6},"end":{"line":29,"column":56}},"9":{"start":{"line":30,"column":6},"end":{"line":30,"column":12}},"10":{"start":{"line":32,"column":4},"end":{"line":32,"column":33}},"11":{"start":{"line":33,"column":4},"end":{"line":33,"column":26}},"12":{"start":{"line":34,"column":4},"end":{"line":43,"column":5}},"13":{"start":{"line":35,"column":6},"end":{"line":35,"column":27}},"14":{"start":{"line":36,"column":6},"end":{"line":39,"column":8}},"15":{"start":{"line":41,"column":6},"end":{"line":41,"column":66}},"16":{"start":{"line":42,"column":6},"end":{"line":42,"column":72}},"17":{"start":{"line":46,"column":2},"end":{"line":90,"column":3}},"18":{"start":{"line":56,"column":32},"end":{"line":56,"column":68}},"19":{"start":{"line":68,"column":32},"end":{"line":68,"column":71}},"20":{"start":{"line":75,"column":25},"end":{"line":75,"column":67}},"21":{"start":{"line":85,"column":41},"end":{"line":85,"column":77}},"22":{"start":{"line":93,"column":15},"end":{"line":111,"column":2}}},"fnMap":{"0":{"name":"LoginScreen","decl":{"start":{"line":15,"column":24},"end":{"line":15,"column":35}},"loc":{"start":{"line":15,"column":64},"end":{"line":91,"column":1}},"line":15},"1":{"name":"(anonymous_1)","decl":{"start":{"line":24,"column":25},"end":{"line":24,"column":26}},"loc":{"start":{"line":24,"column":31},"end":{"line":44,"column":3}},"line":24},"2":{"name":"(anonymous_2)","decl":{"start":{"line":56,"column":22},"end":{"line":56,"column":23}},"loc":{"start":{"line":56,"column":32},"end":{"line":56,"column":68}},"line":56},"3":{"name":"(anonymous_3)","decl":{"start":{"line":68,"column":22},"end":{"line":68,"column":23}},"loc":{"start":{"line":68,"column":32},"end":{"line":68,"column":71}},"line":68},"4":{"name":"(anonymous_4)","decl":{"start":{"line":75,"column":19},"end":{"line":75,"column":20}},"loc":{"start":{"line":75,"column":25},"end":{"line":75,"column":67}},"line":75},"5":{"name":"(anonymous_5)","decl":{"start":{"line":85,"column":35},"end":{"line":85,"column":36}},"loc":{"start":{"line":85,"column":41},"end":{"line":85,"column":77}},"line":85}},"branchMap":{"0":{"loc":{"start":{"line":27,"column":4},"end":{"line":31,"column":5}},"type":"if","locations":[{"start":{"line":27,"column":4},"end":{"line":31,"column":5}},{"start":{},"end":{}}],"line":27},"1":{"loc":{"start":{"line":27,"column":8},"end":{"line":27,"column":35}},"type":"binary-expr","locations":[{"start":{"line":27,"column":8},"end":{"line":27,"column":18}},{"start":{"line":27,"column":22},"end":{"line":27,"column":35}}],"line":27},"2":{"loc":{"start":{"line":34,"column":4},"end":{"line":43,"column":5}},"type":"if","locations":[{"start":{"line":34,"column":4},"end":{"line":43,"column":5}},{"start":{"line":40,"column":11},"end":{"line":43,"column":5}}],"line":34},"3":{"loc":{"start":{"line":34,"column":8},"end":{"line":34,"column":78}},"type":"binary-expr","locations":[{"start":{"line":34,"column":8},"end":{"line":34,"column":38}},{"start":{"line":34,"column":42},"end":{"line":34,"column":78}}],"line":34}},"s":{"0":0,"1":0,"2":0,"3":0,"4":0,"5":0,"6":0,"7":0,"8":0,"9":0,"10":0,"11":0,"12":0,"13":0,"14":0,"15":0,"16":0,"17":0,"18":0,"19":0,"20":0,"21":0,"22":1},"f":{"0":0,"1":0,"2":0,"3":0,"4":0,"5":0},"b":{"0":[0,0],"1":[0,0],"2":[0,0],"3":[0,0]},"_coverageSchema":"1a1c01bbd47fc00a2c39e90264f33305004495a9","hash":"2b75656bf0ac79e64e4eea316be75cdce7b32da4"}
,"C:\\Users\\Jankauskas\\Desktop\\unikas\\scango\\ScanAndGo\\src\\screens\\MapScreen.js": {"path":"C:\\Users\\Jankauskas\\Desktop\\unikas\\scango\\ScanAndGo\\src\\screens\\MapScreen.js","statementMap":{"0":{"start":{"line":17,"column":18},"end":{"line":17,"column":28}},"1":{"start":{"line":19,"column":44},"end":{"line":19,"column":58}},"2":{"start":{"line":20,"column":38},"end":{"line":20,"column":71}},"3":{"start":{"line":22,"column":42},"end":{"line":22,"column":53}},"4":{"start":{"line":23,"column":62},"end":{"line":23,"column":102}},"5":{"start":{"line":24,"column":24},"end":{"line":24,"column":54}},"6":{"start":{"line":25,"column":25},"end":{"line":25,"column":56}},"7":{"start":{"line":26,"column":46},"end":{"line":26,"column":70}},"8":{"start":{"line":27,"column":46},"end":{"line":27,"column":58}},"9":{"start":{"line":29,"column":44},"end":{"line":29,"column":59}},"10":{"start":{"line":30,"column":22},"end":{"line":30,"column":36}},"11":{"start":{"line":31,"column":34},"end":{"line":31,"column":48}},"12":{"start":{"line":32,"column":34},"end":{"line":32,"column":48}},"13":{"start":{"line":33,"column":48},"end":{"line":33,"column":62}},"14":{"start":{"line":34,"column":46},"end":{"line":34,"column":60}},"15":{"start":{"line":36,"column":44},"end":{"line":36,"column":58}},"16":{"start":{"line":37,"column":4},"end":{"line":52,"column":23}},"17":{"start":{"line":38,"column":8},"end":{"line":51,"column":9}},"18":{"start":{"line":39,"column":29},"end":{"line":39,"column":49}},"19":{"start":{"line":40,"column":12},"end":{"line":40,"column":34}},"20":{"start":{"line":41,"column":12},"end":{"line":41,"column":49}},"21":{"start":{"line":42,"column":12},"end":{"line":42,"column":47}},"22":{"start":{"line":43,"column":12},"end":{"line":43,"column":50}},"23":{"start":{"line":44,"column":12},"end":{"line":48,"column":13}},"24":{"start":{"line":45,"column":16},"end":{"line":45,"column":38}},"25":{"start":{"line":47,"column":16},"end":{"line":47,"column":39}},"26":{"start":{"line":50,"column":12},"end":{"line":50,"column":58}},"27":{"start":{"line":54,"column":4},"end":{"line":61,"column":32}},"28":{"start":{"line":55,"column":8},"end":{"line":55,"column":72}},"29":{"start":{"line":56,"column":8},"end":{"line":59,"column":9}},"30":{"start":{"line":57,"column":12},"end":{"line":57,"column":43}},"31":{"start":{"line":58,"column":12},"end":{"line":58,"column":47}},"32":{"start":{"line":63,"column":4},"end":{"line":65,"column":23}},"33":{"start":{"line":64,"column":8},"end":{"line":64,"column":39}},"34":{"start":{"line":67,"column":4},"end":{"line":98,"column":23}},"35":{"start":{"line":68,"column":29},"end":{"line":84,"column":9}},"36":{"start":{"line":70,"column":29},"end":{"line":72,"column":14}},"37":{"start":{"line":73,"column":25},"end":{"line":73,"column":46}},"38":{"start":{"line":74,"column":27},"end":{"line":74,"column":43}},"39":{"start":{"line":75,"column":12},"end":{"line":82,"column":14}},"40":{"start":{"line":76,"column":16},"end":{"line":76,"column":42}},"41":{"start":{"line":78,"column":16},"end":{"line":80,"column":19}},"42":{"start":{"line":79,"column":20},"end":{"line":79,"column":66}},"43":{"start":{"line":83,"column":12},"end":{"line":83,"column":39}},"44":{"start":{"line":85,"column":31},"end":{"line":91,"column":9}},"45":{"start":{"line":86,"column":29},"end":{"line":88,"column":14}},"46":{"start":{"line":89,"column":25},"end":{"line":89,"column":46}},"47":{"start":{"line":90,"column":12},"end":{"line":90,"column":29}},"48":{"start":{"line":92,"column":8},"end":{"line":96,"column":9}},"49":{"start":{"line":93,"column":12},"end":{"line":93,"column":27}},"50":{"start":{"line":94,"column":12},"end":{"line":94,"column":45}},"51":{"start":{"line":95,"column":12},"end":{"line":95,"column":29}},"52":{"start":{"line":100,"column":22},"end":{"line":106,"column":5}},"53":{"start":{"line":102,"column":25},"end":{"line":102,"column":75}},"54":{"start":{"line":103,"column":25},"end":{"line":103,"column":82}},"55":{"start":{"line":105,"column":8},"end":{"line":105,"column":55}},"56":{"start":{"line":108,"column":30},"end":{"line":113,"column":5}},"57":{"start":{"line":109,"column":21},"end":{"line":109,"column":73}},"58":{"start":{"line":110,"column":21},"end":{"line":110,"column":73}},"59":{"start":{"line":112,"column":8},"end":{"line":112,"column":30}},"60":{"start":{"line":115,"column":26},"end":{"line":133,"column":5}},"61":{"start":{"line":116,"column":8},"end":{"line":121,"column":9}},"62":{"start":{"line":117,"column":12},"end":{"line":117,"column":30}},"63":{"start":{"line":118,"column":12},"end":{"line":118,"column":68}},"64":{"start":{"line":119,"column":12},"end":{"line":119,"column":33}},"65":{"start":{"line":120,"column":12},"end":{"line":120,"column":19}},"66":{"start":{"line":122,"column":26},"end":{"line":131,"column":9}},"67":{"start":{"line":124,"column":29},"end":{"line":126,"column":14}},"68":{"start":{"line":127,"column":25},"end":{"line":127,"column":46}},"69":{"start":{"line":128,"column":12},"end":{"line":128,"column":35}},"70":{"start":{"line":129,"column":12},"end":{"line":129,"column":41}},"71":{"start":{"line":130,"column":12},"end":{"line":130,"column":30}},"72":{"start":{"line":132,"column":8},"end":{"line":132,"column":22}},"73":{"start":{"line":136,"column":8},"end":{"line":153,"column":52}},"74":{"start":{"line":138,"column":30},"end":{"line":138,"column":45}},"75":{"start":{"line":140,"column":16},"end":{"line":143,"column":17}},"76":{"start":{"line":141,"column":20},"end":{"line":141,"column":62}},"77":{"start":{"line":142,"column":20},"end":{"line":142,"column":27}},"78":{"start":{"line":144,"column":16},"end":{"line":151,"column":19}},"79":{"start":{"line":145,"column":20},"end":{"line":150,"column":21}},"80":{"start":{"line":146,"column":24},"end":{"line":146,"column":48}},"81":{"start":{"line":147,"column":24},"end":{"line":147,"column":98}},"82":{"start":{"line":148,"column":24},"end":{"line":148,"column":116}},"83":{"start":{"line":149,"column":24},"end":{"line":149,"column":56}},"84":{"start":{"line":153,"column":30},"end":{"line":153,"column":50}},"85":{"start":{"line":155,"column":23},"end":{"line":171,"column":5}},"86":{"start":{"line":156,"column":8},"end":{"line":170,"column":10}},"87":{"start":{"line":164,"column":24},"end":{"line":164,"column":46}},"88":{"start":{"line":173,"column":4},"end":{"line":265,"column":5}},"89":{"start":{"line":179,"column":24},"end":{"line":181,"column":25}},"90":{"start":{"line":180,"column":28},"end":{"line":180,"column":55}},"91":{"start":{"line":187,"column":24},"end":{"line":187,"column":73}},"92":{"start":{"line":211,"column":36},"end":{"line":214,"column":41}},"93":{"start":{"line":212,"column":40},"end":{"line":212,"column":72}},"94":{"start":{"line":213,"column":40},"end":{"line":213,"column":128}},"95":{"start":{"line":231,"column":48},"end":{"line":240,"column":55}},"96":{"start":{"line":260,"column":38},"end":{"line":260,"column":45}},"97":{"start":{"line":269,"column":19},"end":{"line":339,"column":2}},"98":{"start":{"line":340,"column":21},"end":{"line":355,"column":2}},"99":{"start":{"line":357,"column":15},"end":{"line":381,"column":2}}},"fnMap":{"0":{"name":"MapScreen","decl":{"start":{"line":16,"column":24},"end":{"line":16,"column":33}},"loc":{"start":{"line":16,"column":48},"end":{"line":268,"column":1}},"line":16},"1":{"name":"(anonymous_1)","decl":{"start":{"line":37,"column":14},"end":{"line":37,"column":15}},"loc":{"start":{"line":37,"column":20},"end":{"line":52,"column":5}},"line":37},"2":{"name":"(anonymous_2)","decl":{"start":{"line":54,"column":14},"end":{"line":54,"column":15}},"loc":{"start":{"line":54,"column":20},"end":{"line":61,"column":5}},"line":54},"3":{"name":"(anonymous_3)","decl":{"start":{"line":63,"column":14},"end":{"line":63,"column":15}},"loc":{"start":{"line":63,"column":20},"end":{"line":65,"column":5}},"line":63},"4":{"name":"(anonymous_4)","decl":{"start":{"line":67,"column":14},"end":{"line":67,"column":15}},"loc":{"start":{"line":67,"column":20},"end":{"line":98,"column":5}},"line":67},"5":{"name":"(anonymous_5)","decl":{"start":{"line":68,"column":29},"end":{"line":68,"column":30}},"loc":{"start":{"line":68,"column":41},"end":{"line":84,"column":9}},"line":68},"6":{"name":"(anonymous_6)","decl":{"start":{"line":75,"column":28},"end":{"line":75,"column":29}},"loc":{"start":{"line":75,"column":34},"end":{"line":82,"column":13}},"line":75},"7":{"name":"(anonymous_7)","decl":{"start":{"line":78,"column":45},"end":{"line":78,"column":46}},"loc":{"start":{"line":78,"column":64},"end":{"line":80,"column":17}},"line":78},"8":{"name":"(anonymous_8)","decl":{"start":{"line":85,"column":31},"end":{"line":85,"column":32}},"loc":{"start":{"line":85,"column":43},"end":{"line":91,"column":9}},"line":85},"9":{"name":"(anonymous_9)","decl":{"start":{"line":100,"column":22},"end":{"line":100,"column":23}},"loc":{"start":{"line":100,"column":32},"end":{"line":106,"column":5}},"line":100},"10":{"name":"(anonymous_10)","decl":{"start":{"line":108,"column":30},"end":{"line":108,"column":31}},"loc":{"start":{"line":108,"column":41},"end":{"line":113,"column":5}},"line":108},"11":{"name":"(anonymous_11)","decl":{"start":{"line":115,"column":26},"end":{"line":115,"column":27}},"loc":{"start":{"line":115,"column":41},"end":{"line":133,"column":5}},"line":115},"12":{"name":"(anonymous_12)","decl":{"start":{"line":122,"column":26},"end":{"line":122,"column":27}},"loc":{"start":{"line":122,"column":40},"end":{"line":131,"column":9}},"line":122},"13":{"name":"onListItemClick","decl":{"start":{"line":135,"column":13},"end":{"line":135,"column":28}},"loc":{"start":{"line":135,"column":35},"end":{"line":154,"column":5}},"line":135},"14":{"name":"(anonymous_14)","decl":{"start":{"line":138,"column":16},"end":{"line":138,"column":17}},"loc":{"start":{"line":138,"column":30},"end":{"line":138,"column":45}},"line":138},"15":{"name":"(anonymous_15)","decl":{"start":{"line":139,"column":18},"end":{"line":139,"column":19}},"loc":{"start":{"line":139,"column":28},"end":{"line":152,"column":13}},"line":139},"16":{"name":"(anonymous_16)","decl":{"start":{"line":144,"column":32},"end":{"line":144,"column":33}},"loc":{"start":{"line":144,"column":43},"end":{"line":151,"column":17}},"line":144},"17":{"name":"(anonymous_17)","decl":{"start":{"line":153,"column":19},"end":{"line":153,"column":20}},"loc":{"start":{"line":153,"column":30},"end":{"line":153,"column":50}},"line":153},"18":{"name":"(anonymous_18)","decl":{"start":{"line":155,"column":23},"end":{"line":155,"column":24}},"loc":{"start":{"line":155,"column":37},"end":{"line":171,"column":5}},"line":155},"19":{"name":"(anonymous_19)","decl":{"start":{"line":163,"column":47},"end":{"line":163,"column":48}},"loc":{"start":{"line":163,"column":53},"end":{"line":165,"column":21}},"line":163},"20":{"name":"(anonymous_20)","decl":{"start":{"line":178,"column":35},"end":{"line":178,"column":36}},"loc":{"start":{"line":178,"column":61},"end":{"line":182,"column":21}},"line":178},"21":{"name":"(anonymous_21)","decl":{"start":{"line":186,"column":35},"end":{"line":186,"column":36}},"loc":{"start":{"line":187,"column":24},"end":{"line":187,"column":73}},"line":187},"22":{"name":"(anonymous_22)","decl":{"start":{"line":210,"column":56},"end":{"line":210,"column":57}},"loc":{"start":{"line":211,"column":36},"end":{"line":214,"column":41}},"line":211},"23":{"name":"(anonymous_23)","decl":{"start":{"line":211,"column":90},"end":{"line":211,"column":91}},"loc":{"start":{"line":211,"column":101},"end":{"line":214,"column":37}},"line":211},"24":{"name":"(anonymous_24)","decl":{"start":{"line":230,"column":64},"end":{"line":230,"column":65}},"loc":{"start":{"line":231,"column":48},"end":{"line":240,"column":55}},"line":231},"25":{"name":"(anonymous_25)","decl":{"start":{"line":260,"column":30},"end":{"line":260,"column":31}},"loc":{"start":{"line":260,"column":38},"end":{"line":260,"column":45}},"line":260}},"branchMap":{"0":{"loc":{"start":{"line":38,"column":8},"end":{"line":51,"column":9}},"type":"if","locations":[{"start":{"line":38,"column":8},"end":{"line":51,"column":9}},{"start":{"line":49,"column":15},"end":{"line":51,"column":9}}],"line":38},"1":{"loc":{"start":{"line":44,"column":12},"end":{"line":48,"column":13}},"type":"if","locations":[{"start":{"line":44,"column":12},"end":{"line":48,"column":13}},{"start":{"line":46,"column":19},"end":{"line":48,"column":13}}],"line":44},"2":{"loc":{"start":{"line":56,"column":8},"end":{"line":59,"column":9}},"type":"if","locations":[{"start":{"line":56,"column":8},"end":{"line":59,"column":9}},{"start":{},"end":{}}],"line":56},"3":{"loc":{"start":{"line":56,"column":12},"end":{"line":56,"column":67}},"type":"binary-expr","locations":[{"start":{"line":56,"column":12},"end":{"line":56,"column":24}},{"start":{"line":56,"column":28},"end":{"line":56,"column":48}},{"start":{"line":56,"column":52},"end":{"line":56,"column":67}}],"line":56},"4":{"loc":{"start":{"line":92,"column":8},"end":{"line":96,"column":9}},"type":"if","locations":[{"start":{"line":92,"column":8},"end":{"line":96,"column":9}},{"start":{},"end":{}}],"line":92},"5":{"loc":{"start":{"line":116,"column":8},"end":{"line":121,"column":9}},"type":"if","locations":[{"start":{"line":116,"column":8},"end":{"line":121,"column":9}},{"start":{},"end":{}}],"line":116},"6":{"loc":{"start":{"line":140,"column":16},"end":{"line":143,"column":17}},"type":"if","locations":[{"start":{"line":140,"column":16},"end":{"line":143,"column":17}},{"start":{},"end":{}}],"line":140},"7":{"loc":{"start":{"line":145,"column":20},"end":{"line":150,"column":21}},"type":"if","locations":[{"start":{"line":145,"column":20},"end":{"line":150,"column":21}},{"start":{},"end":{}}],"line":145},"8":{"loc":{"start":{"line":179,"column":24},"end":{"line":181,"column":25}},"type":"if","locations":[{"start":{"line":179,"column":24},"end":{"line":181,"column":25}},{"start":{},"end":{}}],"line":179},"9":{"loc":{"start":{"line":202,"column":29},"end":{"line":251,"column":46}},"type":"binary-expr","locations":[{"start":{"line":202,"column":29},"end":{"line":202,"column":36}},{"start":{"line":202,"column":40},"end":{"line":251,"column":46}}],"line":202},"10":{"loc":{"start":{"line":210,"column":33},"end":{"line":215,"column":34}},"type":"binary-expr","locations":[{"start":{"line":210,"column":33},"end":{"line":210,"column":40}},{"start":{"line":210,"column":44},"end":{"line":215,"column":34}}],"line":210},"11":{"loc":{"start":{"line":229,"column":40},"end":{"line":247,"column":55}},"type":"cond-expr","locations":[{"start":{"line":230,"column":46},"end":{"line":241,"column":46}},{"start":{"line":243,"column":44},"end":{"line":247,"column":55}}],"line":229},"12":{"loc":{"start":{"line":257,"column":13},"end":{"line":262,"column":21}},"type":"cond-expr","locations":[{"start":{"line":257,"column":55},"end":{"line":262,"column":14}},{"start":{"line":262,"column":17},"end":{"line":262,"column":21}}],"line":257},"13":{"loc":{"start":{"line":257,"column":13},"end":{"line":257,"column":52}},"type":"binary-expr","locations":[{"start":{"line":257,"column":13},"end":{"line":257,"column":27}},{"start":{"line":257,"column":31},"end":{"line":257,"column":52}}],"line":257}},"s":{"0":0,"1":0,"2":0,"3":0,"4":0,"5":0,"6":0,"7":0,"8":0,"9":0,"10":0,"11":0,"12":0,"13":0,"14":0,"15":0,"16":0,"17":0,"18":0,"19":0,"20":0,"21":0,"22":0,"23":0,"24":0,"25":0,"26":0,"27":0,"28":0,"29":0,"30":0,"31":0,"32":0,"33":0,"34":0,"35":0,"36":0,"37":0,"38":0,"39":0,"40":0,"41":0,"42":0,"43":0,"44":0,"45":0,"46":0,"47":0,"48":0,"49":0,"50":0,"51":0,"52":0,"53":0,"54":0,"55":0,"56":0,"57":0,"58":0,"59":0,"60":0,"61":0,"62":0,"63":0,"64":0,"65":0,"66":0,"67":0,"68":0,"69":0,"70":0,"71":0,"72":0,"73":0,"74":0,"75":0,"76":0,"77":0,"78":0,"79":0,"80":0,"81":0,"82":0,"83":0,"84":0,"85":0,"86":0,"87":0,"88":0,"89":0,"90":0,"91":0,"92":0,"93":0,"94":0,"95":0,"96":0,"97":1,"98":1,"99":1},"f":{"0":0,"1":0,"2":0,"3":0,"4":0,"5":0,"6":0,"7":0,"8":0,"9":0,"10":0,"11":0,"12":0,"13":0,"14":0,"15":0,"16":0,"17":0,"18":0,"19":0,"20":0,"21":0,"22":0,"23":0,"24":0,"25":0},"b":{"0":[0,0],"1":[0,0],"2":[0,0],"3":[0,0,0],"4":[0,0],"5":[0,0],"6":[0,0],"7":[0,0],"8":[0,0],"9":[0,0],"10":[0,0],"11":[0,0],"12":[0,0],"13":[0,0]},"_coverageSchema":"1a1c01bbd47fc00a2c39e90264f33305004495a9","hash":"6c438283fa40735239b773418191f476e6a01438"}
,"C:\\Users\\Jankauskas\\Desktop\\unikas\\scango\\ScanAndGo\\src\\screens\\ProductsScreen.js": {"path":"C:\\Users\\Jankauskas\\Desktop\\unikas\\scango\\ScanAndGo\\src\\screens\\ProductsScreen.js","statementMap":{"0":{"start":{"line":11,"column":29},"end":{"line":27,"column":1}},"1":{"start":{"line":12,"column":4},"end":{"line":12,"column":21}},"2":{"start":{"line":14,"column":4},"end":{"line":26,"column":5}},"3":{"start":{"line":15,"column":25},"end":{"line":15,"column":66}},"4":{"start":{"line":16,"column":8},"end":{"line":18,"column":9}},"5":{"start":{"line":17,"column":12},"end":{"line":17,"column":80}},"6":{"start":{"line":19,"column":21},"end":{"line":19,"column":42}},"7":{"start":{"line":20,"column":8},"end":{"line":20,"column":22}},"8":{"start":{"line":22,"column":8},"end":{"line":22,"column":29}},"9":{"start":{"line":25,"column":8},"end":{"line":25,"column":26}},"10":{"start":{"line":29,"column":23},"end":{"line":199,"column":1}},"11":{"start":{"line":30,"column":4},"end":{"line":30,"column":33}},"12":{"start":{"line":31,"column":36},"end":{"line":31,"column":50}},"13":{"start":{"line":32,"column":28},"end":{"line":32,"column":40}},"14":{"start":{"line":33,"column":38},"end":{"line":33,"column":50}},"15":{"start":{"line":34,"column":44},"end":{"line":34,"column":58}},"16":{"start":{"line":35,"column":54},"end":{"line":35,"column":68}},"17":{"start":{"line":36,"column":44},"end":{"line":36,"column":59}},"18":{"start":{"line":37,"column":32},"end":{"line":37,"column":44}},"19":{"start":{"line":39,"column":4},"end":{"line":41,"column":11}},"20":{"start":{"line":40,"column":8},"end":{"line":40,"column":43}},"21":{"start":{"line":42,"column":4},"end":{"line":55,"column":23}},"22":{"start":{"line":43,"column":8},"end":{"line":46,"column":9}},"23":{"start":{"line":44,"column":12},"end":{"line":44,"column":26}},"24":{"start":{"line":45,"column":12},"end":{"line":45,"column":19}},"25":{"start":{"line":47,"column":8},"end":{"line":47,"column":34}},"26":{"start":{"line":48,"column":8},"end":{"line":54,"column":44}},"27":{"start":{"line":50,"column":16},"end":{"line":50,"column":38}},"28":{"start":{"line":51,"column":16},"end":{"line":51,"column":38}},"29":{"start":{"line":54,"column":28},"end":{"line":54,"column":43}},"30":{"start":{"line":57,"column":4},"end":{"line":80,"column":15}},"31":{"start":{"line":58,"column":26},"end":{"line":78,"column":9}},"32":{"start":{"line":59,"column":29},"end":{"line":76,"column":14}},"33":{"start":{"line":60,"column":33},"end":{"line":66,"column":18}},"34":{"start":{"line":67,"column":29},"end":{"line":67,"column":50}},"35":{"start":{"line":68,"column":31},"end":{"line":68,"column":47}},"36":{"start":{"line":69,"column":16},"end":{"line":74,"column":18}},"37":{"start":{"line":70,"column":20},"end":{"line":73,"column":24}},"38":{"start":{"line":70,"column":47},"end":{"line":73,"column":21}},"39":{"start":{"line":75,"column":16},"end":{"line":75,"column":43}},"40":{"start":{"line":77,"column":12},"end":{"line":77,"column":40}},"41":{"start":{"line":79,"column":8},"end":{"line":79,"column":20}},"42":{"start":{"line":82,"column":23},"end":{"line":107,"column":5}},"43":{"start":{"line":83,"column":25},"end":{"line":83,"column":43}},"44":{"start":{"line":85,"column":8},"end":{"line":106,"column":9}},"45":{"start":{"line":88,"column":20},"end":{"line":88,"column":42}},"46":{"start":{"line":89,"column":20},"end":{"line":89,"column":51}},"47":{"start":{"line":90,"column":20},"end":{"line":90,"column":42}},"48":{"start":{"line":108,"column":21},"end":{"line":111,"column":5}},"49":{"start":{"line":109,"column":27},"end":{"line":109,"column":70}},"50":{"start":{"line":109,"column":52},"end":{"line":109,"column":69}},"51":{"start":{"line":110,"column":8},"end":{"line":110,"column":28}},"52":{"start":{"line":113,"column":23},"end":{"line":116,"column":5}},"53":{"start":{"line":114,"column":8},"end":{"line":114,"column":30}},"54":{"start":{"line":115,"column":8},"end":{"line":115,"column":31}},"55":{"start":{"line":118,"column":20},"end":{"line":127,"column":5}},"56":{"start":{"line":119,"column":23},"end":{"line":119,"column":72}},"57":{"start":{"line":120,"column":8},"end":{"line":126,"column":9}},"58":{"start":{"line":121,"column":12},"end":{"line":121,"column":45}},"59":{"start":{"line":122,"column":12},"end":{"line":122,"column":25}},"60":{"start":{"line":124,"column":12},"end":{"line":124,"column":43}},"61":{"start":{"line":125,"column":12},"end":{"line":125,"column":25}},"62":{"start":{"line":129,"column":4},"end":{"line":198,"column":6}},"63":{"start":{"line":153,"column":32},"end":{"line":180,"column":34}},"64":{"start":{"line":161,"column":48},"end":{"line":168,"column":50}},"65":{"start":{"line":169,"column":48},"end":{"line":169,"column":61}},"66":{"start":{"line":194,"column":38},"end":{"line":194,"column":47}},"67":{"start":{"line":200,"column":23},"end":{"line":234,"column":2}},"68":{"start":{"line":235,"column":15},"end":{"line":304,"column":2}}},"fnMap":{"0":{"name":"(anonymous_0)","decl":{"start":{"line":11,"column":29},"end":{"line":11,"column":30}},"loc":{"start":{"line":11,"column":60},"end":{"line":27,"column":1}},"line":11},"1":{"name":"(anonymous_1)","decl":{"start":{"line":29,"column":23},"end":{"line":29,"column":24}},"loc":{"start":{"line":29,"column":41},"end":{"line":199,"column":1}},"line":29},"2":{"name":"(anonymous_2)","decl":{"start":{"line":39,"column":14},"end":{"line":39,"column":15}},"loc":{"start":{"line":39,"column":20},"end":{"line":41,"column":5}},"line":39},"3":{"name":"(anonymous_3)","decl":{"start":{"line":42,"column":14},"end":{"line":42,"column":15}},"loc":{"start":{"line":42,"column":20},"end":{"line":55,"column":5}},"line":42},"4":{"name":"(anonymous_4)","decl":{"start":{"line":49,"column":18},"end":{"line":49,"column":19}},"loc":{"start":{"line":49,"column":32},"end":{"line":52,"column":13}},"line":49},"5":{"name":"(anonymous_5)","decl":{"start":{"line":54,"column":18},"end":{"line":54,"column":19}},"loc":{"start":{"line":54,"column":28},"end":{"line":54,"column":43}},"line":54},"6":{"name":"(anonymous_6)","decl":{"start":{"line":57,"column":14},"end":{"line":57,"column":15}},"loc":{"start":{"line":57,"column":20},"end":{"line":80,"column":5}},"line":57},"7":{"name":"(anonymous_7)","decl":{"start":{"line":58,"column":26},"end":{"line":58,"column":27}},"loc":{"start":{"line":58,"column":38},"end":{"line":78,"column":9}},"line":58},"8":{"name":"(anonymous_8)","decl":{"start":{"line":59,"column":38},"end":{"line":59,"column":39}},"loc":{"start":{"line":59,"column":54},"end":{"line":76,"column":13}},"line":59},"9":{"name":"(anonymous_9)","decl":{"start":{"line":69,"column":32},"end":{"line":69,"column":33}},"loc":{"start":{"line":69,"column":38},"end":{"line":74,"column":17}},"line":69},"10":{"name":"(anonymous_10)","decl":{"start":{"line":70,"column":33},"end":{"line":70,"column":34}},"loc":{"start":{"line":70,"column":47},"end":{"line":73,"column":21}},"line":70},"11":{"name":"(anonymous_11)","decl":{"start":{"line":82,"column":23},"end":{"line":82,"column":24}},"loc":{"start":{"line":82,"column":37},"end":{"line":107,"column":5}},"line":82},"12":{"name":"(anonymous_12)","decl":{"start":{"line":87,"column":25},"end":{"line":87,"column":26}},"loc":{"start":{"line":87,"column":31},"end":{"line":91,"column":17}},"line":87},"13":{"name":"(anonymous_13)","decl":{"start":{"line":108,"column":21},"end":{"line":108,"column":22}},"loc":{"start":{"line":108,"column":27},"end":{"line":111,"column":5}},"line":108},"14":{"name":"(anonymous_14)","decl":{"start":{"line":109,"column":42},"end":{"line":109,"column":43}},"loc":{"start":{"line":109,"column":52},"end":{"line":109,"column":69}},"line":109},"15":{"name":"(anonymous_15)","decl":{"start":{"line":113,"column":23},"end":{"line":113,"column":24}},"loc":{"start":{"line":113,"column":29},"end":{"line":116,"column":5}},"line":113},"16":{"name":"(anonymous_16)","decl":{"start":{"line":118,"column":20},"end":{"line":118,"column":21}},"loc":{"start":{"line":118,"column":32},"end":{"line":127,"column":5}},"line":118},"17":{"name":"(anonymous_17)","decl":{"start":{"line":152,"column":39},"end":{"line":152,"column":40}},"loc":{"start":{"line":152,"column":50},"end":{"line":181,"column":29}},"line":152},"18":{"name":"(anonymous_18)","decl":{"start":{"line":160,"column":107},"end":{"line":160,"column":108}},"loc":{"start":{"line":160,"column":113},"end":{"line":170,"column":45}},"line":160},"19":{"name":"(anonymous_19)","decl":{"start":{"line":194,"column":30},"end":{"line":194,"column":31}},"loc":{"start":{"line":194,"column":38},"end":{"line":194,"column":47}},"line":194}},"branchMap":{"0":{"loc":{"start":{"line":16,"column":8},"end":{"line":18,"column":9}},"type":"if","locations":[{"start":{"line":16,"column":8},"end":{"line":18,"column":9}},{"start":{},"end":{}}],"line":16},"1":{"loc":{"start":{"line":43,"column":8},"end":{"line":46,"column":9}},"type":"if","locations":[{"start":{"line":43,"column":8},"end":{"line":46,"column":9}},{"start":{},"end":{}}],"line":43},"2":{"loc":{"start":{"line":99,"column":21},"end":{"line":99,"column":90}},"type":"binary-expr","locations":[{"start":{"line":99,"column":21},"end":{"line":99,"column":29}},{"start":{"line":99,"column":33},"end":{"line":99,"column":90}}],"line":99},"3":{"loc":{"start":{"line":120,"column":8},"end":{"line":126,"column":9}},"type":"if","locations":[{"start":{"line":120,"column":8},"end":{"line":126,"column":9}},{"start":{"line":123,"column":15},"end":{"line":126,"column":9}}],"line":120},"4":{"loc":{"start":{"line":143,"column":29},"end":{"line":143,"column":121}},"type":"binary-expr","locations":[{"start":{"line":143,"column":29},"end":{"line":143,"column":46}},{"start":{"line":143,"column":50},"end":{"line":143,"column":121}}],"line":143},"5":{"loc":{"start":{"line":151,"column":25},"end":{"line":181,"column":66}},"type":"cond-expr","locations":[{"start":{"line":152,"column":28},"end":{"line":181,"column":30}},{"start":{"line":181,"column":33},"end":{"line":181,"column":66}}],"line":151}},"s":{"0":2,"1":1,"2":1,"3":1,"4":1,"5":0,"6":1,"7":1,"8":0,"9":1,"10":2,"11":0,"12":0,"13":0,"14":0,"15":0,"16":0,"17":0,"18":0,"19":0,"20":0,"21":0,"22":0,"23":0,"24":0,"25":0,"26":0,"27":0,"28":0,"29":0,"30":0,"31":0,"32":0,"33":0,"34":0,"35":0,"36":0,"37":0,"38":0,"39":0,"40":0,"41":0,"42":0,"43":0,"44":0,"45":0,"46":0,"47":0,"48":0,"49":0,"50":0,"51":0,"52":0,"53":0,"54":0,"55":0,"56":0,"57":0,"58":0,"59":0,"60":0,"61":0,"62":0,"63":0,"64":0,"65":0,"66":0,"67":2,"68":2},"f":{"0":1,"1":0,"2":0,"3":0,"4":0,"5":0,"6":0,"7":0,"8":0,"9":0,"10":0,"11":0,"12":0,"13":0,"14":0,"15":0,"16":0,"17":0,"18":0,"19":0},"b":{"0":[0,1],"1":[0,0],"2":[0,0],"3":[0,0],"4":[0,0],"5":[0,0]},"_coverageSchema":"1a1c01bbd47fc00a2c39e90264f33305004495a9","hash":"614b668c6644529bad98cc04dc823ae933668390"}
,"C:\\Users\\Jankauskas\\Desktop\\unikas\\scango\\ScanAndGo\\src\\screens\\RegisterScreen.js": {"path":"C:\\Users\\Jankauskas\\Desktop\\unikas\\scango\\ScanAndGo\\src\\screens\\RegisterScreen.js","statementMap":{"0":{"start":{"line":16,"column":36},"end":{"line":16,"column":70}},"1":{"start":{"line":17,"column":34},"end":{"line":17,"column":68}},"2":{"start":{"line":18,"column":26},"end":{"line":18,"column":60}},"3":{"start":{"line":19,"column":28},"end":{"line":19,"column":62}},"4":{"start":{"line":20,"column":34},"end":{"line":20,"column":68}},"5":{"start":{"line":22,"column":26},"end":{"line":37,"column":3}},"6":{"start":{"line":23,"column":22},"end":{"line":23,"column":47}},"7":{"start":{"line":24,"column":27},"end":{"line":24,"column":57}},"8":{"start":{"line":25,"column":26},"end":{"line":25,"column":55}},"9":{"start":{"line":26,"column":23},"end":{"line":26,"column":50}},"10":{"start":{"line":28,"column":26},"end":{"line":28,"column":59}},"11":{"start":{"line":29,"column":4},"end":{"line":35,"column":5}},"12":{"start":{"line":30,"column":6},"end":{"line":30,"column":57}},"13":{"start":{"line":31,"column":6},"end":{"line":31,"column":54}},"14":{"start":{"line":32,"column":6},"end":{"line":32,"column":47}},"15":{"start":{"line":33,"column":6},"end":{"line":33,"column":56}},"16":{"start":{"line":34,"column":6},"end":{"line":34,"column":12}},"17":{"start":{"line":36,"column":4},"end":{"line":36,"column":38}},"18":{"start":{"line":39,"column":2},"end":{"line":95,"column":3}},"19":{"start":{"line":48,"column":32},"end":{"line":48,"column":72}},"20":{"start":{"line":56,"column":32},"end":{"line":56,"column":71}},"21":{"start":{"line":64,"column":32},"end":{"line":64,"column":68}},"22":{"start":{"line":76,"column":32},"end":{"line":76,"column":71}},"23":{"start":{"line":90,"column":41},"end":{"line":90,"column":74}},"24":{"start":{"line":98,"column":15},"end":{"line":107,"column":2}}},"fnMap":{"0":{"name":"RegisterScreen","decl":{"start":{"line":15,"column":24},"end":{"line":15,"column":38}},"loc":{"start":{"line":15,"column":55},"end":{"line":96,"column":1}},"line":15},"1":{"name":"(anonymous_1)","decl":{"start":{"line":22,"column":26},"end":{"line":22,"column":27}},"loc":{"start":{"line":22,"column":32},"end":{"line":37,"column":3}},"line":22},"2":{"name":"(anonymous_2)","decl":{"start":{"line":48,"column":22},"end":{"line":48,"column":23}},"loc":{"start":{"line":48,"column":32},"end":{"line":48,"column":72}},"line":48},"3":{"name":"(anonymous_3)","decl":{"start":{"line":56,"column":22},"end":{"line":56,"column":23}},"loc":{"start":{"line":56,"column":32},"end":{"line":56,"column":71}},"line":56},"4":{"name":"(anonymous_4)","decl":{"start":{"line":64,"column":22},"end":{"line":64,"column":23}},"loc":{"start":{"line":64,"column":32},"end":{"line":64,"column":68}},"line":64},"5":{"name":"(anonymous_5)","decl":{"start":{"line":76,"column":22},"end":{"line":76,"column":23}},"loc":{"start":{"line":76,"column":32},"end":{"line":76,"column":71}},"line":76},"6":{"name":"(anonymous_6)","decl":{"start":{"line":90,"column":35},"end":{"line":90,"column":36}},"loc":{"start":{"line":90,"column":41},"end":{"line":90,"column":74}},"line":90}},"branchMap":{"0":{"loc":{"start":{"line":29,"column":4},"end":{"line":35,"column":5}},"type":"if","locations":[{"start":{"line":29,"column":4},"end":{"line":35,"column":5}},{"start":{},"end":{}}],"line":29},"1":{"loc":{"start":{"line":29,"column":8},"end":{"line":29,"column":70}},"type":"binary-expr","locations":[{"start":{"line":29,"column":8},"end":{"line":29,"column":18}},{"start":{"line":29,"column":22},"end":{"line":29,"column":35}},{"start":{"line":29,"column":39},"end":{"line":29,"column":53}},{"start":{"line":29,"column":57},"end":{"line":29,"column":70}}],"line":29}},"s":{"0":0,"1":0,"2":0,"3":0,"4":0,"5":0,"6":0,"7":0,"8":0,"9":0,"10":0,"11":0,"12":0,"13":0,"14":0,"15":0,"16":0,"17":0,"18":0,"19":0,"20":0,"21":0,"22":0,"23":0,"24":1},"f":{"0":0,"1":0,"2":0,"3":0,"4":0,"5":0,"6":0},"b":{"0":[0,0],"1":[0,0,0,0]},"_coverageSchema":"1a1c01bbd47fc00a2c39e90264f33305004495a9","hash":"c1393db47a868dacd4508b73a576001f700017d4"}
,"C:\\Users\\Jankauskas\\Desktop\\unikas\\scango\\ScanAndGo\\src\\screens\\ResetPasswordScreen.js": {"path":"C:\\Users\\Jankauskas\\Desktop\\unikas\\scango\\ScanAndGo\\src\\screens\\ResetPasswordScreen.js","statementMap":{"0":{"start":{"line":11,"column":28},"end":{"line":11,"column":62}},"1":{"start":{"line":13,"column":33},"end":{"line":20,"column":3}},"2":{"start":{"line":14,"column":23},"end":{"line":14,"column":50}},"3":{"start":{"line":15,"column":4},"end":{"line":18,"column":5}},"4":{"start":{"line":16,"column":6},"end":{"line":16,"column":47}},"5":{"start":{"line":17,"column":6},"end":{"line":17,"column":12}},"6":{"start":{"line":19,"column":4},"end":{"line":19,"column":38}},"7":{"start":{"line":22,"column":2},"end":{"line":48,"column":3}},"8":{"start":{"line":31,"column":32},"end":{"line":31,"column":68}}},"fnMap":{"0":{"name":"ResetPasswordScreen","decl":{"start":{"line":10,"column":24},"end":{"line":10,"column":43}},"loc":{"start":{"line":10,"column":60},"end":{"line":49,"column":1}},"line":10},"1":{"name":"(anonymous_1)","decl":{"start":{"line":13,"column":33},"end":{"line":13,"column":34}},"loc":{"start":{"line":13,"column":39},"end":{"line":20,"column":3}},"line":13},"2":{"name":"(anonymous_2)","decl":{"start":{"line":31,"column":22},"end":{"line":31,"column":23}},"loc":{"start":{"line":31,"column":32},"end":{"line":31,"column":68}},"line":31}},"branchMap":{"0":{"loc":{"start":{"line":15,"column":4},"end":{"line":18,"column":5}},"type":"if","locations":[{"start":{"line":15,"column":4},"end":{"line":18,"column":5}},{"start":{},"end":{}}],"line":15}},"s":{"0":0,"1":0,"2":0,"3":0,"4":0,"5":0,"6":0,"7":0,"8":0},"f":{"0":0,"1":0,"2":0},"b":{"0":[0,0]},"_coverageSchema":"1a1c01bbd47fc00a2c39e90264f33305004495a9","hash":"8692af45e012a2eb1a5d3a7c9c48014675bea770"}
,"C:\\Users\\Jankauskas\\Desktop\\unikas\\scango\\ScanAndGo\\src\\screens\\ShoppingListsScreen.js": {"path":"C:\\Users\\Jankauskas\\Desktop\\unikas\\scango\\ScanAndGo\\src\\screens\\ShoppingListsScreen.js","statementMap":{"0":{"start":{"line":15,"column":23},"end":{"line":15,"column":38}},"1":{"start":{"line":16,"column":36},"end":{"line":16,"column":48}},"2":{"start":{"line":17,"column":44},"end":{"line":17,"column":59}},"3":{"start":{"line":18,"column":62},"end":{"line":18,"column":77}},"4":{"start":{"line":19,"column":36},"end":{"line":19,"column":50}},"5":{"start":{"line":20,"column":44},"end":{"line":20,"column":58}},"6":{"start":{"line":21,"column":19},"end":{"line":21,"column":33}},"7":{"start":{"line":22,"column":50},"end":{"line":22,"column":64}},"8":{"start":{"line":24,"column":4},"end":{"line":42,"column":17}},"9":{"start":{"line":25,"column":8},"end":{"line":25,"column":36}},"10":{"start":{"line":26,"column":26},"end":{"line":40,"column":9}},"11":{"start":{"line":27,"column":29},"end":{"line":31,"column":14}},"12":{"start":{"line":28,"column":33},"end":{"line":28,"column":123}},"13":{"start":{"line":29,"column":29},"end":{"line":29,"column":50}},"14":{"start":{"line":30,"column":16},"end":{"line":30,"column":65}},"15":{"start":{"line":32,"column":28},"end":{"line":32,"column":55}},"16":{"start":{"line":33,"column":12},"end":{"line":33,"column":44}},"17":{"start":{"line":34,"column":12},"end":{"line":39,"column":15}},"18":{"start":{"line":35,"column":16},"end":{"line":38,"column":20}},"19":{"start":{"line":35,"column":49},"end":{"line":38,"column":17}},"20":{"start":{"line":41,"column":8},"end":{"line":41,"column":20}},"21":{"start":{"line":43,"column":31},"end":{"line":47,"column":5}},"22":{"start":{"line":44,"column":8},"end":{"line":46,"column":53}},"23":{"start":{"line":45,"column":32},"end":{"line":45,"column":47}},"24":{"start":{"line":46,"column":30},"end":{"line":46,"column":50}},"25":{"start":{"line":48,"column":26},"end":{"line":54,"column":5}},"26":{"start":{"line":49,"column":8},"end":{"line":53,"column":46}},"27":{"start":{"line":50,"column":32},"end":{"line":50,"column":47}},"28":{"start":{"line":51,"column":28},"end":{"line":51,"column":45}},"29":{"start":{"line":52,"column":30},"end":{"line":52,"column":50}},"30":{"start":{"line":53,"column":27},"end":{"line":53,"column":44}},"31":{"start":{"line":56,"column":4},"end":{"line":58,"column":11}},"32":{"start":{"line":57,"column":8},"end":{"line":57,"column":24}},"33":{"start":{"line":60,"column":4},"end":{"line":66,"column":21}},"34":{"start":{"line":61,"column":28},"end":{"line":63,"column":10}},"35":{"start":{"line":62,"column":12},"end":{"line":62,"column":28}},"36":{"start":{"line":65,"column":8},"end":{"line":65,"column":27}},"37":{"start":{"line":68,"column":20},"end":{"line":72,"column":5}},"38":{"start":{"line":69,"column":8},"end":{"line":69,"column":31}},"39":{"start":{"line":70,"column":8},"end":{"line":70,"column":30}},"40":{"start":{"line":71,"column":8},"end":{"line":71,"column":24}},"41":{"start":{"line":74,"column":34},"end":{"line":76,"column":5}},"42":{"start":{"line":75,"column":8},"end":{"line":75,"column":40}},"43":{"start":{"line":77,"column":27},"end":{"line":92,"column":5}},"44":{"start":{"line":78,"column":8},"end":{"line":91,"column":9}},"45":{"start":{"line":79,"column":29},"end":{"line":88,"column":14}},"46":{"start":{"line":89,"column":25},"end":{"line":89,"column":46}},"47":{"start":{"line":93,"column":22},"end":{"line":102,"column":5}},"48":{"start":{"line":94,"column":8},"end":{"line":94,"column":31}},"49":{"start":{"line":96,"column":8},"end":{"line":96,"column":24}},"50":{"start":{"line":99,"column":8},"end":{"line":99,"column":31}},"51":{"start":{"line":100,"column":8},"end":{"line":100,"column":30}},"52":{"start":{"line":105,"column":28},"end":{"line":141,"column":5}},"53":{"start":{"line":106,"column":25},"end":{"line":106,"column":49}},"54":{"start":{"line":107,"column":8},"end":{"line":140,"column":25}},"55":{"start":{"line":123,"column":16},"end":{"line":123,"column":48}},"56":{"start":{"line":124,"column":16},"end":{"line":130,"column":18}},"57":{"start":{"line":142,"column":23},"end":{"line":168,"column":5}},"58":{"start":{"line":143,"column":8},"end":{"line":167,"column":10}},"59":{"start":{"line":154,"column":20},"end":{"line":154,"column":42}},"60":{"start":{"line":155,"column":20},"end":{"line":155,"column":42}},"61":{"start":{"line":169,"column":4},"end":{"line":231,"column":5}},"62":{"start":{"line":204,"column":28},"end":{"line":204,"column":59}},"63":{"start":{"line":212,"column":50},"end":{"line":212,"column":57}},"64":{"start":{"line":222,"column":38},"end":{"line":222,"column":45}},"65":{"start":{"line":226,"column":78},"end":{"line":226,"column":108}},"66":{"start":{"line":233,"column":15},"end":{"line":313,"column":2}}},"fnMap":{"0":{"name":"ShoppingListsScreen","decl":{"start":{"line":14,"column":24},"end":{"line":14,"column":43}},"loc":{"start":{"line":14,"column":58},"end":{"line":232,"column":1}},"line":14},"1":{"name":"(anonymous_1)","decl":{"start":{"line":24,"column":14},"end":{"line":24,"column":15}},"loc":{"start":{"line":24,"column":20},"end":{"line":42,"column":5}},"line":24},"2":{"name":"(anonymous_2)","decl":{"start":{"line":26,"column":26},"end":{"line":26,"column":27}},"loc":{"start":{"line":26,"column":38},"end":{"line":40,"column":9}},"line":26},"3":{"name":"(anonymous_3)","decl":{"start":{"line":27,"column":40},"end":{"line":27,"column":41}},"loc":{"start":{"line":27,"column":57},"end":{"line":31,"column":13}},"line":27},"4":{"name":"(anonymous_4)","decl":{"start":{"line":34,"column":28},"end":{"line":34,"column":29}},"loc":{"start":{"line":34,"column":38},"end":{"line":39,"column":13}},"line":34},"5":{"name":"(anonymous_5)","decl":{"start":{"line":35,"column":35},"end":{"line":35,"column":36}},"loc":{"start":{"line":35,"column":49},"end":{"line":38,"column":17}},"line":35},"6":{"name":"(anonymous_6)","decl":{"start":{"line":43,"column":31},"end":{"line":43,"column":32}},"loc":{"start":{"line":43,"column":44},"end":{"line":47,"column":5}},"line":43},"7":{"name":"(anonymous_7)","decl":{"start":{"line":45,"column":18},"end":{"line":45,"column":19}},"loc":{"start":{"line":45,"column":32},"end":{"line":45,"column":47}},"line":45},"8":{"name":"(anonymous_8)","decl":{"start":{"line":46,"column":18},"end":{"line":46,"column":19}},"loc":{"start":{"line":46,"column":28},"end":{"line":46,"column":52}},"line":46},"9":{"name":"(anonymous_9)","decl":{"start":{"line":48,"column":26},"end":{"line":48,"column":27}},"loc":{"start":{"line":48,"column":32},"end":{"line":54,"column":5}},"line":48},"10":{"name":"(anonymous_10)","decl":{"start":{"line":50,"column":18},"end":{"line":50,"column":19}},"loc":{"start":{"line":50,"column":32},"end":{"line":50,"column":47}},"line":50},"11":{"name":"(anonymous_11)","decl":{"start":{"line":51,"column":18},"end":{"line":51,"column":19}},"loc":{"start":{"line":51,"column":28},"end":{"line":51,"column":45}},"line":51},"12":{"name":"(anonymous_12)","decl":{"start":{"line":52,"column":19},"end":{"line":52,"column":20}},"loc":{"start":{"line":52,"column":30},"end":{"line":52,"column":50}},"line":52},"13":{"name":"(anonymous_13)","decl":{"start":{"line":53,"column":21},"end":{"line":53,"column":22}},"loc":{"start":{"line":53,"column":27},"end":{"line":53,"column":44}},"line":53},"14":{"name":"(anonymous_14)","decl":{"start":{"line":56,"column":14},"end":{"line":56,"column":15}},"loc":{"start":{"line":56,"column":20},"end":{"line":58,"column":5}},"line":56},"15":{"name":"(anonymous_15)","decl":{"start":{"line":60,"column":14},"end":{"line":60,"column":15}},"loc":{"start":{"line":60,"column":20},"end":{"line":66,"column":5}},"line":60},"16":{"name":"(anonymous_16)","decl":{"start":{"line":61,"column":60},"end":{"line":61,"column":61}},"loc":{"start":{"line":61,"column":66},"end":{"line":63,"column":9}},"line":61},"17":{"name":"(anonymous_17)","decl":{"start":{"line":68,"column":20},"end":{"line":68,"column":21}},"loc":{"start":{"line":68,"column":26},"end":{"line":72,"column":5}},"line":68},"18":{"name":"(anonymous_18)","decl":{"start":{"line":74,"column":34},"end":{"line":74,"column":35}},"loc":{"start":{"line":74,"column":40},"end":{"line":76,"column":5}},"line":74},"19":{"name":"(anonymous_19)","decl":{"start":{"line":77,"column":27},"end":{"line":77,"column":28}},"loc":{"start":{"line":77,"column":39},"end":{"line":92,"column":5}},"line":77},"20":{"name":"(anonymous_20)","decl":{"start":{"line":93,"column":22},"end":{"line":93,"column":23}},"loc":{"start":{"line":93,"column":34},"end":{"line":102,"column":5}},"line":93},"21":{"name":"(anonymous_21)","decl":{"start":{"line":105,"column":28},"end":{"line":105,"column":29}},"loc":{"start":{"line":105,"column":42},"end":{"line":141,"column":5}},"line":105},"22":{"name":"(anonymous_22)","decl":{"start":{"line":122,"column":67},"end":{"line":122,"column":68}},"loc":{"start":{"line":122,"column":73},"end":{"line":131,"column":13}},"line":122},"23":{"name":"(anonymous_23)","decl":{"start":{"line":142,"column":23},"end":{"line":142,"column":24}},"loc":{"start":{"line":142,"column":37},"end":{"line":168,"column":5}},"line":142},"24":{"name":"(anonymous_24)","decl":{"start":{"line":153,"column":71},"end":{"line":153,"column":72}},"loc":{"start":{"line":153,"column":77},"end":{"line":157,"column":17}},"line":153},"25":{"name":"(anonymous_25)","decl":{"start":{"line":203,"column":78},"end":{"line":203,"column":79}},"loc":{"start":{"line":204,"column":28},"end":{"line":204,"column":59}},"line":204},"26":{"name":"(anonymous_26)","decl":{"start":{"line":212,"column":42},"end":{"line":212,"column":43}},"loc":{"start":{"line":212,"column":50},"end":{"line":212,"column":57}},"line":212},"27":{"name":"(anonymous_27)","decl":{"start":{"line":222,"column":30},"end":{"line":222,"column":31}},"loc":{"start":{"line":222,"column":38},"end":{"line":222,"column":45}},"line":222},"28":{"name":"(anonymous_28)","decl":{"start":{"line":226,"column":72},"end":{"line":226,"column":73}},"loc":{"start":{"line":226,"column":78},"end":{"line":226,"column":108}},"line":226}},"branchMap":{"0":{"loc":{"start":{"line":115,"column":27},"end":{"line":117,"column":35}},"type":"cond-expr","locations":[{"start":{"line":115,"column":44},"end":{"line":115,"column":49}},{"start":{"line":116,"column":24},"end":{"line":117,"column":35}}],"line":115},"1":{"loc":{"start":{"line":116,"column":24},"end":{"line":117,"column":35}},"type":"cond-expr","locations":[{"start":{"line":116,"column":53},"end":{"line":116,"column":61}},{"start":{"line":117,"column":28},"end":{"line":117,"column":35}}],"line":116}},"s":{"0":0,"1":0,"2":0,"3":0,"4":0,"5":0,"6":0,"7":0,"8":0,"9":0,"10":0,"11":0,"12":0,"13":0,"14":0,"15":0,"16":0,"17":0,"18":0,"19":0,"20":0,"21":0,"22":0,"23":0,"24":0,"25":0,"26":0,"27":0,"28":0,"29":0,"30":0,"31":0,"32":0,"33":0,"34":0,"35":0,"36":0,"37":0,"38":0,"39":0,"40":0,"41":0,"42":0,"43":0,"44":0,"45":0,"46":0,"47":0,"48":0,"49":0,"50":0,"51":0,"52":0,"53":0,"54":0,"55":0,"56":0,"57":0,"58":0,"59":0,"60":0,"61":0,"62":0,"63":0,"64":0,"65":0,"66":1},"f":{"0":0,"1":0,"2":0,"3":0,"4":0,"5":0,"6":0,"7":0,"8":0,"9":0,"10":0,"11":0,"12":0,"13":0,"14":0,"15":0,"16":0,"17":0,"18":0,"19":0,"20":0,"21":0,"22":0,"23":0,"24":0,"25":0,"26":0,"27":0,"28":0},"b":{"0":[0,0],"1":[0,0]},"_coverageSchema":"1a1c01bbd47fc00a2c39e90264f33305004495a9","hash":"5ac3924b234dbfb4ca0dc78f04ef516dcc7dc621"}
,"C:\\Users\\Jankauskas\\Desktop\\unikas\\scango\\ScanAndGo\\src\\screens\\StartScreen.js": {"path":"C:\\Users\\Jankauskas\\Desktop\\unikas\\scango\\ScanAndGo\\src\\screens\\StartScreen.js","statementMap":{"0":{"start":{"line":9,"column":2},"end":{"line":25,"column":3}},"1":{"start":{"line":14,"column":23},"end":{"line":14,"column":57}},"2":{"start":{"line":20,"column":23},"end":{"line":20,"column":60}}},"fnMap":{"0":{"name":"StartScreen","decl":{"start":{"line":8,"column":24},"end":{"line":8,"column":35}},"loc":{"start":{"line":8,"column":52},"end":{"line":26,"column":1}},"line":8},"1":{"name":"(anonymous_1)","decl":{"start":{"line":14,"column":17},"end":{"line":14,"column":18}},"loc":{"start":{"line":14,"column":23},"end":{"line":14,"column":57}},"line":14},"2":{"name":"(anonymous_2)","decl":{"start":{"line":20,"column":17},"end":{"line":20,"column":18}},"loc":{"start":{"line":20,"column":23},"end":{"line":20,"column":60}},"line":20}},"branchMap":{},"s":{"0":1,"1":0,"2":0},"f":{"0":1,"1":0,"2":0},"b":{},"_coverageSchema":"1a1c01bbd47fc00a2c39e90264f33305004495a9","hash":"d57e4db014c2bcd375688ce5c08b016c2b778b73"}
,"C:\\Users\\Jankauskas\\Desktop\\unikas\\scango\\ScanAndGo\\src\\screens\\index.js": {"path":"C:\\Users\\Jankauskas\\Desktop\\unikas\\scango\\ScanAndGo\\src\\screens\\index.js","statementMap":{},"fnMap":{},"branchMap":{},"s":{},"f":{},"b":{},"_coverageSchema":"1a1c01bbd47fc00a2c39e90264f33305004495a9","hash":"b07a966d0875c05539c063eb2f7d8700e063ca1d"}
}
