TN:
SF:App.js
FN:19,App
FN:23,(anonymous_1)
FN:39,(anonymous_2)
FN:43,(anonymous_3)
FNF:4
FNH:1
FNDA:1,App
FNDA:0,(anonymous_1)
FNDA:0,(anonymous_2)
FNDA:0,(anonymous_3)
DA:17,1
DA:20,1
DA:23,1
DA:24,0
DA:26,1
DA:39,0
DA:43,0
LF:7
LH:4
BRF:0
BRH:0
end_of_record
TN:
SF:src\assets\Logo cropped.png
FNF:0
FNH:0
DA:1,1
LF:1
LH:1
BRF:0
BRH:0
end_of_record
TN:
SF:src\assets\arrow_back.png
FNF:0
FNH:0
DA:1,1
LF:1
LH:1
BRF:0
BRH:0
end_of_record
TN:
SF:src\assets\background_dot.png
FNF:0
FNH:0
DA:1,1
LF:1
LH:1
BRF:0
BRH:0
end_of_record
TN:
SF:src\components\BackButton.js
FN:5,BackButton
FNF:1
FNH:1
FNDA:1,BackButton
DA:6,1
DA:16,2
LF:2
LH:2
BRF:0
BRH:0
end_of_record
TN:
SF:src\components\Background.js
FN:5,Background
FNF:1
FNH:1
FNDA:1,Background
DA:6,1
DA:19,2
LF:2
LH:2
BRF:0
BRH:0
end_of_record
TN:
SF:src\components\Button.js
FN:6,Button
FNF:1
FNH:1
FNDA:3,Button
DA:7,3
DA:21,3
LF:2
LH:2
BRDA:11,0,0,3
BRDA:11,0,1,1
BRF:2
BRH:2
end_of_record
TN:
SF:src\components\Header.js
FN:6,Header
FNF:1
FNH:0
FNDA:0,Header
DA:7,0
DA:10,1
LF:2
LH:1
BRF:0
BRH:0
end_of_record
TN:
SF:src\components\Logo.js
FN:4,Logo
FNF:1
FNH:1
FNDA:1,Logo
DA:5,1
DA:8,1
LF:2
LH:2
BRF:0
BRH:0
end_of_record
TN:
SF:src\components\NavBar.js
FN:25,MyTabs
FN:30,(anonymous_1)
FN:31,(anonymous_2)
FN:51,(anonymous_3)
FN:54,(anonymous_4)
FN:57,(anonymous_5)
FNF:6
FNH:0
FNDA:0,MyTabs
FNDA:0,(anonymous_1)
FNDA:0,(anonymous_2)
FNDA:0,(anonymous_3)
FNDA:0,(anonymous_4)
FNDA:0,(anonymous_5)
DA:12,1
DA:14,1
DA:15,1
DA:16,1
DA:18,1
DA:19,1
DA:20,1
DA:21,1
DA:22,1
DA:23,1
DA:26,0
DA:27,0
DA:30,0
DA:33,0
DA:36,0
DA:37,0
DA:38,0
DA:39,0
DA:40,0
DA:41,0
DA:44,0
DA:51,0
DA:54,0
DA:57,0
LF:24
LH:10
BRDA:36,0,0,0
BRDA:36,0,1,0
BRDA:37,1,0,0
BRDA:37,1,1,0
BRDA:38,2,0,0
BRDA:38,2,1,0
BRDA:39,3,0,0
BRDA:39,3,1,0
BRDA:40,4,0,0
BRDA:40,4,1,0
BRDA:41,5,0,0
BRDA:41,5,1,0
BRF:12
BRH:0
end_of_record
TN:
SF:src\components\Paragraph.js
FN:5,Paragraph
FNF:1
FNH:0
FNDA:0,Paragraph
DA:6,0
DA:9,1
LF:2
LH:1
BRF:0
BRH:0
end_of_record
TN:
SF:src\components\ShelfButton.js
FN:5,(anonymous_0)
FN:27,(anonymous_1)
FNF:2
FNH:0
FNDA:0,(anonymous_0)
FNDA:0,(anonymous_1)
DA:5,1
DA:6,0
DA:8,0
DA:18,0
DA:27,0
LF:5
LH:1
BRF:0
BRH:0
end_of_record
TN:
SF:src\components\TextInput.js
FN:6,TextInput
FNF:1
FNH:0
FNDA:0,TextInput
DA:7,0
DA:24,1
LF:2
LH:1
BRDA:16,0,0,0
BRDA:16,0,1,0
BRDA:16,1,0,0
BRDA:16,1,1,0
BRDA:19,2,0,0
BRDA:19,2,1,0
BRF:6
BRH:0
end_of_record
TN:
SF:src\const\base_url.js
FN:1,BaseUrl
FNF:1
FNH:0
FNDA:0,BaseUrl
DA:2,0
LF:1
LH:0
BRF:0
BRH:0
end_of_record
TN:
SF:src\core\theme.js
FNF:0
FNH:0
DA:3,3
LF:1
LH:1
BRF:0
BRH:0
end_of_record
TN:
SF:src\helpers\addToList.js
FN:3,addItemToList
FN:4,(anonymous_1)
FNF:2
FNH:0
FNDA:0,addItemToList
FNDA:0,(anonymous_1)
DA:4,0
DA:5,0
DA:6,0
DA:7,0
DA:15,0
DA:16,0
DA:19,0
DA:21,0
DA:24,0
LF:9
LH:0
BRF:0
BRH:0
end_of_record
TN:
SF:src\helpers\emailValidator.js
FN:1,emailValidator
FNF:1
FNH:1
FNDA:2,emailValidator
DA:2,2
DA:3,2
DA:4,2
DA:5,1
LF:4
LH:4
BRDA:3,0,0,0
BRDA:3,0,1,2
BRDA:4,1,0,1
BRDA:4,1,1,1
BRF:4
BRH:3
end_of_record
TN:
SF:src\helpers\getShelves.js
FN:4,(anonymous_0)
FN:8,(anonymous_1)
FN:9,(anonymous_2)
FNF:3
FNH:0
FNDA:0,(anonymous_0)
FNDA:0,(anonymous_1)
FNDA:0,(anonymous_2)
DA:4,1
DA:5,0
DA:6,0
DA:7,0
DA:8,0
DA:9,0
DA:10,0
DA:13,0
DA:14,0
DA:16,0
DA:17,0
DA:20,0
LF:12
LH:1
BRDA:16,0,0,0
BRDA:16,0,1,0
BRF:2
BRH:0
end_of_record
TN:
SF:src\helpers\getStores.js
FN:4,(anonymous_0)
FN:6,(anonymous_1)
FN:7,(anonymous_2)
FNF:3
FNH:0
FNDA:0,(anonymous_0)
FNDA:0,(anonymous_1)
FNDA:0,(anonymous_2)
DA:4,1
DA:5,0
DA:6,0
DA:7,0
DA:8,0
DA:14,0
DA:16,0
DA:18,0
DA:21,0
LF:9
LH:1
BRF:0
BRH:0
end_of_record
TN:
SF:src\helpers\loginValidator.js
FN:4,(anonymous_0)
FN:6,(anonymous_1)
FN:7,(anonymous_2)
FNF:3
FNH:0
FNDA:0,(anonymous_0)
FNDA:0,(anonymous_1)
FNDA:0,(anonymous_2)
DA:4,1
DA:5,0
DA:6,0
DA:7,0
DA:8,0
DA:15,0
DA:17,0
DA:19,0
DA:22,0
LF:9
LH:1
BRF:0
BRH:0
end_of_record
TN:
SF:src\helpers\nameValidator.js
FN:1,nameValidator
FNF:1
FNH:0
FNDA:0,nameValidator
DA:2,0
DA:3,0
LF:2
LH:0
BRDA:2,0,0,0
BRDA:2,0,1,0
BRF:2
BRH:0
end_of_record
TN:
SF:src\helpers\passwordValidator.js
FN:1,passwordValidator
FNF:1
FNH:0
FNDA:0,passwordValidator
DA:2,0
DA:3,0
DA:4,0
LF:3
LH:0
BRDA:2,0,0,0
BRDA:2,0,1,0
BRDA:3,1,0,0
BRDA:3,1,1,0
BRF:4
BRH:0
end_of_record
TN:
SF:src\screens\Dashboard.js
FN:9,Dashboard
FNF:1
FNH:0
FNDA:0,Dashboard
DA:10,0
LF:1
LH:0
BRF:0
BRH:0
end_of_record
TN:
SF:src\screens\LoginScreen.js
FN:15,LoginScreen
FN:24,(anonymous_1)
FN:56,(anonymous_2)
FN:68,(anonymous_3)
FN:75,(anonymous_4)
FN:85,(anonymous_5)
FNF:6
FNH:0
FNDA:0,LoginScreen
FNDA:0,(anonymous_1)
FNDA:0,(anonymous_2)
FNDA:0,(anonymous_3)
FNDA:0,(anonymous_4)
FNDA:0,(anonymous_5)
DA:17,0
DA:18,0
DA:20,0
DA:24,0
DA:25,0
DA:26,0
DA:27,0
DA:28,0
DA:29,0
DA:30,0
DA:32,0
DA:33,0
DA:34,0
DA:35,0
DA:36,0
DA:41,0
DA:42,0
DA:46,0
DA:56,0
DA:68,0
DA:75,0
DA:85,0
DA:93,1
LF:23
LH:1
BRDA:27,0,0,0
BRDA:27,0,1,0
BRDA:27,1,0,0
BRDA:27,1,1,0
BRDA:34,2,0,0
BRDA:34,2,1,0
BRDA:34,3,0,0
BRDA:34,3,1,0
BRF:8
BRH:0
end_of_record
TN:
SF:src\screens\MapScreen.js
FN:16,MapScreen
FN:36,(anonymous_1)
FN:47,(anonymous_2)
FN:51,(anonymous_3)
FN:52,(anonymous_4)
FN:60,(anonymous_5)
FN:63,(anonymous_6)
FN:70,(anonymous_7)
FN:87,(anonymous_8)
FN:95,(anonymous_9)
FN:102,(anonymous_10)
FN:109,(anonymous_11)
FN:121,onListItemClick
FN:126,(anonymous_13)
FN:127,(anonymous_14)
FN:132,(anonymous_15)
FN:145,(anonymous_16)
FN:147,(anonymous_17)
FN:156,(anonymous_18)
FN:171,(anonymous_19)
FN:179,(anonymous_20)
FN:203,(anonymous_21)
FN:204,(anonymous_22)
FN:216,(anonymous_23)
FN:241,(anonymous_24)
FNF:25
FNH:0
FNDA:0,MapScreen
FNDA:0,(anonymous_1)
FNDA:0,(anonymous_2)
FNDA:0,(anonymous_3)
FNDA:0,(anonymous_4)
FNDA:0,(anonymous_5)
FNDA:0,(anonymous_6)
FNDA:0,(anonymous_7)
FNDA:0,(anonymous_8)
FNDA:0,(anonymous_9)
FNDA:0,(anonymous_10)
FNDA:0,(anonymous_11)
FNDA:0,onListItemClick
FNDA:0,(anonymous_13)
FNDA:0,(anonymous_14)
FNDA:0,(anonymous_15)
FNDA:0,(anonymous_16)
FNDA:0,(anonymous_17)
FNDA:0,(anonymous_18)
FNDA:0,(anonymous_19)
FNDA:0,(anonymous_20)
FNDA:0,(anonymous_21)
FNDA:0,(anonymous_22)
FNDA:0,(anonymous_23)
FNDA:0,(anonymous_24)
DA:17,0
DA:19,0
DA:20,0
DA:22,0
DA:23,0
DA:24,0
DA:25,0
DA:26,0
DA:27,0
DA:29,0
DA:30,0
DA:31,0
DA:32,0
DA:33,0
DA:35,0
DA:36,0
DA:37,0
DA:38,0
DA:39,0
DA:40,0
DA:41,0
DA:43,0
DA:47,0
DA:48,0
DA:51,0
DA:52,0
DA:54,0
DA:55,0
DA:58,0
DA:59,0
DA:60,0
DA:61,0
DA:63,0
DA:64,0
DA:68,0
DA:70,0
DA:71,0
DA:72,0
DA:75,0
DA:76,0
DA:77,0
DA:79,0
DA:80,0
DA:81,0
DA:82,0
DA:87,0
DA:89,0
DA:90,0
DA:92,0
DA:95,0
DA:96,0
DA:97,0
DA:99,0
DA:102,0
DA:103,0
DA:104,0
DA:105,0
DA:106,0
DA:107,0
DA:109,0
DA:111,0
DA:114,0
DA:115,0
DA:116,0
DA:118,0
DA:122,0
DA:123,0
DA:124,0
DA:126,0
DA:128,0
DA:129,0
DA:130,0
DA:132,0
DA:134,0
DA:135,0
DA:136,0
DA:137,0
DA:139,0
DA:140,0
DA:145,0
DA:147,0
DA:148,0
DA:149,0
DA:157,0
DA:166,0
DA:172,0
DA:173,0
DA:180,0
DA:204,0
DA:205,0
DA:206,0
DA:217,0
DA:241,0
DA:250,1
DA:321,1
DA:338,1
LF:96
LH:3
BRDA:37,0,0,0
BRDA:37,0,1,0
BRDA:79,1,0,0
BRDA:79,1,1,0
BRDA:103,2,0,0
BRDA:103,2,1,0
BRDA:128,3,0,0
BRDA:128,3,1,0
BRDA:136,4,0,0
BRDA:136,4,1,0
BRDA:172,5,0,0
BRDA:172,5,1,0
BRDA:195,6,0,0
BRDA:195,6,1,0
BRDA:203,7,0,0
BRDA:203,7,1,0
BRDA:215,8,0,0
BRDA:215,8,1,0
BRDA:238,9,0,0
BRDA:238,9,1,0
BRF:20
BRH:0
end_of_record
TN:
SF:src\screens\ProductsScreen.js
FN:11,(anonymous_0)
FN:29,(anonymous_1)
FN:39,(anonymous_2)
FN:42,(anonymous_3)
FN:49,(anonymous_4)
FN:54,(anonymous_5)
FN:57,(anonymous_6)
FN:58,(anonymous_7)
FN:59,(anonymous_8)
FN:69,(anonymous_9)
FN:70,(anonymous_10)
FN:82,(anonymous_11)
FN:87,(anonymous_12)
FN:108,(anonymous_13)
FN:109,(anonymous_14)
FN:113,(anonymous_15)
FN:118,(anonymous_16)
FN:152,(anonymous_17)
FN:160,(anonymous_18)
FN:193,(anonymous_19)
FNF:20
FNH:1
FNDA:2,(anonymous_0)
FNDA:0,(anonymous_1)
FNDA:0,(anonymous_2)
FNDA:0,(anonymous_3)
FNDA:0,(anonymous_4)
FNDA:0,(anonymous_5)
FNDA:0,(anonymous_6)
FNDA:0,(anonymous_7)
FNDA:0,(anonymous_8)
FNDA:0,(anonymous_9)
FNDA:0,(anonymous_10)
FNDA:0,(anonymous_11)
FNDA:0,(anonymous_12)
FNDA:0,(anonymous_13)
FNDA:0,(anonymous_14)
FNDA:0,(anonymous_15)
FNDA:0,(anonymous_16)
FNDA:0,(anonymous_17)
FNDA:0,(anonymous_18)
FNDA:0,(anonymous_19)
DA:11,2
DA:12,2
DA:14,2
DA:15,2
DA:16,2
DA:17,0
DA:19,2
DA:20,2
DA:22,0
DA:25,2
DA:29,2
DA:30,0
DA:31,0
DA:32,0
DA:33,0
DA:34,0
DA:35,0
DA:36,0
DA:37,0
DA:39,0
DA:40,0
DA:42,0
DA:43,0
DA:44,0
DA:45,0
DA:47,0
DA:48,0
DA:50,0
DA:51,0
DA:54,0
DA:57,0
DA:58,0
DA:59,0
DA:60,0
DA:67,0
DA:68,0
DA:69,0
DA:70,0
DA:75,0
DA:77,0
DA:79,0
DA:82,0
DA:83,0
DA:85,0
DA:88,0
DA:89,0
DA:90,0
DA:108,0
DA:109,0
DA:110,0
DA:113,0
DA:114,0
DA:115,0
DA:118,0
DA:119,0
DA:120,0
DA:121,0
DA:122,0
DA:124,0
DA:125,0
DA:129,0
DA:153,0
DA:161,0
DA:168,0
DA:193,0
DA:199,2
DA:234,2
LF:67
LH:11
BRDA:16,0,0,0
BRDA:16,0,1,2
BRDA:43,1,0,0
BRDA:43,1,1,0
BRDA:99,2,0,0
BRDA:99,2,1,0
BRDA:120,3,0,0
BRDA:120,3,1,0
BRDA:143,4,0,0
BRDA:143,4,1,0
BRDA:151,5,0,0
BRDA:151,5,1,0
BRF:12
BRH:1
end_of_record
TN:
SF:src\screens\RegisterScreen.js
FN:15,RegisterScreen
FN:22,(anonymous_1)
FN:48,(anonymous_2)
FN:56,(anonymous_3)
FN:64,(anonymous_4)
FN:76,(anonymous_5)
FN:90,(anonymous_6)
FNF:7
FNH:0
FNDA:0,RegisterScreen
FNDA:0,(anonymous_1)
FNDA:0,(anonymous_2)
FNDA:0,(anonymous_3)
FNDA:0,(anonymous_4)
FNDA:0,(anonymous_5)
FNDA:0,(anonymous_6)
DA:16,0
DA:17,0
DA:18,0
DA:19,0
DA:20,0
DA:22,0
DA:23,0
DA:24,0
DA:25,0
DA:26,0
DA:28,0
DA:29,0
DA:30,0
DA:31,0
DA:32,0
DA:33,0
DA:34,0
DA:36,0
DA:39,0
DA:48,0
DA:56,0
DA:64,0
DA:76,0
DA:90,0
DA:98,1
LF:25
LH:1
BRDA:29,0,0,0
BRDA:29,0,1,0
BRDA:29,1,0,0
BRDA:29,1,1,0
BRDA:29,1,2,0
BRDA:29,1,3,0
BRF:6
BRH:0
end_of_record
TN:
SF:src\screens\ResetPasswordScreen.js
FN:10,ResetPasswordScreen
FN:13,(anonymous_1)
FN:31,(anonymous_2)
FNF:3
FNH:0
FNDA:0,ResetPasswordScreen
FNDA:0,(anonymous_1)
FNDA:0,(anonymous_2)
DA:11,0
DA:13,0
DA:14,0
DA:15,0
DA:16,0
DA:17,0
DA:19,0
DA:22,0
DA:31,0
LF:9
LH:0
BRDA:15,0,0,0
BRDA:15,0,1,0
BRF:2
BRH:0
end_of_record
TN:
SF:src\screens\ShoppingListsScreen.js
FN:14,ShoppingListsScreen
FN:24,(anonymous_1)
FN:26,(anonymous_2)
FN:27,(anonymous_3)
FN:34,(anonymous_4)
FN:35,(anonymous_5)
FN:43,(anonymous_6)
FN:45,(anonymous_7)
FN:46,(anonymous_8)
FN:48,(anonymous_9)
FN:50,(anonymous_10)
FN:51,(anonymous_11)
FN:52,(anonymous_12)
FN:53,(anonymous_13)
FN:56,(anonymous_14)
FN:60,(anonymous_15)
FN:61,(anonymous_16)
FN:68,(anonymous_17)
FN:74,(anonymous_18)
FN:77,(anonymous_19)
FN:93,(anonymous_20)
FN:105,(anonymous_21)
FN:122,(anonymous_22)
FN:142,(anonymous_23)
FN:153,(anonymous_24)
FN:203,(anonymous_25)
FN:212,(anonymous_26)
FN:222,(anonymous_27)
FN:226,(anonymous_28)
FNF:29
FNH:0
FNDA:0,ShoppingListsScreen
FNDA:0,(anonymous_1)
FNDA:0,(anonymous_2)
FNDA:0,(anonymous_3)
FNDA:0,(anonymous_4)
FNDA:0,(anonymous_5)
FNDA:0,(anonymous_6)
FNDA:0,(anonymous_7)
FNDA:0,(anonymous_8)
FNDA:0,(anonymous_9)
FNDA:0,(anonymous_10)
FNDA:0,(anonymous_11)
FNDA:0,(anonymous_12)
FNDA:0,(anonymous_13)
FNDA:0,(anonymous_14)
FNDA:0,(anonymous_15)
FNDA:0,(anonymous_16)
FNDA:0,(anonymous_17)
FNDA:0,(anonymous_18)
FNDA:0,(anonymous_19)
FNDA:0,(anonymous_20)
FNDA:0,(anonymous_21)
FNDA:0,(anonymous_22)
FNDA:0,(anonymous_23)
FNDA:0,(anonymous_24)
FNDA:0,(anonymous_25)
FNDA:0,(anonymous_26)
FNDA:0,(anonymous_27)
FNDA:0,(anonymous_28)
DA:15,0
DA:16,0
DA:17,0
DA:18,0
DA:19,0
DA:20,0
DA:21,0
DA:22,0
DA:24,0
DA:25,0
DA:26,0
DA:27,0
DA:28,0
DA:29,0
DA:30,0
DA:32,0
DA:33,0
DA:34,0
DA:35,0
DA:41,0
DA:43,0
DA:44,0
DA:45,0
DA:46,0
DA:48,0
DA:49,0
DA:50,0
DA:51,0
DA:52,0
DA:53,0
DA:56,0
DA:57,0
DA:60,0
DA:61,0
DA:62,0
DA:65,0
DA:68,0
DA:69,0
DA:70,0
DA:71,0
DA:74,0
DA:75,0
DA:77,0
DA:78,0
DA:79,0
DA:89,0
DA:93,0
DA:94,0
DA:96,0
DA:99,0
DA:100,0
DA:105,0
DA:106,0
DA:107,0
DA:123,0
DA:124,0
DA:142,0
DA:143,0
DA:154,0
DA:155,0
DA:169,0
DA:204,0
DA:212,0
DA:222,0
DA:226,0
DA:233,1
LF:66
LH:1
BRDA:115,0,0,0
BRDA:115,0,1,0
BRDA:116,1,0,0
BRDA:116,1,1,0
BRF:4
BRH:0
end_of_record
TN:
SF:src\screens\StartScreen.js
FN:8,StartScreen
FN:14,(anonymous_1)
FN:20,(anonymous_2)
FNF:3
FNH:1
FNDA:1,StartScreen
FNDA:0,(anonymous_1)
FNDA:0,(anonymous_2)
DA:9,1
DA:14,0
DA:20,0
LF:3
LH:1
BRF:0
BRH:0
end_of_record
TN:
SF:src\screens\index.js
FNF:0
FNH:0
LF:0
LH:0
BRF:0
BRH:0
end_of_record
